mode: set
_/../../../../../Users/corwin/Projects/pongo2/lexie/pbread/pbread.go:59.35,67.2 2 1
_/../../../../../Users/corwin/Projects/pongo2/lexie/pbread/pbread.go:70.44,73.43 3 1
_/../../../../../Users/corwin/Projects/pongo2/lexie/pbread/pbread.go:81.2,81.18 1 1
_/../../../../../Users/corwin/Projects/pongo2/lexie/pbread/pbread.go:73.43,76.73 3 1
_/../../../../../Users/corwin/Projects/pongo2/lexie/pbread/pbread.go:79.3,79.26 1 1
_/../../../../../Users/corwin/Projects/pongo2/lexie/pbread/pbread.go:76.73,78.4 1 1
_/../../../../../Users/corwin/Projects/pongo2/lexie/pbread/pbread.go:81.18,84.41 3 1
_/../../../../../Users/corwin/Projects/pongo2/lexie/pbread/pbread.go:87.3,87.26 1 1
_/../../../../../Users/corwin/Projects/pongo2/lexie/pbread/pbread.go:84.41,86.4 1 1
_/../../../../../Users/corwin/Projects/pongo2/lexie/pbread/pbread.go:93.55,109.16 8 1
_/../../../../../Users/corwin/Projects/pongo2/lexie/pbread/pbread.go:112.2,117.38 6 1
_/../../../../../Users/corwin/Projects/pongo2/lexie/pbread/pbread.go:122.2,122.12 1 1
_/../../../../../Users/corwin/Projects/pongo2/lexie/pbread/pbread.go:109.16,111.3 1 1
_/../../../../../Users/corwin/Projects/pongo2/lexie/pbread/pbread.go:117.38,120.3 2 1
_/../../../../../Users/corwin/Projects/pongo2/lexie/pbread/pbread.go:126.55,130.18 3 1
_/../../../../../Users/corwin/Projects/pongo2/lexie/pbread/pbread.go:153.2,153.8 1 1
_/../../../../../Users/corwin/Projects/pongo2/lexie/pbread/pbread.go:130.18,133.3 2 1
_/../../../../../Users/corwin/Projects/pongo2/lexie/pbread/pbread.go:133.3,133.34 1 1
_/../../../../../Users/corwin/Projects/pongo2/lexie/pbread/pbread.go:133.34,138.3 1 1
_/../../../../../Users/corwin/Projects/pongo2/lexie/pbread/pbread.go:138.3,138.114 1 1
_/../../../../../Users/corwin/Projects/pongo2/lexie/pbread/pbread.go:138.114,140.3 1 1
_/../../../../../Users/corwin/Projects/pongo2/lexie/pbread/pbread.go:140.3,140.113 1 1
_/../../../../../Users/corwin/Projects/pongo2/lexie/pbread/pbread.go:140.113,143.3 2 1
_/../../../../../Users/corwin/Projects/pongo2/lexie/pbread/pbread.go:143.3,146.17 3 1
_/../../../../../Users/corwin/Projects/pongo2/lexie/pbread/pbread.go:146.17,149.4 2 1
_/../../../../../Users/corwin/Projects/pongo2/lexie/pbread/pbread.go:149.4,151.4 1 1
_/../../../../../Users/corwin/Projects/pongo2/lexie/pbread/pbread.go:157.55,162.2 4 1
_/../../../../../Users/corwin/Projects/pongo2/lexie/pbread/pbread.go:165.44,167.13 2 1
_/../../../../../Users/corwin/Projects/pongo2/lexie/pbread/pbread.go:170.2,174.26 2 1
_/../../../../../Users/corwin/Projects/pongo2/lexie/pbread/pbread.go:187.2,187.45 1 1
_/../../../../../Users/corwin/Projects/pongo2/lexie/pbread/pbread.go:192.2,194.26 2 1
_/../../../../../Users/corwin/Projects/pongo2/lexie/pbread/pbread.go:167.13,169.3 1 1
_/../../../../../Users/corwin/Projects/pongo2/lexie/pbread/pbread.go:174.26,180.3 5 1
_/../../../../../Users/corwin/Projects/pongo2/lexie/pbread/pbread.go:180.3,186.3 5 1
_/../../../../../Users/corwin/Projects/pongo2/lexie/pbread/pbread.go:187.45,190.3 2 1
_/../../../../../Users/corwin/Projects/pongo2/lexie/pbread/pbread.go:194.26,196.3 1 1
_/../../../../../Users/corwin/Projects/pongo2/lexie/pbread/pbread.go:196.3,198.3 1 1
_/../../../../../Users/corwin/Projects/pongo2/lexie/pbread/pbread.go:202.39,205.25 2 1
_/../../../../../Users/corwin/Projects/pongo2/lexie/pbread/pbread.go:209.2,210.12 2 1
_/../../../../../Users/corwin/Projects/pongo2/lexie/pbread/pbread.go:205.25,207.3 1 1
_/../../../../../Users/corwin/Projects/pongo2/lexie/pbread/pbread.go:214.47,216.40 2 1
_/../../../../../Users/corwin/Projects/pongo2/lexie/pbread/pbread.go:216.40,218.3 1 1
_/../../../../../Users/corwin/Projects/pongo2/lexie/pbread/pbread.go:222.42,227.37 5 1
_/../../../../../Users/corwin/Projects/pongo2/lexie/pbread/pbread.go:231.2,231.21 1 1
_/../../../../../Users/corwin/Projects/pongo2/lexie/pbread/pbread.go:227.37,230.3 2 1
_/../../../../../Users/corwin/Projects/pongo2/lexie/pbread/pbread.go:235.45,240.37 5 1
_/../../../../../Users/corwin/Projects/pongo2/lexie/pbread/pbread.go:244.2,244.21 1 1
_/../../../../../Users/corwin/Projects/pongo2/lexie/pbread/pbread.go:240.37,243.3 2 1
_/../../../../../Users/corwin/Projects/pongo2/lexie/pbread/pbread.go:248.53,270.16 10 1
_/../../../../../Users/corwin/Projects/pongo2/lexie/pbread/pbread.go:273.2,278.38 6 1
_/../../../../../Users/corwin/Projects/pongo2/lexie/pbread/pbread.go:283.2,283.8 1 1
_/../../../../../Users/corwin/Projects/pongo2/lexie/pbread/pbread.go:270.16,272.3 1 1
_/../../../../../Users/corwin/Projects/pongo2/lexie/pbread/pbread.go:278.38,281.3 2 1
_/../../../../../Users/corwin/Projects/pongo2/lexie/pbread/pbread.go:287.48,290.41 3 1
_/../../../../../Users/corwin/Projects/pongo2/lexie/pbread/pbread.go:293.2,293.14 1 1
_/../../../../../Users/corwin/Projects/pongo2/lexie/pbread/pbread.go:290.41,292.3 1 1
_/../../../../../Users/corwin/Projects/pongo2/lexie/pbread/pbread.go:297.73,299.26 2 1
_/../../../../../Users/corwin/Projects/pongo2/lexie/pbread/pbread.go:310.2,310.8 1 1
_/../../../../../Users/corwin/Projects/pongo2/lexie/pbread/pbread.go:299.26,304.3 4 1
_/../../../../../Users/corwin/Projects/pongo2/lexie/pbread/pbread.go:304.3,309.3 4 1
_/../../../../../Users/corwin/Projects/pongo2/lexie/pbread/pbread.go:314.70,317.26 3 1
_/../../../../../Users/corwin/Projects/pongo2/lexie/pbread/pbread.go:322.2,322.8 1 1
_/../../../../../Users/corwin/Projects/pongo2/lexie/pbread/pbread.go:317.26,321.3 3 1
