mode: set
github.com/pschlump/lexie/dfa/dfa.go:76.34,83.2 1 1
github.com/pschlump/lexie/dfa/dfa.go:86.44,88.2 1 0
github.com/pschlump/lexie/dfa/dfa.go:92.39,95.52 2 1
github.com/pschlump/lexie/dfa/dfa.go:95.52,99.3 2 1
github.com/pschlump/lexie/dfa/dfa.go:99.8,99.53 1 1
github.com/pschlump/lexie/dfa/dfa.go:99.53,107.3 6 1
github.com/pschlump/lexie/dfa/dfa.go:107.8,111.3 2 0
github.com/pschlump/lexie/dfa/dfa.go:112.2,118.12 7 1
github.com/pschlump/lexie/dfa/dfa.go:123.42,129.2 5 0
github.com/pschlump/lexie/dfa/dfa.go:133.42,135.2 1 0
github.com/pschlump/lexie/dfa/dfa.go:138.40,143.2 4 0
github.com/pschlump/lexie/dfa/dfa.go:151.42,152.31 1 1
github.com/pschlump/lexie/dfa/dfa.go:152.31,153.16 1 1
github.com/pschlump/lexie/dfa/dfa.go:153.16,154.27 1 1
github.com/pschlump/lexie/dfa/dfa.go:154.27,155.76 1 1
github.com/pschlump/lexie/dfa/dfa.go:155.76,157.6 1 0
github.com/pschlump/lexie/dfa/dfa.go:158.5,158.77 1 1
github.com/pschlump/lexie/dfa/dfa.go:158.77,160.6 1 0
github.com/pschlump/lexie/dfa/dfa.go:161.5,161.78 1 1
github.com/pschlump/lexie/dfa/dfa.go:161.78,163.6 1 0
github.com/pschlump/lexie/dfa/dfa.go:164.5,164.129 1 1
github.com/pschlump/lexie/dfa/dfa.go:164.129,166.6 1 1
github.com/pschlump/lexie/dfa/dfa.go:167.5,167.137 1 1
github.com/pschlump/lexie/dfa/dfa.go:167.137,169.6 1 1
github.com/pschlump/lexie/dfa/dfa.go:195.45,196.9 1 1
github.com/pschlump/lexie/dfa/dfa.go:196.9,198.3 1 0
github.com/pschlump/lexie/dfa/dfa.go:199.2,202.34 4 1
github.com/pschlump/lexie/dfa/dfa.go:202.34,203.12 1 1
github.com/pschlump/lexie/dfa/dfa.go:203.12,206.4 2 0
github.com/pschlump/lexie/dfa/dfa.go:207.3,207.12 1 1
github.com/pschlump/lexie/dfa/dfa.go:209.2,212.31 4 1
github.com/pschlump/lexie/dfa/dfa.go:212.31,213.23 1 1
github.com/pschlump/lexie/dfa/dfa.go:213.23,216.17 3 1
github.com/pschlump/lexie/dfa/dfa.go:216.17,217.17 1 1
github.com/pschlump/lexie/dfa/dfa.go:217.17,219.6 1 1
github.com/pschlump/lexie/dfa/dfa.go:219.11,221.6 1 1
github.com/pschlump/lexie/dfa/dfa.go:222.10,224.5 1 1
github.com/pschlump/lexie/dfa/dfa.go:225.4,225.37 1 1
github.com/pschlump/lexie/dfa/dfa.go:225.37,227.33 2 1
github.com/pschlump/lexie/dfa/dfa.go:227.33,228.23 1 1
github.com/pschlump/lexie/dfa/dfa.go:228.23,230.7 1 0
github.com/pschlump/lexie/dfa/dfa.go:231.6,231.21 1 1
github.com/pschlump/lexie/dfa/dfa.go:231.21,233.7 1 0
github.com/pschlump/lexie/dfa/dfa.go:233.12,237.17 3 1
github.com/pschlump/lexie/dfa/dfa.go:238.21,239.25 1 1
github.com/pschlump/lexie/dfa/dfa.go:240.21,241.25 1 0
github.com/pschlump/lexie/dfa/dfa.go:242.21,243.25 1 1
github.com/pschlump/lexie/dfa/dfa.go:244.25,245.29 1 1
github.com/pschlump/lexie/dfa/dfa.go:246.23,247.27 1 1
github.com/pschlump/lexie/dfa/dfa.go:248.23,249.27 1 1
github.com/pschlump/lexie/dfa/dfa.go:250.23,251.27 1 0
github.com/pschlump/lexie/dfa/dfa.go:252.25,253.30 1 0
github.com/pschlump/lexie/dfa/dfa.go:254.21,255.25 1 0
github.com/pschlump/lexie/dfa/dfa.go:256.24,257.29 1 0
github.com/pschlump/lexie/dfa/dfa.go:258.23,259.27 1 0
github.com/pschlump/lexie/dfa/dfa.go:260.30,261.29 1 0
github.com/pschlump/lexie/dfa/dfa.go:263.7,263.84 1 1
github.com/pschlump/lexie/dfa/dfa.go:266.5,267.56 2 1
github.com/pschlump/lexie/dfa/dfa.go:267.56,273.6 2 1
github.com/pschlump/lexie/dfa/dfa.go:274.5,274.21 1 1
github.com/pschlump/lexie/dfa/dfa.go:281.58,283.34 2 0
github.com/pschlump/lexie/dfa/dfa.go:283.34,284.12 1 0
github.com/pschlump/lexie/dfa/dfa.go:284.12,287.4 2 0
github.com/pschlump/lexie/dfa/dfa.go:288.3,288.12 1 0
github.com/pschlump/lexie/dfa/dfa.go:290.2,294.15 5 0
github.com/pschlump/lexie/dfa/dfa.go:294.15,296.3 1 0
github.com/pschlump/lexie/dfa/dfa.go:296.8,298.3 1 0
github.com/pschlump/lexie/dfa/dfa.go:299.2,300.30 2 0
github.com/pschlump/lexie/dfa/dfa.go:300.30,301.18 1 0
github.com/pschlump/lexie/dfa/dfa.go:301.18,303.4 1 0
github.com/pschlump/lexie/dfa/dfa.go:303.9,305.4 1 0
github.com/pschlump/lexie/dfa/dfa.go:307.2,308.53 2 0
github.com/pschlump/lexie/dfa/dfa.go:308.53,310.3 1 0
github.com/pschlump/lexie/dfa/dfa.go:311.2,312.10 2 0
github.com/pschlump/lexie/dfa/dfa.go:316.69,322.31 3 1
github.com/pschlump/lexie/dfa/dfa.go:322.31,327.16 1 1
github.com/pschlump/lexie/dfa/dfa.go:327.16,329.25 1 1
github.com/pschlump/lexie/dfa/dfa.go:329.25,332.5 1 1
github.com/pschlump/lexie/dfa/dfa.go:336.2,336.11 1 1
github.com/pschlump/lexie/dfa/dfa.go:340.40,341.31 1 1
github.com/pschlump/lexie/dfa/dfa.go:341.31,342.16 1 1
github.com/pschlump/lexie/dfa/dfa.go:342.16,344.4 1 0
github.com/pschlump/lexie/dfa/dfa.go:349.47,350.31 1 1
github.com/pschlump/lexie/dfa/dfa.go:350.31,351.31 1 1
github.com/pschlump/lexie/dfa/dfa.go:351.31,353.4 1 1
github.com/pschlump/lexie/dfa/dfa.go:355.2,355.11 1 1
github.com/pschlump/lexie/dfa/dfa.go:359.57,366.2 6 1
github.com/pschlump/lexie/dfa/dfa.go:369.57,371.33 1 1
github.com/pschlump/lexie/dfa/dfa.go:371.33,373.3 1 1
github.com/pschlump/lexie/dfa/dfa.go:377.65,384.2 1 1
github.com/pschlump/lexie/dfa/dfa.go:395.63,409.59 11 1
github.com/pschlump/lexie/dfa/dfa.go:409.59,413.3 3 1
github.com/pschlump/lexie/dfa/dfa.go:413.8,415.3 1 1
github.com/pschlump/lexie/dfa/dfa.go:416.2,416.30 1 1
github.com/pschlump/lexie/dfa/dfa.go:416.30,418.3 1 0
github.com/pschlump/lexie/dfa/dfa.go:420.2,420.30 1 1
github.com/pschlump/lexie/dfa/dfa.go:420.30,423.24 3 1
github.com/pschlump/lexie/dfa/dfa.go:423.24,432.52 8 1
github.com/pschlump/lexie/dfa/dfa.go:432.52,435.5 2 1
github.com/pschlump/lexie/dfa/dfa.go:435.10,438.5 2 1
github.com/pschlump/lexie/dfa/dfa.go:439.4,441.62 3 1
github.com/pschlump/lexie/dfa/dfa.go:441.62,446.5 4 1
github.com/pschlump/lexie/dfa/dfa.go:446.10,446.79 1 1
github.com/pschlump/lexie/dfa/dfa.go:446.79,450.5 3 1
github.com/pschlump/lexie/dfa/dfa.go:450.10,453.5 2 1
github.com/pschlump/lexie/dfa/dfa.go:454.4,455.32 2 1
github.com/pschlump/lexie/dfa/dfa.go:455.32,458.5 2 0
github.com/pschlump/lexie/dfa/dfa.go:461.2,465.91 4 1
github.com/pschlump/lexie/dfa/dfa.go:465.91,468.35 2 1
github.com/pschlump/lexie/dfa/dfa.go:468.35,472.32 4 1
github.com/pschlump/lexie/dfa/dfa.go:472.32,476.26 4 1
github.com/pschlump/lexie/dfa/dfa.go:476.26,483.54 7 1
github.com/pschlump/lexie/dfa/dfa.go:483.54,486.7 2 1
github.com/pschlump/lexie/dfa/dfa.go:486.12,488.7 1 1
github.com/pschlump/lexie/dfa/dfa.go:489.6,491.64 3 1
github.com/pschlump/lexie/dfa/dfa.go:491.64,496.7 4 1
github.com/pschlump/lexie/dfa/dfa.go:496.12,496.81 1 1
github.com/pschlump/lexie/dfa/dfa.go:496.81,500.7 3 1
github.com/pschlump/lexie/dfa/dfa.go:500.12,503.7 2 1
github.com/pschlump/lexie/dfa/dfa.go:504.6,505.34 2 1
github.com/pschlump/lexie/dfa/dfa.go:505.34,509.7 3 0
github.com/pschlump/lexie/dfa/dfa.go:514.3,516.20 3 1
github.com/pschlump/lexie/dfa/dfa.go:516.20,517.9 1 0
github.com/pschlump/lexie/dfa/dfa.go:520.2,520.21 1 1
github.com/pschlump/lexie/dfa/dfa.go:527.72,529.31 2 1
github.com/pschlump/lexie/dfa/dfa.go:529.31,530.16 1 1
github.com/pschlump/lexie/dfa/dfa.go:530.16,532.17 2 1
github.com/pschlump/lexie/dfa/dfa.go:532.17,534.5 1 1
github.com/pschlump/lexie/dfa/dfa.go:535.4,537.32 3 1
github.com/pschlump/lexie/dfa/dfa.go:537.32,540.5 2 1
github.com/pschlump/lexie/dfa/dfa.go:541.4,541.27 1 1
github.com/pschlump/lexie/dfa/dfa.go:544.2,544.25 1 1
github.com/pschlump/lexie/dfa/dfa.go:550.74,553.25 2 1
github.com/pschlump/lexie/dfa/dfa.go:553.25,555.3 1 0
github.com/pschlump/lexie/dfa/dfa.go:555.8,555.31 1 1
github.com/pschlump/lexie/dfa/dfa.go:555.31,557.3 1 1
github.com/pschlump/lexie/dfa/dfa.go:557.8,557.31 1 1
github.com/pschlump/lexie/dfa/dfa.go:557.31,559.3 1 0
github.com/pschlump/lexie/dfa/dfa.go:559.8,559.31 1 1
github.com/pschlump/lexie/dfa/dfa.go:559.31,561.3 1 0
github.com/pschlump/lexie/dfa/dfa.go:561.8,561.31 1 1
github.com/pschlump/lexie/dfa/dfa.go:561.31,563.3 1 1
github.com/pschlump/lexie/dfa/dfa.go:564.2,572.31 3 1
github.com/pschlump/lexie/dfa/dfa.go:572.31,573.16 1 1
github.com/pschlump/lexie/dfa/dfa.go:573.16,574.17 1 1
github.com/pschlump/lexie/dfa/dfa.go:574.17,576.5 1 1
github.com/pschlump/lexie/dfa/dfa.go:579.2,581.26 3 1
github.com/pschlump/lexie/dfa/dfa.go:581.26,584.3 2 1
github.com/pschlump/lexie/dfa/dfa.go:585.2,590.30 2 1
github.com/pschlump/lexie/dfa/dfa.go:590.30,591.16 1 1
github.com/pschlump/lexie/dfa/dfa.go:591.16,592.32 1 1
github.com/pschlump/lexie/dfa/dfa.go:592.32,593.24 1 1
github.com/pschlump/lexie/dfa/dfa.go:593.24,595.6 1 1
github.com/pschlump/lexie/dfa/dfa.go:595.11,597.6 1 1
github.com/pschlump/lexie/dfa/dfa.go:601.2,601.24 1 1
github.com/pschlump/lexie/dfa/dfa.go:632.58,634.30 2 1
github.com/pschlump/lexie/dfa/dfa.go:634.30,635.16 1 1
github.com/pschlump/lexie/dfa/dfa.go:635.16,637.4 1 1
github.com/pschlump/lexie/dfa/dfa.go:639.2,639.8 1 1
github.com/pschlump/lexie/dfa/dfa.go:643.57,652.31 8 1
github.com/pschlump/lexie/dfa/dfa.go:652.31,653.16 1 1
github.com/pschlump/lexie/dfa/dfa.go:653.16,656.33 3 1
github.com/pschlump/lexie/dfa/dfa.go:656.33,658.5 1 1
github.com/pschlump/lexie/dfa/dfa.go:659.4,665.32 7 1
github.com/pschlump/lexie/dfa/dfa.go:665.32,668.26 1 1
github.com/pschlump/lexie/dfa/dfa.go:668.26,672.6 2 1
github.com/pschlump/lexie/dfa/dfa.go:672.11,672.35 1 1
github.com/pschlump/lexie/dfa/dfa.go:672.35,679.6 5 0
github.com/pschlump/lexie/dfa/dfa.go:679.11,679.37 1 1
github.com/pschlump/lexie/dfa/dfa.go:679.37,686.6 5 1
github.com/pschlump/lexie/dfa/dfa.go:686.11,690.6 3 1
github.com/pschlump/lexie/dfa/dfa.go:692.4,692.11 1 1
github.com/pschlump/lexie/dfa/dfa.go:692.11,693.38 1 1
github.com/pschlump/lexie/dfa/dfa.go:693.38,698.60 2 1
github.com/pschlump/lexie/dfa/dfa.go:698.60,700.7 1 0
github.com/pschlump/lexie/dfa/dfa.go:703.4,703.13 1 1
github.com/pschlump/lexie/dfa/dfa.go:703.13,704.38 1 0
github.com/pschlump/lexie/dfa/dfa.go:704.38,707.85 2 0
github.com/pschlump/lexie/dfa/dfa.go:707.85,709.7 1 0
github.com/pschlump/lexie/dfa/dfa.go:712.4,712.11 1 1
github.com/pschlump/lexie/dfa/dfa.go:712.11,713.38 1 1
github.com/pschlump/lexie/dfa/dfa.go:713.38,714.37 1 1
github.com/pschlump/lexie/dfa/dfa.go:714.37,716.7 1 1
github.com/pschlump/lexie/dfa/dfa.go:719.4,719.136 1 1
github.com/pschlump/lexie/dfa/dfa.go:719.136,726.5 1 1
github.com/pschlump/lexie/dfa/dfa.go:727.4,727.8 1 1
github.com/pschlump/lexie/dfa/dfa.go:730.2,730.8 1 1
github.com/pschlump/lexie/dfa/dfa.go:734.41,739.2 2 1
github.com/pschlump/lexie/dfa/dfa.go:742.70,750.35 2 1
github.com/pschlump/lexie/dfa/dfa.go:750.35,752.23 1 1
github.com/pschlump/lexie/dfa/dfa.go:752.23,763.37 4 1
github.com/pschlump/lexie/dfa/dfa.go:763.37,764.28 1 1
github.com/pschlump/lexie/dfa/dfa.go:764.28,768.6 3 1
github.com/pschlump/lexie/dfa/dfa.go:768.11,771.6 1 1
github.com/pschlump/lexie/dfa/dfa.go:774.4,776.37 3 1
github.com/pschlump/lexie/dfa/dfa.go:776.37,778.5 1 1
github.com/pschlump/lexie/dfa/dfa.go:779.4,781.37 3 1
github.com/pschlump/lexie/dfa/dfa.go:781.37,783.5 1 1
github.com/pschlump/lexie/dfa/dfa.go:784.4,787.37 3 1
github.com/pschlump/lexie/dfa/dfa.go:787.37,788.29 1 1
github.com/pschlump/lexie/dfa/dfa.go:788.29,792.6 3 1
github.com/pschlump/lexie/dfa/dfa.go:792.11,794.6 1 1
github.com/pschlump/lexie/dfa/dfa.go:796.4,799.37 3 1
github.com/pschlump/lexie/dfa/dfa.go:799.37,801.5 1 1
github.com/pschlump/lexie/dfa/dfa.go:802.4,803.35 2 1
github.com/pschlump/lexie/dfa/dfa.go:803.35,805.15 2 1
github.com/pschlump/lexie/dfa/dfa.go:805.15,807.6 1 1
github.com/pschlump/lexie/dfa/dfa.go:808.5,808.28 1 1
github.com/pschlump/lexie/dfa/dfa.go:808.28,810.6 1 1
github.com/pschlump/lexie/dfa/dfa.go:810.11,812.6 1 1
github.com/pschlump/lexie/dfa/dfa.go:813.5,813.30 1 1
github.com/pschlump/lexie/dfa/dfa.go:813.30,814.18 1 1
github.com/pschlump/lexie/dfa/dfa.go:814.18,817.7 1 1
github.com/pschlump/lexie/dfa/dfa.go:817.12,819.7 1 1
github.com/pschlump/lexie/dfa/dfa.go:821.5,821.26 1 1
github.com/pschlump/lexie/dfa/dfa.go:823.4,823.25 1 1
github.com/pschlump/lexie/dfa/dfa.go:825.9,827.4 1 0
github.com/pschlump/lexie/dfa/match.go:115.24,121.2 1 1
github.com/pschlump/lexie/dfa/match.go:124.45,126.2 1 0
github.com/pschlump/lexie/dfa/match.go:130.52,133.24 3 0
github.com/pschlump/lexie/dfa/match.go:133.24,134.48 1 0
github.com/pschlump/lexie/dfa/match.go:134.48,136.4 1 0
github.com/pschlump/lexie/dfa/match.go:138.2,138.8 1 0
github.com/pschlump/lexie/dfa/match.go:143.51,145.24 2 0
github.com/pschlump/lexie/dfa/match.go:145.24,147.3 1 0
github.com/pschlump/lexie/dfa/match.go:148.2,148.23 1 0
github.com/pschlump/lexie/dfa/match.go:153.38,157.2 3 0
github.com/pschlump/lexie/dfa/match.go:162.49,164.2 1 0
github.com/pschlump/lexie/dfa/match.go:165.50,167.2 1 0
github.com/pschlump/lexie/dfa/match.go:171.56,175.30 3 1
github.com/pschlump/lexie/dfa/match.go:175.30,176.16 1 1
github.com/pschlump/lexie/dfa/match.go:176.16,177.27 1 1
github.com/pschlump/lexie/dfa/match.go:177.27,178.41 1 1
github.com/pschlump/lexie/dfa/match.go:178.41,181.6 2 1
github.com/pschlump/lexie/dfa/match.go:189.74,194.2 1 1
github.com/pschlump/lexie/dfa/match.go:197.86,202.2 3 0
github.com/pschlump/lexie/dfa/match.go:205.49,208.2 1 0
github.com/pschlump/lexie/dfa/match.go:211.39,213.34 1 1
github.com/pschlump/lexie/dfa/match.go:213.34,216.3 2 1
github.com/pschlump/lexie/dfa/match.go:220.50,222.13 2 1
github.com/pschlump/lexie/dfa/match.go:222.13,224.3 1 1
github.com/pschlump/lexie/dfa/match.go:225.2,225.26 1 1
github.com/pschlump/lexie/dfa/match.go:225.26,227.3 1 1
github.com/pschlump/lexie/dfa/match.go:228.2,228.15 1 1
github.com/pschlump/lexie/dfa/match.go:228.15,230.3 1 1
github.com/pschlump/lexie/dfa/match.go:231.2,231.14 1 1
github.com/pschlump/lexie/dfa/match.go:231.14,233.3 1 0
github.com/pschlump/lexie/dfa/match.go:234.2,234.25 1 1
github.com/pschlump/lexie/dfa/match.go:234.25,236.3 1 0
github.com/pschlump/lexie/dfa/match.go:237.2,237.12 1 1
github.com/pschlump/lexie/dfa/match.go:237.12,240.3 2 1
github.com/pschlump/lexie/dfa/match.go:241.2,241.13 1 1
github.com/pschlump/lexie/dfa/match.go:241.13,243.3 1 1
github.com/pschlump/lexie/dfa/match.go:244.2,244.18 1 1
github.com/pschlump/lexie/dfa/match.go:244.18,246.3 1 1
github.com/pschlump/lexie/dfa/match.go:247.2,247.11 1 1
github.com/pschlump/lexie/dfa/match.go:252.56,259.41 4 1
github.com/pschlump/lexie/dfa/match.go:259.41,265.3 3 1
github.com/pschlump/lexie/dfa/match.go:267.2,267.37 1 1
github.com/pschlump/lexie/dfa/match.go:267.37,273.32 5 1
github.com/pschlump/lexie/dfa/match.go:273.32,275.23 2 1
github.com/pschlump/lexie/dfa/match.go:275.23,277.5 1 1
github.com/pschlump/lexie/dfa/match.go:278.4,279.15 2 1
github.com/pschlump/lexie/dfa/match.go:279.15,282.5 2 1
github.com/pschlump/lexie/dfa/match.go:283.4,284.27 2 1
github.com/pschlump/lexie/dfa/match.go:284.27,287.5 2 0
github.com/pschlump/lexie/dfa/match.go:287.10,290.5 2 1
github.com/pschlump/lexie/dfa/match.go:291.4,291.23 1 1
github.com/pschlump/lexie/dfa/match.go:291.23,293.5 1 1
github.com/pschlump/lexie/dfa/match.go:296.3,297.35 2 1
github.com/pschlump/lexie/dfa/match.go:297.35,300.4 2 1
github.com/pschlump/lexie/dfa/match.go:302.3,305.35 3 1
github.com/pschlump/lexie/dfa/match.go:305.35,308.4 2 1
github.com/pschlump/lexie/dfa/match.go:309.3,313.35 4 1
github.com/pschlump/lexie/dfa/match.go:313.35,316.4 2 1
github.com/pschlump/lexie/dfa/match.go:317.3,319.35 2 1
github.com/pschlump/lexie/dfa/match.go:319.35,330.18 6 1
github.com/pschlump/lexie/dfa/match.go:330.18,333.5 2 0
github.com/pschlump/lexie/dfa/match.go:334.4,335.41 2 1
github.com/pschlump/lexie/dfa/match.go:335.41,337.5 1 1
github.com/pschlump/lexie/dfa/match.go:338.4,342.18 4 1
github.com/pschlump/lexie/dfa/match.go:342.18,345.5 2 0
github.com/pschlump/lexie/dfa/match.go:346.4,350.18 4 1
github.com/pschlump/lexie/dfa/match.go:350.18,353.5 2 1
github.com/pschlump/lexie/dfa/match.go:356.2,356.12 1 1
github.com/pschlump/lexie/dfa/nm.go:80.76,91.34 8 1
github.com/pschlump/lexie/dfa/nm.go:91.34,92.10 1 1
github.com/pschlump/lexie/dfa/nm.go:92.10,94.4 1 0
github.com/pschlump/lexie/dfa/nm.go:95.3,100.29 5 1
github.com/pschlump/lexie/dfa/nm.go:102.2,120.27 16 1
github.com/pschlump/lexie/dfa/nm.go:120.27,122.11 2 1
github.com/pschlump/lexie/dfa/nm.go:122.11,126.4 3 0
github.com/pschlump/lexie/dfa/nm.go:126.9,129.4 2 1
github.com/pschlump/lexie/dfa/nm.go:130.3,130.9 1 1
github.com/pschlump/lexie/dfa/nm.go:133.2,133.27 1 1
github.com/pschlump/lexie/dfa/nm.go:133.27,135.11 2 1
github.com/pschlump/lexie/dfa/nm.go:135.11,138.4 2 1
github.com/pschlump/lexie/dfa/nm.go:139.3,139.9 1 1
github.com/pschlump/lexie/dfa/nm.go:142.2,144.22 3 1
github.com/pschlump/lexie/dfa/nm.go:144.22,146.53 2 1
github.com/pschlump/lexie/dfa/nm.go:146.53,148.4 1 1
github.com/pschlump/lexie/dfa/nm.go:149.3,150.57 2 1
github.com/pschlump/lexie/dfa/nm.go:150.57,152.4 1 1
github.com/pschlump/lexie/dfa/nm.go:154.3,160.49 2 1
github.com/pschlump/lexie/dfa/nm.go:160.49,165.10 4 1
github.com/pschlump/lexie/dfa/nm.go:165.10,168.5 2 0
github.com/pschlump/lexie/dfa/nm.go:170.4,170.35 1 1
github.com/pschlump/lexie/dfa/nm.go:173.3,185.20 6 1
github.com/pschlump/lexie/dfa/nm.go:188.2,188.34 1 1
github.com/pschlump/lexie/dfa/nm.go:188.34,189.100 1 1
github.com/pschlump/lexie/dfa/nm.go:189.100,192.4 2 0
github.com/pschlump/lexie/dfa/nm.go:193.3,198.23 5 1
github.com/pschlump/lexie/dfa/nm.go:198.23,199.49 1 0
github.com/pschlump/lexie/dfa/nm.go:199.49,204.5 3 0
github.com/pschlump/lexie/dfa/nm.go:206.3,208.126 3 1
github.com/pschlump/lexie/dfa/nm.go:211.2,211.22 1 1
github.com/pschlump/lexie/dfa/nm.go:211.22,213.29 2 1
github.com/pschlump/lexie/dfa/nm.go:213.29,216.4 2 1
github.com/pschlump/lexie/dfa/nm.go:219.2,219.28 1 1
github.com/pschlump/lexie/dfa/nm.go:219.28,231.3 9 1
github.com/pschlump/lexie/dfa/nm.go:233.2,233.21 1 1
github.com/pschlump/lexie/dfa/nm.go:233.21,234.26 1 1
github.com/pschlump/lexie/dfa/nm.go:234.26,242.4 7 1
github.com/pschlump/lexie/dfa/nm.go:242.9,244.4 1 0
github.com/pschlump/lexie/dfa/nm.go:245.3,245.13 1 1
github.com/pschlump/lexie/dfa/nm.go:248.2,248.23 1 1
github.com/pschlump/lexie/dfa/nm.go:248.23,253.3 4 0
github.com/pschlump/lexie/dfa/nm.go:255.2,255.12 1 1
github.com/pschlump/lexie/dfa/nm.go:255.12,267.21 9 1
github.com/pschlump/lexie/dfa/nm.go:267.21,270.4 2 1
github.com/pschlump/lexie/dfa/nm.go:270.9,270.89 1 1
github.com/pschlump/lexie/dfa/nm.go:270.89,274.4 3 1
github.com/pschlump/lexie/dfa/nm.go:274.9,274.51 1 1
github.com/pschlump/lexie/dfa/nm.go:274.51,275.16 1 1
github.com/pschlump/lexie/dfa/nm.go:275.16,279.5 3 1
github.com/pschlump/lexie/dfa/nm.go:279.10,282.65 2 1
github.com/pschlump/lexie/dfa/nm.go:282.65,285.6 2 1
github.com/pschlump/lexie/dfa/nm.go:286.5,287.19 2 1
github.com/pschlump/lexie/dfa/nm.go:289.4,289.15 1 1
github.com/pschlump/lexie/dfa/nm.go:290.9,290.45 1 1
github.com/pschlump/lexie/dfa/nm.go:290.45,295.4 4 1
github.com/pschlump/lexie/dfa/nm.go:295.9,295.98 1 1
github.com/pschlump/lexie/dfa/nm.go:295.98,299.15 2 0
github.com/pschlump/lexie/dfa/nm.go:299.15,301.5 1 0
github.com/pschlump/lexie/dfa/nm.go:302.4,302.15 1 0
github.com/pschlump/lexie/dfa/nm.go:303.9,305.15 2 1
github.com/pschlump/lexie/dfa/nm.go:305.15,307.5 1 1
github.com/pschlump/lexie/dfa/nm.go:308.4,308.15 1 1
github.com/pschlump/lexie/dfa/nm.go:311.3,311.63 1 1
github.com/pschlump/lexie/dfa/nm.go:311.63,314.4 2 1
github.com/pschlump/lexie/dfa/nm.go:314.9,314.69 1 1
github.com/pschlump/lexie/dfa/nm.go:314.69,318.4 2 1
github.com/pschlump/lexie/dfa/nm.go:318.9,318.71 1 1
github.com/pschlump/lexie/dfa/nm.go:318.71,321.4 2 0
github.com/pschlump/lexie/dfa/nm.go:323.3,325.15 3 1
github.com/pschlump/lexie/dfa/nm.go:325.15,328.4 2 1
github.com/pschlump/lexie/dfa/nm.go:329.3,329.21 1 1
github.com/pschlump/lexie/dfa/nm.go:329.21,333.4 2 1
github.com/pschlump/lexie/dfa/nm.go:336.2,336.11 1 1
github.com/pschlump/lexie/dfa/nm.go:336.11,338.3 1 1
github.com/pschlump/lexie/dfa/nm.go:338.8,340.3 1 0
github.com/pschlump/lexie/dfa/nm.go:343.2,344.22 2 1
github.com/pschlump/lexie/dfa/nm.go:344.22,349.3 3 0
github.com/pschlump/lexie/dfa/nm.go:350.2,351.47 2 1
