mode: set
_/../../../../../Users/corwin/Projects/pongo2/lexie/in/in.go:93.13,95.2 1 1
_/../../../../../Users/corwin/Projects/pongo2/lexie/in/in.go:106.49,108.16 2 1
_/../../../../../Users/corwin/Projects/pongo2/lexie/in/in.go:112.2,113.8 2 1
_/../../../../../Users/corwin/Projects/pongo2/lexie/in/in.go:108.16,111.3 2 0
_/../../../../../Users/corwin/Projects/pongo2/lexie/in/in.go:116.43,118.16 2 0
_/../../../../../Users/corwin/Projects/pongo2/lexie/in/in.go:122.2,122.18 1 0
_/../../../../../Users/corwin/Projects/pongo2/lexie/in/in.go:118.16,121.3 2 0
_/../../../../../Users/corwin/Projects/pongo2/lexie/in/in.go:125.42,126.39 1 1
_/../../../../../Users/corwin/Projects/pongo2/lexie/in/in.go:143.2,143.8 1 1
_/../../../../../Users/corwin/Projects/pongo2/lexie/in/in.go:126.39,128.3 1 1
_/../../../../../Users/corwin/Projects/pongo2/lexie/in/in.go:128.3,128.42 1 1
_/../../../../../Users/corwin/Projects/pongo2/lexie/in/in.go:128.42,130.3 1 1
_/../../../../../Users/corwin/Projects/pongo2/lexie/in/in.go:130.3,130.42 1 1
_/../../../../../Users/corwin/Projects/pongo2/lexie/in/in.go:130.42,132.3 1 1
_/../../../../../Users/corwin/Projects/pongo2/lexie/in/in.go:132.3,132.42 1 1
_/../../../../../Users/corwin/Projects/pongo2/lexie/in/in.go:132.42,134.3 1 1
_/../../../../../Users/corwin/Projects/pongo2/lexie/in/in.go:134.3,134.40 1 1
_/../../../../../Users/corwin/Projects/pongo2/lexie/in/in.go:134.40,136.3 1 1
_/../../../../../Users/corwin/Projects/pongo2/lexie/in/in.go:136.3,136.39 1 1
_/../../../../../Users/corwin/Projects/pongo2/lexie/in/in.go:136.39,138.3 1 1
_/../../../../../Users/corwin/Projects/pongo2/lexie/in/in.go:138.3,138.39 1 1
_/../../../../../Users/corwin/Projects/pongo2/lexie/in/in.go:138.39,140.3 1 1
_/../../../../../Users/corwin/Projects/pongo2/lexie/in/in.go:140.3,142.3 1 1
_/../../../../../Users/corwin/Projects/pongo2/lexie/in/in.go:146.49,148.23 2 1
_/../../../../../Users/corwin/Projects/pongo2/lexie/in/in.go:155.2,155.8 1 1
_/../../../../../Users/corwin/Projects/pongo2/lexie/in/in.go:148.23,149.12 1 1
_/../../../../../Users/corwin/Projects/pongo2/lexie/in/in.go:153.3,153.18 1 1
_/../../../../../Users/corwin/Projects/pongo2/lexie/in/in.go:150.3,151.13 1 1
_/../../../../../Users/corwin/Projects/pongo2/lexie/in/in.go:159.48,164.35 4 1
_/../../../../../Users/corwin/Projects/pongo2/lexie/in/in.go:187.2,187.8 1 1
_/../../../../../Users/corwin/Projects/pongo2/lexie/in/in.go:164.35,166.16 2 1
_/../../../../../Users/corwin/Projects/pongo2/lexie/in/in.go:166.16,169.13 3 1
_/../../../../../Users/corwin/Projects/pongo2/lexie/in/in.go:170.4,171.15 1 1
_/../../../../../Users/corwin/Projects/pongo2/lexie/in/in.go:172.4,173.15 1 1
_/../../../../../Users/corwin/Projects/pongo2/lexie/in/in.go:174.4,175.15 1 1
_/../../../../../Users/corwin/Projects/pongo2/lexie/in/in.go:176.4,177.15 1 1
_/../../../../../Users/corwin/Projects/pongo2/lexie/in/in.go:178.4,179.15 1 0
_/../../../../../Users/corwin/Projects/pongo2/lexie/in/in.go:180.4,181.20 1 0
_/../../../../../Users/corwin/Projects/pongo2/lexie/in/in.go:183.4,185.4 1 1
_/../../../../../Users/corwin/Projects/pongo2/lexie/in/in.go:190.81,194.13 2 1
_/../../../../../Users/corwin/Projects/pongo2/lexie/in/in.go:274.2,274.8 1 1
_/../../../../../Users/corwin/Projects/pongo2/lexie/in/in.go:195.2,197.34 2 1
_/../../../../../Users/corwin/Projects/pongo2/lexie/in/in.go:212.3,214.21 2 1
_/../../../../../Users/corwin/Projects/pongo2/lexie/in/in.go:217.2,219.34 2 1
_/../../../../../Users/corwin/Projects/pongo2/lexie/in/in.go:234.3,236.21 2 1
_/../../../../../Users/corwin/Projects/pongo2/lexie/in/in.go:242.2,244.34 2 1
_/../../../../../Users/corwin/Projects/pongo2/lexie/in/in.go:254.3,254.21 1 1
_/../../../../../Users/corwin/Projects/pongo2/lexie/in/in.go:257.3,257.33 1 1
_/../../../../../Users/corwin/Projects/pongo2/lexie/in/in.go:261.2,262.34 1 1
_/../../../../../Users/corwin/Projects/pongo2/lexie/in/in.go:267.3,269.21 2 1
_/../../../../../Users/corwin/Projects/pongo2/lexie/in/in.go:197.34,198.40 1 1
_/../../../../../Users/corwin/Projects/pongo2/lexie/in/in.go:198.40,199.24 1 1
_/../../../../../Users/corwin/Projects/pongo2/lexie/in/in.go:205.5,205.9 1 1
_/../../../../../Users/corwin/Projects/pongo2/lexie/in/in.go:199.24,201.6 1 1
_/../../../../../Users/corwin/Projects/pongo2/lexie/in/in.go:201.6,204.6 2 1
_/../../../../../Users/corwin/Projects/pongo2/lexie/in/in.go:206.5,206.28 1 1
_/../../../../../Users/corwin/Projects/pongo2/lexie/in/in.go:206.28,207.10 1 1
_/../../../../../Users/corwin/Projects/pongo2/lexie/in/in.go:208.5,210.5 1 1
_/../../../../../Users/corwin/Projects/pongo2/lexie/in/in.go:214.21,216.4 1 1
_/../../../../../Users/corwin/Projects/pongo2/lexie/in/in.go:219.34,220.40 1 1
_/../../../../../Users/corwin/Projects/pongo2/lexie/in/in.go:220.40,221.25 1 1
_/../../../../../Users/corwin/Projects/pongo2/lexie/in/in.go:227.5,227.9 1 1
_/../../../../../Users/corwin/Projects/pongo2/lexie/in/in.go:221.25,223.6 1 1
_/../../../../../Users/corwin/Projects/pongo2/lexie/in/in.go:223.6,226.6 2 0
_/../../../../../Users/corwin/Projects/pongo2/lexie/in/in.go:228.5,228.29 1 1
_/../../../../../Users/corwin/Projects/pongo2/lexie/in/in.go:228.29,229.10 1 1
_/../../../../../Users/corwin/Projects/pongo2/lexie/in/in.go:230.5,232.5 1 1
_/../../../../../Users/corwin/Projects/pongo2/lexie/in/in.go:236.21,238.4 1 1
_/../../../../../Users/corwin/Projects/pongo2/lexie/in/in.go:244.34,245.58 1 1
_/../../../../../Users/corwin/Projects/pongo2/lexie/in/in.go:245.58,248.5 2 1
_/../../../../../Users/corwin/Projects/pongo2/lexie/in/in.go:248.5,248.28 1 1
_/../../../../../Users/corwin/Projects/pongo2/lexie/in/in.go:248.28,249.10 1 1
_/../../../../../Users/corwin/Projects/pongo2/lexie/in/in.go:250.5,252.5 1 1
_/../../../../../Users/corwin/Projects/pongo2/lexie/in/in.go:254.21,256.4 1 1
_/../../../../../Users/corwin/Projects/pongo2/lexie/in/in.go:262.34,263.39 1 1
_/../../../../../Users/corwin/Projects/pongo2/lexie/in/in.go:263.39,264.10 1 1
_/../../../../../Users/corwin/Projects/pongo2/lexie/in/in.go:269.21,271.4 1 1
_/../../../../../Users/corwin/Projects/pongo2/lexie/in/in.go:289.13,302.2 11 1
_/../../../../../Users/corwin/Projects/pongo2/lexie/in/in.go:304.34,306.16 2 1
_/../../../../../Users/corwin/Projects/pongo2/lexie/in/in.go:309.2,309.14 1 1
_/../../../../../Users/corwin/Projects/pongo2/lexie/in/in.go:306.16,308.3 1 1
_/../../../../../Users/corwin/Projects/pongo2/lexie/in/in.go:313.31,315.16 2 1
_/../../../../../Users/corwin/Projects/pongo2/lexie/in/in.go:318.2,318.14 1 1
_/../../../../../Users/corwin/Projects/pongo2/lexie/in/in.go:315.16,317.3 1 1
_/../../../../../Users/corwin/Projects/pongo2/lexie/in/in.go:321.40,325.2 2 1
_/../../../../../Users/corwin/Projects/pongo2/lexie/in/in.go:327.82,334.31 4 1
_/../../../../../Users/corwin/Projects/pongo2/lexie/in/in.go:339.2,339.8 1 1
_/../../../../../Users/corwin/Projects/pongo2/lexie/in/in.go:334.31,335.21 1 1
_/../../../../../Users/corwin/Projects/pongo2/lexie/in/in.go:335.21,337.4 1 1
_/../../../../../Users/corwin/Projects/pongo2/lexie/in/in.go:343.60,347.33 4 1
_/../../../../../Users/corwin/Projects/pongo2/lexie/in/in.go:355.2,355.8 1 1
_/../../../../../Users/corwin/Projects/pongo2/lexie/in/in.go:347.33,349.21 2 1
_/../../../../../Users/corwin/Projects/pongo2/lexie/in/in.go:349.21,351.4 1 1
_/../../../../../Users/corwin/Projects/pongo2/lexie/in/in.go:352.3,354.3 1 1
_/../../../../../Users/corwin/Projects/pongo2/lexie/in/in.go:359.44,364.2 2 1
_/../../../../../Users/corwin/Projects/pongo2/lexie/in/in.go:367.57,370.15 3 1
_/../../../../../Users/corwin/Projects/pongo2/lexie/in/in.go:379.2,379.8 1 1
_/../../../../../Users/corwin/Projects/pongo2/lexie/in/in.go:370.15,373.21 3 1
_/../../../../../Users/corwin/Projects/pongo2/lexie/in/in.go:373.21,375.4 1 1
_/../../../../../Users/corwin/Projects/pongo2/lexie/in/in.go:376.3,378.3 1 1
_/../../../../../Users/corwin/Projects/pongo2/lexie/in/in.go:382.42,384.15 2 1
_/../../../../../Users/corwin/Projects/pongo2/lexie/in/in.go:392.2,392.8 1 1
_/../../../../../Users/corwin/Projects/pongo2/lexie/in/in.go:384.15,386.25 2 1
_/../../../../../Users/corwin/Projects/pongo2/lexie/in/in.go:386.25,387.34 1 1
_/../../../../../Users/corwin/Projects/pongo2/lexie/in/in.go:387.34,389.5 1 1
_/../../../../../Users/corwin/Projects/pongo2/lexie/in/in.go:395.27,399.2 3 1
_/../../../../../Users/corwin/Projects/pongo2/lexie/in/in.go:402.40,408.2 4 1
_/../../../../../Users/corwin/Projects/pongo2/lexie/in/in.go:410.44,416.2 4 1
_/../../../../../Users/corwin/Projects/pongo2/lexie/in/in.go:418.43,419.89 1 1
_/../../../../../Users/corwin/Projects/pongo2/lexie/in/in.go:423.2,423.13 1 1
_/../../../../../Users/corwin/Projects/pongo2/lexie/in/in.go:419.89,422.3 2 0
_/../../../../../Users/corwin/Projects/pongo2/lexie/in/in.go:428.89,429.30 1 1
_/../../../../../Users/corwin/Projects/pongo2/lexie/in/in.go:429.30,430.27 1 1
_/../../../../../Users/corwin/Projects/pongo2/lexie/in/in.go:430.27,432.11 2 1
_/../../../../../Users/corwin/Projects/pongo2/lexie/in/in.go:443.4,444.26 2 1
_/../../../../../Users/corwin/Projects/pongo2/lexie/in/in.go:447.4,448.15 2 1
_/../../../../../Users/corwin/Projects/pongo2/lexie/in/in.go:464.4,468.32 5 1
_/../../../../../Users/corwin/Projects/pongo2/lexie/in/in.go:432.11,441.5 1 1
_/../../../../../Users/corwin/Projects/pongo2/lexie/in/in.go:444.26,446.5 1 1
_/../../../../../Users/corwin/Projects/pongo2/lexie/in/in.go:448.15,450.44 2 1
_/../../../../../Users/corwin/Projects/pongo2/lexie/in/in.go:450.44,452.6 1 1
_/../../../../../Users/corwin/Projects/pongo2/lexie/in/in.go:452.6,453.17 1 1
_/../../../../../Users/corwin/Projects/pongo2/lexie/in/in.go:453.17,455.7 1 0
_/../../../../../Users/corwin/Projects/pongo2/lexie/in/in.go:457.5,459.43 2 1
_/../../../../../Users/corwin/Projects/pongo2/lexie/in/in.go:459.43,461.6 1 1
_/../../../../../Users/corwin/Projects/pongo2/lexie/in/in.go:474.44,479.37 4 1
_/../../../../../Users/corwin/Projects/pongo2/lexie/in/in.go:522.2,524.8 3 1
_/../../../../../Users/corwin/Projects/pongo2/lexie/in/in.go:479.37,482.25 3 1
_/../../../../../Users/corwin/Projects/pongo2/lexie/in/in.go:482.25,484.15 2 1
_/../../../../../Users/corwin/Projects/pongo2/lexie/in/in.go:485.4,489.28 3 1
_/../../../../../Users/corwin/Projects/pongo2/lexie/in/in.go:490.4,491.11 1 1
_/../../../../../Users/corwin/Projects/pongo2/lexie/in/in.go:493.4,495.16 1 1
_/../../../../../Users/corwin/Projects/pongo2/lexie/in/in.go:498.5,499.49 2 1
_/../../../../../Users/corwin/Projects/pongo2/lexie/in/in.go:500.4,501.16 1 1
_/../../../../../Users/corwin/Projects/pongo2/lexie/in/in.go:502.4,503.16 1 1
_/../../../../../Users/corwin/Projects/pongo2/lexie/in/in.go:504.4,505.16 1 1
_/../../../../../Users/corwin/Projects/pongo2/lexie/in/in.go:506.4,509.62 2 1
_/../../../../../Users/corwin/Projects/pongo2/lexie/in/in.go:510.4,512.16 1 1
_/../../../../../Users/corwin/Projects/pongo2/lexie/in/in.go:515.5,516.60 2 1
_/../../../../../Users/corwin/Projects/pongo2/lexie/in/in.go:517.4,518.29 1 0
_/../../../../../Users/corwin/Projects/pongo2/lexie/in/in.go:495.16,497.6 1 0
_/../../../../../Users/corwin/Projects/pongo2/lexie/in/in.go:512.16,514.6 1 0
_/../../../../../Users/corwin/Projects/pongo2/lexie/in/in.go:527.109,529.11 2 1
_/../../../../../Users/corwin/Projects/pongo2/lexie/in/in.go:533.2,539.26 2 1
_/../../../../../Users/corwin/Projects/pongo2/lexie/in/in.go:577.2,577.58 1 1
_/../../../../../Users/corwin/Projects/pongo2/lexie/in/in.go:529.11,531.3 1 1
_/../../../../../Users/corwin/Projects/pongo2/lexie/in/in.go:539.26,543.13 3 1
_/../../../../../Users/corwin/Projects/pongo2/lexie/in/in.go:544.3,546.61 2 1
_/../../../../../Users/corwin/Projects/pongo2/lexie/in/in.go:547.3,549.63 2 1
_/../../../../../Users/corwin/Projects/pongo2/lexie/in/in.go:550.3,552.24 2 1
_/../../../../../Users/corwin/Projects/pongo2/lexie/in/in.go:553.3,555.27 2 1
_/../../../../../Users/corwin/Projects/pongo2/lexie/in/in.go:556.3,557.22 1 1
_/../../../../../Users/corwin/Projects/pongo2/lexie/in/in.go:558.3,561.61 3 1
_/../../../../../Users/corwin/Projects/pongo2/lexie/in/in.go:562.3,564.68 2 1
_/../../../../../Users/corwin/Projects/pongo2/lexie/in/in.go:565.3,566.19 1 1
_/../../../../../Users/corwin/Projects/pongo2/lexie/in/in.go:567.3,570.61 3 1
_/../../../../../Users/corwin/Projects/pongo2/lexie/in/in.go:571.3,571.16 0 1
_/../../../../../Users/corwin/Projects/pongo2/lexie/in/in.go:573.3,574.97 1 0
_/../../../../../Users/corwin/Projects/pongo2/lexie/in/in.go:580.49,590.2 5 1
_/../../../../../Users/corwin/Projects/pongo2/lexie/in/in.go:619.46,622.84 1 1
_/../../../../../Users/corwin/Projects/pongo2/lexie/in/in.go:630.2,630.11 1 0
_/../../../../../Users/corwin/Projects/pongo2/lexie/in/in.go:622.84,625.35 2 1
_/../../../../../Users/corwin/Projects/pongo2/lexie/in/in.go:625.35,628.4 1 1
_/../../../../../Users/corwin/Projects/pongo2/lexie/in/in.go:633.56,634.30 1 1
_/../../../../../Users/corwin/Projects/pongo2/lexie/in/in.go:642.2,642.11 1 1
_/../../../../../Users/corwin/Projects/pongo2/lexie/in/in.go:634.30,637.35 2 1
_/../../../../../Users/corwin/Projects/pongo2/lexie/in/in.go:637.35,640.4 1 1
_/../../../../../Users/corwin/Projects/pongo2/lexie/in/in.go:650.76,653.25 2 1
_/../../../../../Users/corwin/Projects/pongo2/lexie/in/in.go:663.2,663.8 1 1
_/../../../../../Users/corwin/Projects/pongo2/lexie/in/in.go:653.25,655.67 1 1
_/../../../../../Users/corwin/Projects/pongo2/lexie/in/in.go:655.67,658.4 2 1
_/../../../../../Users/corwin/Projects/pongo2/lexie/in/in.go:668.35,673.84 3 1
_/../../../../../Users/corwin/Projects/pongo2/lexie/in/in.go:754.2,754.32 1 1
_/../../../../../Users/corwin/Projects/pongo2/lexie/in/in.go:768.2,768.33 1 1
_/../../../../../Users/corwin/Projects/pongo2/lexie/in/in.go:795.2,796.22 2 1
_/../../../../../Users/corwin/Projects/pongo2/lexie/in/in.go:673.84,679.26 3 1
_/../../../../../Users/corwin/Projects/pongo2/lexie/in/in.go:693.3,695.26 2 1
_/../../../../../Users/corwin/Projects/pongo2/lexie/in/in.go:711.3,717.26 2 1
_/../../../../../Users/corwin/Projects/pongo2/lexie/in/in.go:730.3,730.26 1 1
_/../../../../../Users/corwin/Projects/pongo2/lexie/in/in.go:751.3,751.31 1 1
_/../../../../../Users/corwin/Projects/pongo2/lexie/in/in.go:679.26,681.40 2 1
_/../../../../../Users/corwin/Projects/pongo2/lexie/in/in.go:681.40,684.19 2 1
_/../../../../../Users/corwin/Projects/pongo2/lexie/in/in.go:684.19,686.6 1 0
_/../../../../../Users/corwin/Projects/pongo2/lexie/in/in.go:686.6,689.6 2 1
_/../../../../../Users/corwin/Projects/pongo2/lexie/in/in.go:695.26,697.40 2 1
_/../../../../../Users/corwin/Projects/pongo2/lexie/in/in.go:697.40,698.5 0 1
_/../../../../../Users/corwin/Projects/pongo2/lexie/in/in.go:698.5,698.29 1 1
_/../../../../../Users/corwin/Projects/pongo2/lexie/in/in.go:698.29,700.39 1 1
_/../../../../../Users/corwin/Projects/pongo2/lexie/in/in.go:704.5,708.10 4 1
_/../../../../../Users/corwin/Projects/pongo2/lexie/in/in.go:700.39,703.6 2 1
_/../../../../../Users/corwin/Projects/pongo2/lexie/in/in.go:717.26,719.40 2 1
_/../../../../../Users/corwin/Projects/pongo2/lexie/in/in.go:719.40,720.5 0 1
_/../../../../../Users/corwin/Projects/pongo2/lexie/in/in.go:720.5,720.28 1 1
_/../../../../../Users/corwin/Projects/pongo2/lexie/in/in.go:720.28,722.40 1 1
_/../../../../../Users/corwin/Projects/pongo2/lexie/in/in.go:722.40,725.6 2 0
_/../../../../../Users/corwin/Projects/pongo2/lexie/in/in.go:730.26,732.40 2 1
_/../../../../../Users/corwin/Projects/pongo2/lexie/in/in.go:732.40,733.5 0 1
_/../../../../../Users/corwin/Projects/pongo2/lexie/in/in.go:733.5,733.28 1 1
_/../../../../../Users/corwin/Projects/pongo2/lexie/in/in.go:733.28,734.40 1 1
_/../../../../../Users/corwin/Projects/pongo2/lexie/in/in.go:734.40,737.6 2 0
_/../../../../../Users/corwin/Projects/pongo2/lexie/in/in.go:737.6,739.15 2 1
_/../../../../../Users/corwin/Projects/pongo2/lexie/in/in.go:739.15,744.7 4 0
_/../../../../../Users/corwin/Projects/pongo2/lexie/in/in.go:744.7,747.7 2 1
_/../../../../../Users/corwin/Projects/pongo2/lexie/in/in.go:754.32,755.31 1 1
_/../../../../../Users/corwin/Projects/pongo2/lexie/in/in.go:755.31,756.26 1 1
_/../../../../../Users/corwin/Projects/pongo2/lexie/in/in.go:760.4,760.28 1 1
_/../../../../../Users/corwin/Projects/pongo2/lexie/in/in.go:756.26,759.5 1 1
_/../../../../../Users/corwin/Projects/pongo2/lexie/in/in.go:760.28,763.5 1 1
_/../../../../../Users/corwin/Projects/pongo2/lexie/in/in.go:768.33,771.31 3 1
_/../../../../../Users/corwin/Projects/pongo2/lexie/in/in.go:779.3,779.32 1 1
_/../../../../../Users/corwin/Projects/pongo2/lexie/in/in.go:792.3,792.32 1 1
_/../../../../../Users/corwin/Projects/pongo2/lexie/in/in.go:771.31,773.14 2 1
_/../../../../../Users/corwin/Projects/pongo2/lexie/in/in.go:773.14,775.5 1 1
_/../../../../../Users/corwin/Projects/pongo2/lexie/in/in.go:775.5,777.5 1 1
_/../../../../../Users/corwin/Projects/pongo2/lexie/in/in.go:779.32,781.39 2 1
_/../../../../../Users/corwin/Projects/pongo2/lexie/in/in.go:781.39,782.45 1 1
_/../../../../../Users/corwin/Projects/pongo2/lexie/in/in.go:782.45,784.15 2 1
_/../../../../../Users/corwin/Projects/pongo2/lexie/in/in.go:784.15,786.7 1 1
_/../../../../../Users/corwin/Projects/pongo2/lexie/in/in.go:788.5,790.5 1 0
_/../../../../../Users/corwin/Projects/pongo2/lexie/in/in.go:799.31,801.84 2 1
_/../../../../../Users/corwin/Projects/pongo2/lexie/in/in.go:801.84,809.27 6 1
_/../../../../../Users/corwin/Projects/pongo2/lexie/in/in.go:809.27,812.4 2 1
_/../../../../../Users/corwin/Projects/pongo2/lexie/in/in.go:817.58,819.20 2 1
_/../../../../../Users/corwin/Projects/pongo2/lexie/in/in.go:832.2,832.8 1 1
_/../../../../../Users/corwin/Projects/pongo2/lexie/in/in.go:819.20,820.11 1 1
_/../../../../../Users/corwin/Projects/pongo2/lexie/in/in.go:820.11,823.4 2 1
_/../../../../../Users/corwin/Projects/pongo2/lexie/in/in.go:823.4,824.16 1 1
_/../../../../../Users/corwin/Projects/pongo2/lexie/in/in.go:827.4,827.16 1 1
_/../../../../../Users/corwin/Projects/pongo2/lexie/in/in.go:824.16,826.5 1 1
_/../../../../../Users/corwin/Projects/pongo2/lexie/in/in.go:827.16,829.5 1 1
_/../../../../../Users/corwin/Projects/pongo2/lexie/in/in.go:835.51,838.84 2 1
_/../../../../../Users/corwin/Projects/pongo2/lexie/in/in.go:838.84,847.33 7 1
_/../../../../../Users/corwin/Projects/pongo2/lexie/in/in.go:858.3,858.27 1 1
_/../../../../../Users/corwin/Projects/pongo2/lexie/in/in.go:847.33,848.38 1 1
_/../../../../../Users/corwin/Projects/pongo2/lexie/in/in.go:848.38,850.35 2 1
_/../../../../../Users/corwin/Projects/pongo2/lexie/in/in.go:850.35,852.6 1 1
_/../../../../../Users/corwin/Projects/pongo2/lexie/in/in.go:852.6,854.6 1 1
_/../../../../../Users/corwin/Projects/pongo2/lexie/in/in.go:863.34,866.33 2 1
_/../../../../../Users/corwin/Projects/pongo2/lexie/in/in.go:866.33,870.34 3 1
_/../../../../../Users/corwin/Projects/pongo2/lexie/in/in.go:870.34,874.33 3 1
_/../../../../../Users/corwin/Projects/pongo2/lexie/in/in.go:874.33,879.27 5 1
_/../../../../../Users/corwin/Projects/pongo2/lexie/in/in.go:884.5,884.29 1 1
_/../../../../../Users/corwin/Projects/pongo2/lexie/in/in.go:889.5,889.18 1 1
_/../../../../../Users/corwin/Projects/pongo2/lexie/in/in.go:892.5,892.16 1 1
_/../../../../../Users/corwin/Projects/pongo2/lexie/in/in.go:895.5,895.18 1 1
_/../../../../../Users/corwin/Projects/pongo2/lexie/in/in.go:898.5,898.24 1 1
_/../../../../../Users/corwin/Projects/pongo2/lexie/in/in.go:901.5,901.15 1 1
_/../../../../../Users/corwin/Projects/pongo2/lexie/in/in.go:904.5,904.16 1 1
_/../../../../../Users/corwin/Projects/pongo2/lexie/in/in.go:907.5,907.21 1 1
_/../../../../../Users/corwin/Projects/pongo2/lexie/in/in.go:879.27,881.6 1 1
_/../../../../../Users/corwin/Projects/pongo2/lexie/in/in.go:881.6,883.6 1 1
_/../../../../../Users/corwin/Projects/pongo2/lexie/in/in.go:884.29,886.6 1 1
_/../../../../../Users/corwin/Projects/pongo2/lexie/in/in.go:886.6,888.6 1 1
_/../../../../../Users/corwin/Projects/pongo2/lexie/in/in.go:889.18,891.6 1 1
_/../../../../../Users/corwin/Projects/pongo2/lexie/in/in.go:892.16,894.6 1 1
_/../../../../../Users/corwin/Projects/pongo2/lexie/in/in.go:895.18,897.6 1 1
_/../../../../../Users/corwin/Projects/pongo2/lexie/in/in.go:898.24,900.6 1 1
_/../../../../../Users/corwin/Projects/pongo2/lexie/in/in.go:901.15,903.6 1 1
_/../../../../../Users/corwin/Projects/pongo2/lexie/in/in.go:904.16,906.6 1 1
_/../../../../../Users/corwin/Projects/pongo2/lexie/in/in.go:914.50,917.2 2 1
_/../../../../../Users/corwin/Projects/pongo2/lexie/in/in.go:919.41,922.17 3 1
_/../../../../../Users/corwin/Projects/pongo2/lexie/in/in.go:926.2,927.8 2 1
_/../../../../../Users/corwin/Projects/pongo2/lexie/in/in.go:922.17,924.3 1 1
_/../../../../../Users/corwin/Projects/pongo2/lexie/in/in.go:930.43,932.31 2 1
_/../../../../../Users/corwin/Projects/pongo2/lexie/in/in.go:935.2,936.8 2 1
_/../../../../../Users/corwin/Projects/pongo2/lexie/in/in.go:932.31,934.3 1 1
_/../../../../../Users/corwin/Projects/pongo2/lexie/in/in.go:939.45,941.2 1 1
