mode: set
github.com/pschlump/lexie/in/in.go:92.13,94.2 1 1
github.com/pschlump/lexie/in/in.go:106.49,108.16 2 1
github.com/pschlump/lexie/in/in.go:108.16,111.3 2 1
github.com/pschlump/lexie/in/in.go:112.2,113.8 2 1
github.com/pschlump/lexie/in/in.go:116.43,118.16 2 1
github.com/pschlump/lexie/in/in.go:118.16,121.3 2 1
github.com/pschlump/lexie/in/in.go:122.2,122.18 1 1
github.com/pschlump/lexie/in/in.go:125.42,126.39 1 1
github.com/pschlump/lexie/in/in.go:126.39,128.3 1 1
github.com/pschlump/lexie/in/in.go:128.8,128.42 1 1
github.com/pschlump/lexie/in/in.go:128.42,130.3 1 1
github.com/pschlump/lexie/in/in.go:130.8,130.42 1 1
github.com/pschlump/lexie/in/in.go:130.42,132.3 1 1
github.com/pschlump/lexie/in/in.go:132.8,132.42 1 1
github.com/pschlump/lexie/in/in.go:132.42,134.3 1 1
github.com/pschlump/lexie/in/in.go:134.8,134.40 1 1
github.com/pschlump/lexie/in/in.go:134.40,136.3 1 1
github.com/pschlump/lexie/in/in.go:136.8,136.39 1 1
github.com/pschlump/lexie/in/in.go:136.39,138.3 1 1
github.com/pschlump/lexie/in/in.go:138.8,138.39 1 1
github.com/pschlump/lexie/in/in.go:138.39,140.3 1 1
github.com/pschlump/lexie/in/in.go:140.8,142.3 1 1
github.com/pschlump/lexie/in/in.go:143.2,143.8 1 1
github.com/pschlump/lexie/in/in.go:146.49,148.23 2 1
github.com/pschlump/lexie/in/in.go:148.23,149.12 1 1
github.com/pschlump/lexie/in/in.go:150.57,151.13 1 1
github.com/pschlump/lexie/in/in.go:153.3,153.18 1 1
github.com/pschlump/lexie/in/in.go:155.2,155.8 1 1
github.com/pschlump/lexie/in/in.go:159.48,164.35 4 1
github.com/pschlump/lexie/in/in.go:164.35,166.16 2 1
github.com/pschlump/lexie/in/in.go:166.16,169.13 3 1
github.com/pschlump/lexie/in/in.go:170.13,171.15 1 1
github.com/pschlump/lexie/in/in.go:172.13,173.15 1 1
github.com/pschlump/lexie/in/in.go:174.13,175.15 1 1
github.com/pschlump/lexie/in/in.go:176.13,177.15 1 1
github.com/pschlump/lexie/in/in.go:178.13,179.15 1 0
github.com/pschlump/lexie/in/in.go:180.12,181.20 1 0
github.com/pschlump/lexie/in/in.go:183.9,185.4 1 1
github.com/pschlump/lexie/in/in.go:187.2,187.8 1 1
github.com/pschlump/lexie/in/in.go:190.81,194.13 2 1
github.com/pschlump/lexie/in/in.go:195.14,197.34 2 1
github.com/pschlump/lexie/in/in.go:197.34,198.40 1 1
github.com/pschlump/lexie/in/in.go:198.40,199.24 1 1
github.com/pschlump/lexie/in/in.go:199.24,201.6 1 1
github.com/pschlump/lexie/in/in.go:201.11,204.6 2 1
github.com/pschlump/lexie/in/in.go:205.5,205.9 1 1
github.com/pschlump/lexie/in/in.go:206.10,206.28 1 1
github.com/pschlump/lexie/in/in.go:206.28,207.10 1 1
github.com/pschlump/lexie/in/in.go:208.10,210.5 1 1
github.com/pschlump/lexie/in/in.go:212.3,214.21 2 1
github.com/pschlump/lexie/in/in.go:214.21,216.4 1 1
github.com/pschlump/lexie/in/in.go:217.14,219.34 2 1
github.com/pschlump/lexie/in/in.go:219.34,220.40 1 1
github.com/pschlump/lexie/in/in.go:220.40,221.25 1 1
github.com/pschlump/lexie/in/in.go:221.25,223.6 1 1
github.com/pschlump/lexie/in/in.go:223.11,226.6 2 0
github.com/pschlump/lexie/in/in.go:227.5,227.9 1 1
github.com/pschlump/lexie/in/in.go:228.10,228.29 1 1
github.com/pschlump/lexie/in/in.go:228.29,229.10 1 1
github.com/pschlump/lexie/in/in.go:230.10,232.5 1 1
github.com/pschlump/lexie/in/in.go:234.3,236.21 2 1
github.com/pschlump/lexie/in/in.go:236.21,238.4 1 1
github.com/pschlump/lexie/in/in.go:242.14,244.34 2 1
github.com/pschlump/lexie/in/in.go:244.34,245.58 1 1
github.com/pschlump/lexie/in/in.go:245.58,248.5 2 1
github.com/pschlump/lexie/in/in.go:248.10,248.28 1 1
github.com/pschlump/lexie/in/in.go:248.28,249.10 1 1
github.com/pschlump/lexie/in/in.go:250.10,252.5 1 1
github.com/pschlump/lexie/in/in.go:254.3,254.21 1 1
github.com/pschlump/lexie/in/in.go:254.21,256.4 1 1
github.com/pschlump/lexie/in/in.go:257.3,257.33 1 1
github.com/pschlump/lexie/in/in.go:261.17,262.34 1 1
github.com/pschlump/lexie/in/in.go:262.34,263.39 1 1
github.com/pschlump/lexie/in/in.go:263.39,264.10 1 1
github.com/pschlump/lexie/in/in.go:267.3,269.21 2 1
github.com/pschlump/lexie/in/in.go:269.21,271.4 1 1
github.com/pschlump/lexie/in/in.go:274.2,274.8 1 1
github.com/pschlump/lexie/in/in.go:289.13,302.2 11 1
github.com/pschlump/lexie/in/in.go:304.34,306.16 2 1
github.com/pschlump/lexie/in/in.go:306.16,308.3 1 1
github.com/pschlump/lexie/in/in.go:309.2,309.14 1 1
github.com/pschlump/lexie/in/in.go:313.31,315.16 2 1
github.com/pschlump/lexie/in/in.go:315.16,317.3 1 1
github.com/pschlump/lexie/in/in.go:318.2,318.14 1 1
github.com/pschlump/lexie/in/in.go:321.40,325.2 2 1
github.com/pschlump/lexie/in/in.go:327.82,334.31 4 1
github.com/pschlump/lexie/in/in.go:334.31,335.21 1 1
github.com/pschlump/lexie/in/in.go:335.21,337.4 1 1
github.com/pschlump/lexie/in/in.go:339.2,339.8 1 1
github.com/pschlump/lexie/in/in.go:343.60,347.33 4 1
github.com/pschlump/lexie/in/in.go:347.33,349.21 2 1
github.com/pschlump/lexie/in/in.go:349.21,351.4 1 1
github.com/pschlump/lexie/in/in.go:352.8,354.3 1 1
github.com/pschlump/lexie/in/in.go:355.2,355.8 1 1
github.com/pschlump/lexie/in/in.go:359.44,364.2 2 1
github.com/pschlump/lexie/in/in.go:367.57,370.15 3 1
github.com/pschlump/lexie/in/in.go:370.15,373.21 3 1
github.com/pschlump/lexie/in/in.go:373.21,375.4 1 1
github.com/pschlump/lexie/in/in.go:376.8,378.3 1 1
github.com/pschlump/lexie/in/in.go:379.2,379.8 1 1
github.com/pschlump/lexie/in/in.go:382.42,384.15 2 1
github.com/pschlump/lexie/in/in.go:384.15,386.25 2 1
github.com/pschlump/lexie/in/in.go:386.25,387.34 1 1
github.com/pschlump/lexie/in/in.go:387.34,389.5 1 1
github.com/pschlump/lexie/in/in.go:392.2,392.8 1 1
github.com/pschlump/lexie/in/in.go:395.27,399.2 3 1
github.com/pschlump/lexie/in/in.go:402.40,408.2 4 1
github.com/pschlump/lexie/in/in.go:410.44,416.2 4 1
github.com/pschlump/lexie/in/in.go:418.43,419.86 1 1
github.com/pschlump/lexie/in/in.go:419.86,422.3 2 0
github.com/pschlump/lexie/in/in.go:423.2,423.13 1 1
github.com/pschlump/lexie/in/in.go:428.89,429.30 1 1
github.com/pschlump/lexie/in/in.go:429.30,430.27 1 1
github.com/pschlump/lexie/in/in.go:430.27,432.11 2 1
github.com/pschlump/lexie/in/in.go:432.11,441.5 1 1
github.com/pschlump/lexie/in/in.go:443.4,444.26 2 1
github.com/pschlump/lexie/in/in.go:444.26,446.5 1 1
github.com/pschlump/lexie/in/in.go:447.4,448.15 2 1
github.com/pschlump/lexie/in/in.go:448.15,450.44 2 1
github.com/pschlump/lexie/in/in.go:450.44,452.6 1 1
github.com/pschlump/lexie/in/in.go:452.11,453.17 1 1
github.com/pschlump/lexie/in/in.go:453.17,455.7 1 0
github.com/pschlump/lexie/in/in.go:457.10,459.43 2 1
github.com/pschlump/lexie/in/in.go:459.43,461.6 1 1
github.com/pschlump/lexie/in/in.go:464.4,468.32 5 1
github.com/pschlump/lexie/in/in.go:474.44,479.37 4 1
github.com/pschlump/lexie/in/in.go:479.37,482.25 3 1
github.com/pschlump/lexie/in/in.go:482.25,484.15 2 1
github.com/pschlump/lexie/in/in.go:485.20,489.28 3 1
github.com/pschlump/lexie/in/in.go:490.16,491.11 1 1
github.com/pschlump/lexie/in/in.go:493.16,495.16 1 1
github.com/pschlump/lexie/in/in.go:495.16,497.6 1 0
github.com/pschlump/lexie/in/in.go:498.5,499.49 2 1
github.com/pschlump/lexie/in/in.go:500.16,501.16 1 1
github.com/pschlump/lexie/in/in.go:502.16,503.16 1 1
github.com/pschlump/lexie/in/in.go:504.16,505.16 1 1
github.com/pschlump/lexie/in/in.go:506.19,509.62 2 1
github.com/pschlump/lexie/in/in.go:510.16,512.16 1 1
github.com/pschlump/lexie/in/in.go:512.16,514.6 1 0
github.com/pschlump/lexie/in/in.go:515.5,516.60 2 1
github.com/pschlump/lexie/in/in.go:517.12,518.29 1 0
github.com/pschlump/lexie/in/in.go:522.2,524.8 3 1
github.com/pschlump/lexie/in/in.go:527.109,529.11 2 1
github.com/pschlump/lexie/in/in.go:529.11,531.3 1 1
github.com/pschlump/lexie/in/in.go:533.2,539.26 2 1
github.com/pschlump/lexie/in/in.go:539.26,543.13 3 1
github.com/pschlump/lexie/in/in.go:544.13,546.61 2 1
github.com/pschlump/lexie/in/in.go:547.15,549.63 2 1
github.com/pschlump/lexie/in/in.go:550.15,552.24 2 1
github.com/pschlump/lexie/in/in.go:553.17,555.27 2 1
github.com/pschlump/lexie/in/in.go:556.20,557.22 1 1
github.com/pschlump/lexie/in/in.go:558.16,561.61 3 1
github.com/pschlump/lexie/in/in.go:562.23,564.68 2 1
github.com/pschlump/lexie/in/in.go:565.17,566.19 1 1
github.com/pschlump/lexie/in/in.go:567.15,570.61 3 1
github.com/pschlump/lexie/in/in.go:571.16,571.16 0 1
github.com/pschlump/lexie/in/in.go:573.11,574.97 1 0
github.com/pschlump/lexie/in/in.go:577.2,577.58 1 1
github.com/pschlump/lexie/in/in.go:580.49,590.2 5 1
github.com/pschlump/lexie/in/in.go:619.46,622.84 1 1
github.com/pschlump/lexie/in/in.go:622.84,625.35 2 1
github.com/pschlump/lexie/in/in.go:625.35,628.4 1 1
github.com/pschlump/lexie/in/in.go:630.2,630.11 1 0
github.com/pschlump/lexie/in/in.go:633.56,634.30 1 1
github.com/pschlump/lexie/in/in.go:634.30,637.35 2 1
github.com/pschlump/lexie/in/in.go:637.35,640.4 1 1
github.com/pschlump/lexie/in/in.go:642.2,642.11 1 1
github.com/pschlump/lexie/in/in.go:651.76,654.25 2 1
github.com/pschlump/lexie/in/in.go:654.25,656.67 1 1
github.com/pschlump/lexie/in/in.go:656.67,659.4 2 1
github.com/pschlump/lexie/in/in.go:664.2,664.8 1 1
github.com/pschlump/lexie/in/in.go:669.35,674.84 3 1
github.com/pschlump/lexie/in/in.go:674.84,680.26 3 1
github.com/pschlump/lexie/in/in.go:680.26,682.40 2 1
github.com/pschlump/lexie/in/in.go:682.40,685.19 2 1
github.com/pschlump/lexie/in/in.go:685.19,687.6 1 0
github.com/pschlump/lexie/in/in.go:687.11,690.6 2 1
github.com/pschlump/lexie/in/in.go:694.3,696.26 2 1
github.com/pschlump/lexie/in/in.go:696.26,698.40 2 1
github.com/pschlump/lexie/in/in.go:698.41,699.5 0 1
github.com/pschlump/lexie/in/in.go:699.10,699.29 1 1
github.com/pschlump/lexie/in/in.go:699.29,701.39 1 1
github.com/pschlump/lexie/in/in.go:701.39,704.6 2 1
github.com/pschlump/lexie/in/in.go:705.5,709.10 4 1
github.com/pschlump/lexie/in/in.go:712.3,718.26 2 1
github.com/pschlump/lexie/in/in.go:718.26,720.40 2 1
github.com/pschlump/lexie/in/in.go:720.41,721.5 0 1
github.com/pschlump/lexie/in/in.go:721.10,721.28 1 1
github.com/pschlump/lexie/in/in.go:721.28,723.40 1 1
github.com/pschlump/lexie/in/in.go:723.40,726.6 2 0
github.com/pschlump/lexie/in/in.go:731.3,731.26 1 1
github.com/pschlump/lexie/in/in.go:731.26,733.40 2 1
github.com/pschlump/lexie/in/in.go:733.41,734.5 0 1
github.com/pschlump/lexie/in/in.go:734.10,734.28 1 1
github.com/pschlump/lexie/in/in.go:734.28,735.40 1 1
github.com/pschlump/lexie/in/in.go:735.40,738.6 2 0
github.com/pschlump/lexie/in/in.go:738.11,740.15 2 1
github.com/pschlump/lexie/in/in.go:740.15,745.7 4 0
github.com/pschlump/lexie/in/in.go:745.12,748.7 2 1
github.com/pschlump/lexie/in/in.go:752.3,752.31 1 1
github.com/pschlump/lexie/in/in.go:755.2,755.32 1 1
github.com/pschlump/lexie/in/in.go:755.32,756.31 1 1
github.com/pschlump/lexie/in/in.go:756.31,757.26 1 1
github.com/pschlump/lexie/in/in.go:757.26,760.5 1 1
github.com/pschlump/lexie/in/in.go:761.4,761.28 1 1
github.com/pschlump/lexie/in/in.go:761.28,764.5 1 1
github.com/pschlump/lexie/in/in.go:769.2,769.33 1 1
github.com/pschlump/lexie/in/in.go:769.33,772.31 3 1
github.com/pschlump/lexie/in/in.go:772.31,774.14 2 1
github.com/pschlump/lexie/in/in.go:774.14,776.5 1 1
github.com/pschlump/lexie/in/in.go:776.10,778.5 1 1
github.com/pschlump/lexie/in/in.go:780.3,780.32 1 1
github.com/pschlump/lexie/in/in.go:780.32,782.39 2 1
github.com/pschlump/lexie/in/in.go:782.39,783.45 1 1
github.com/pschlump/lexie/in/in.go:783.45,785.15 2 1
github.com/pschlump/lexie/in/in.go:785.15,787.7 1 1
github.com/pschlump/lexie/in/in.go:789.10,791.5 1 0
github.com/pschlump/lexie/in/in.go:793.3,793.32 1 1
github.com/pschlump/lexie/in/in.go:796.2,797.22 2 1
github.com/pschlump/lexie/in/in.go:800.31,802.84 2 1
github.com/pschlump/lexie/in/in.go:802.84,810.27 6 1
github.com/pschlump/lexie/in/in.go:810.27,813.4 2 1
github.com/pschlump/lexie/in/in.go:818.58,820.20 2 1
github.com/pschlump/lexie/in/in.go:820.20,821.11 1 1
github.com/pschlump/lexie/in/in.go:821.11,824.4 2 1
github.com/pschlump/lexie/in/in.go:824.9,825.16 1 1
github.com/pschlump/lexie/in/in.go:825.16,827.5 1 1
github.com/pschlump/lexie/in/in.go:828.4,828.16 1 1
github.com/pschlump/lexie/in/in.go:828.16,830.5 1 1
github.com/pschlump/lexie/in/in.go:833.2,833.8 1 1
github.com/pschlump/lexie/in/in.go:836.51,839.84 2 1
github.com/pschlump/lexie/in/in.go:839.84,848.33 7 1
github.com/pschlump/lexie/in/in.go:848.33,849.38 1 1
github.com/pschlump/lexie/in/in.go:849.38,851.35 2 1
github.com/pschlump/lexie/in/in.go:851.35,853.6 1 1
github.com/pschlump/lexie/in/in.go:853.11,855.6 1 1
github.com/pschlump/lexie/in/in.go:859.3,859.27 1 1
github.com/pschlump/lexie/in/in.go:864.34,867.36 2 1
github.com/pschlump/lexie/in/in.go:867.36,871.34 3 1
github.com/pschlump/lexie/in/in.go:871.34,875.33 3 1
github.com/pschlump/lexie/in/in.go:875.33,880.27 5 1
github.com/pschlump/lexie/in/in.go:880.27,882.6 1 1
github.com/pschlump/lexie/in/in.go:882.11,884.6 1 1
github.com/pschlump/lexie/in/in.go:885.5,885.29 1 1
github.com/pschlump/lexie/in/in.go:885.29,887.6 1 1
github.com/pschlump/lexie/in/in.go:887.11,889.6 1 1
github.com/pschlump/lexie/in/in.go:890.5,890.18 1 1
github.com/pschlump/lexie/in/in.go:890.18,892.6 1 1
github.com/pschlump/lexie/in/in.go:893.5,893.16 1 1
github.com/pschlump/lexie/in/in.go:893.16,895.6 1 1
github.com/pschlump/lexie/in/in.go:896.5,896.18 1 1
github.com/pschlump/lexie/in/in.go:896.18,898.6 1 1
github.com/pschlump/lexie/in/in.go:899.5,899.24 1 1
github.com/pschlump/lexie/in/in.go:899.24,901.6 1 1
github.com/pschlump/lexie/in/in.go:902.5,902.15 1 1
github.com/pschlump/lexie/in/in.go:902.15,904.6 1 1
github.com/pschlump/lexie/in/in.go:905.5,905.16 1 1
github.com/pschlump/lexie/in/in.go:905.16,907.6 1 1
github.com/pschlump/lexie/in/in.go:908.5,908.21 1 1
github.com/pschlump/lexie/in/in.go:915.50,918.2 2 1
github.com/pschlump/lexie/in/in.go:920.41,924.17 4 1
github.com/pschlump/lexie/in/in.go:924.17,926.3 1 1
github.com/pschlump/lexie/in/in.go:928.2,929.8 2 1
github.com/pschlump/lexie/in/in.go:932.43,934.31 2 1
github.com/pschlump/lexie/in/in.go:934.31,936.3 1 1
github.com/pschlump/lexie/in/in.go:937.2,938.8 2 1
github.com/pschlump/lexie/in/in.go:941.45,943.2 1 1
