mode: set
github.com/pschlump/lexie/com/stash_error.go:98.27,99.33 1 0
github.com/pschlump/lexie/com/stash_error.go:99.33,101.3 1 0
github.com/pschlump/lexie/com/stash_error.go:102.2,102.46 1 0
github.com/pschlump/lexie/com/utility_funcs.go:31.47,34.29 2 0
github.com/pschlump/lexie/com/utility_funcs.go:34.29,36.3 1 0
github.com/pschlump/lexie/com/utility_funcs.go:37.2,37.22 1 0
github.com/pschlump/lexie/com/utility_funcs.go:37.22,39.3 1 0
github.com/pschlump/lexie/com/utility_funcs.go:40.2,55.8 2 0
github.com/pschlump/lexie/com/utility_funcs.go:58.63,59.22 1 0
github.com/pschlump/lexie/com/utility_funcs.go:59.22,61.3 1 0
github.com/pschlump/lexie/com/utility_funcs.go:62.2,63.8 2 0
github.com/pschlump/lexie/com/utility_funcs.go:66.48,70.2 3 0
github.com/pschlump/lexie/com/utility_funcs.go:72.36,76.29 3 0
github.com/pschlump/lexie/com/utility_funcs.go:76.29,79.3 2 0
github.com/pschlump/lexie/com/utility_funcs.go:80.2,80.10 1 0
github.com/pschlump/lexie/com/utility_funcs.go:83.38,86.22 2 0
github.com/pschlump/lexie/com/utility_funcs.go:86.22,88.3 1 0
github.com/pschlump/lexie/com/utility_funcs.go:90.2,91.22 2 0
github.com/pschlump/lexie/com/utility_funcs.go:91.22,92.15 1 0
github.com/pschlump/lexie/com/utility_funcs.go:92.15,94.12 2 0
github.com/pschlump/lexie/com/utility_funcs.go:96.3,96.23 1 0
github.com/pschlump/lexie/com/utility_funcs.go:99.2,99.12 1 0
github.com/pschlump/lexie/com/utility_funcs.go:102.44,103.22 1 1
github.com/pschlump/lexie/com/utility_funcs.go:103.22,105.3 1 0
github.com/pschlump/lexie/com/utility_funcs.go:106.2,106.24 1 1
github.com/pschlump/lexie/com/utility_funcs.go:106.24,107.18 1 1
github.com/pschlump/lexie/com/utility_funcs.go:107.18,109.4 1 0
github.com/pschlump/lexie/com/utility_funcs.go:111.2,111.13 1 1
github.com/pschlump/lexie/com/utility_funcs.go:116.28,117.7 1 0
github.com/pschlump/lexie/com/utility_funcs.go:117.7,119.3 1 0
github.com/pschlump/lexie/com/utility_funcs.go:120.2,120.17 1 0
github.com/pschlump/lexie/com/utility_funcs.go:122.32,123.7 1 0
github.com/pschlump/lexie/com/utility_funcs.go:123.7,125.3 1 0
github.com/pschlump/lexie/com/utility_funcs.go:126.2,126.12 1 0
github.com/pschlump/lexie/com/utility_funcs.go:129.52,131.13 1 0
github.com/pschlump/lexie/com/utility_funcs.go:131.13,134.3 2 0
github.com/pschlump/lexie/com/utility_funcs.go:136.2,139.24 3 0
github.com/pschlump/lexie/com/utility_funcs.go:139.24,142.3 2 0
github.com/pschlump/lexie/com/utility_funcs.go:143.2,143.23 1 0
github.com/pschlump/lexie/com/utility_funcs.go:143.23,146.3 2 0
github.com/pschlump/lexie/com/utility_funcs.go:147.2,147.24 1 0
github.com/pschlump/lexie/com/utility_funcs.go:147.24,150.3 2 0
github.com/pschlump/lexie/com/utility_funcs.go:151.2,151.23 1 0
github.com/pschlump/lexie/com/utility_funcs.go:151.23,154.3 2 0
github.com/pschlump/lexie/com/utility_funcs.go:155.2,155.27 1 0
github.com/pschlump/lexie/com/utility_funcs.go:155.27,158.3 2 0
github.com/pschlump/lexie/com/utility_funcs.go:159.2,159.26 1 0
github.com/pschlump/lexie/com/utility_funcs.go:159.26,162.3 2 0
github.com/pschlump/lexie/com/utility_funcs.go:163.2,163.25 1 0
github.com/pschlump/lexie/com/utility_funcs.go:163.25,166.3 2 0
github.com/pschlump/lexie/com/utility_funcs.go:167.2,167.29 1 0
github.com/pschlump/lexie/com/utility_funcs.go:167.29,170.3 2 0
github.com/pschlump/lexie/com/utility_funcs.go:171.2,171.25 1 0
github.com/pschlump/lexie/com/utility_funcs.go:171.25,174.3 2 0
github.com/pschlump/lexie/com/utility_funcs.go:175.2,175.27 1 0
github.com/pschlump/lexie/com/utility_funcs.go:175.27,178.3 2 0
github.com/pschlump/lexie/com/utility_funcs.go:179.2,179.25 1 0
github.com/pschlump/lexie/com/utility_funcs.go:179.25,182.3 2 0
github.com/pschlump/lexie/com/utility_funcs.go:184.2,184.8 1 0
github.com/pschlump/lexie/com/utility_funcs.go:222.13,235.2 12 1
github.com/pschlump/lexie/com/utility_funcs.go:240.55,243.25 2 0
github.com/pschlump/lexie/com/utility_funcs.go:243.25,246.24 2 0
github.com/pschlump/lexie/com/utility_funcs.go:246.24,248.4 1 0
github.com/pschlump/lexie/com/utility_funcs.go:250.3,250.29 1 0
github.com/pschlump/lexie/com/utility_funcs.go:250.29,252.26 2 0
github.com/pschlump/lexie/com/utility_funcs.go:252.26,254.5 1 0
github.com/pschlump/lexie/com/utility_funcs.go:257.2,257.8 1 0
github.com/pschlump/lexie/com/utility_funcs.go:263.34,264.45 1 0
github.com/pschlump/lexie/com/utility_funcs.go:264.45,265.25 1 0
github.com/pschlump/lexie/com/utility_funcs.go:265.25,267.4 1 0
github.com/pschlump/lexie/com/utility_funcs.go:268.8,269.20 1 0
github.com/pschlump/lexie/com/utility_funcs.go:269.20,271.4 1 0
github.com/pschlump/lexie/com/utility_funcs.go:273.2,273.14 1 0
github.com/pschlump/lexie/com/utility_funcs.go:293.58,295.16 2 0
github.com/pschlump/lexie/com/utility_funcs.go:295.16,297.3 1 0
github.com/pschlump/lexie/com/utility_funcs.go:298.2,298.30 1 0
github.com/pschlump/lexie/com/utility_funcs.go:298.30,299.52 1 0
github.com/pschlump/lexie/com/utility_funcs.go:299.52,300.21 1 0
github.com/pschlump/lexie/com/utility_funcs.go:300.21,302.5 1 0
github.com/pschlump/lexie/com/utility_funcs.go:302.10,304.5 1 0
github.com/pschlump/lexie/com/utility_funcs.go:307.2,307.8 1 0
github.com/pschlump/lexie/com/utility_funcs.go:312.42,313.8 1 0
github.com/pschlump/lexie/com/utility_funcs.go:313.8,315.3 1 0
github.com/pschlump/lexie/com/utility_funcs.go:315.8,317.3 1 0
github.com/pschlump/lexie/com/utility_funcs.go:326.56,328.16 2 0
github.com/pschlump/lexie/com/utility_funcs.go:328.16,331.3 2 0
github.com/pschlump/lexie/com/utility_funcs.go:333.2,333.29 1 0
github.com/pschlump/lexie/com/utility_funcs.go:333.29,335.17 2 0
github.com/pschlump/lexie/com/utility_funcs.go:335.17,338.4 2 0
github.com/pschlump/lexie/com/utility_funcs.go:339.3,339.27 1 0
github.com/pschlump/lexie/com/utility_funcs.go:339.27,341.4 1 0
github.com/pschlump/lexie/com/utility_funcs.go:342.3,342.33 1 0
github.com/pschlump/lexie/com/utility_funcs.go:342.33,344.4 1 0
github.com/pschlump/lexie/com/utility_funcs.go:345.8,347.3 1 0
github.com/pschlump/lexie/com/utility_funcs.go:348.2,348.13 1 0
github.com/pschlump/lexie/com/utility_funcs.go:354.78,356.16 2 1
github.com/pschlump/lexie/com/utility_funcs.go:356.16,358.3 1 0
github.com/pschlump/lexie/com/utility_funcs.go:362.2,362.30 1 1
github.com/pschlump/lexie/com/utility_funcs.go:362.30,363.52 1 1
github.com/pschlump/lexie/com/utility_funcs.go:363.52,364.21 1 1
github.com/pschlump/lexie/com/utility_funcs.go:364.21,369.19 4 1
github.com/pschlump/lexie/com/utility_funcs.go:369.19,371.6 1 0
github.com/pschlump/lexie/com/utility_funcs.go:372.5,373.31 2 1
github.com/pschlump/lexie/com/utility_funcs.go:374.10,379.5 3 1
github.com/pschlump/lexie/com/utility_funcs.go:382.2,382.8 1 1
github.com/pschlump/lexie/com/utility_funcs.go:387.63,391.23 3 0
github.com/pschlump/lexie/com/utility_funcs.go:391.23,392.36 1 0
github.com/pschlump/lexie/com/utility_funcs.go:392.36,394.4 1 0
github.com/pschlump/lexie/com/utility_funcs.go:397.2,397.8 1 0
github.com/pschlump/lexie/com/utility_funcs.go:402.61,405.16 2 0
github.com/pschlump/lexie/com/utility_funcs.go:405.16,407.3 1 0
github.com/pschlump/lexie/com/utility_funcs.go:408.2,410.8 2 0
github.com/pschlump/lexie/com/utility_funcs.go:416.69,417.27 1 1
github.com/pschlump/lexie/com/utility_funcs.go:417.27,421.3 3 1
github.com/pschlump/lexie/com/utility_funcs.go:422.2,422.8 1 1
github.com/pschlump/lexie/com/utility_funcs.go:432.62,434.16 2 0
github.com/pschlump/lexie/com/utility_funcs.go:434.16,436.3 1 0
github.com/pschlump/lexie/com/utility_funcs.go:437.2,437.29 1 0
github.com/pschlump/lexie/com/utility_funcs.go:437.29,440.3 1 0
github.com/pschlump/lexie/com/utility_funcs.go:441.2,442.16 2 0
github.com/pschlump/lexie/com/utility_funcs.go:442.16,443.26 1 0
github.com/pschlump/lexie/com/utility_funcs.go:443.26,445.4 1 0
github.com/pschlump/lexie/com/utility_funcs.go:446.8,447.32 1 0
github.com/pschlump/lexie/com/utility_funcs.go:447.32,449.4 1 0
github.com/pschlump/lexie/com/utility_funcs.go:450.3,450.28 1 0
github.com/pschlump/lexie/com/utility_funcs.go:450.28,452.4 1 0
github.com/pschlump/lexie/com/utility_funcs.go:454.2,454.17 1 0
github.com/pschlump/lexie/com/utility_funcs.go:454.17,455.42 1 0
github.com/pschlump/lexie/com/utility_funcs.go:455.42,457.4 1 0
github.com/pschlump/lexie/com/utility_funcs.go:459.2,460.8 2 0
github.com/pschlump/lexie/com/utility_funcs.go:467.52,469.16 2 0
github.com/pschlump/lexie/com/utility_funcs.go:469.16,471.3 1 0
github.com/pschlump/lexie/com/utility_funcs.go:472.2,474.16 3 0
github.com/pschlump/lexie/com/utility_funcs.go:474.16,476.3 1 0
github.com/pschlump/lexie/com/utility_funcs.go:477.2,477.15 1 0
github.com/pschlump/lexie/com/utility_funcs.go:477.15,479.17 2 0
github.com/pschlump/lexie/com/utility_funcs.go:479.17,481.4 1 0
github.com/pschlump/lexie/com/utility_funcs.go:483.2,483.43 1 0
github.com/pschlump/lexie/com/utility_funcs.go:483.43,485.3 1 0
github.com/pschlump/lexie/com/utility_funcs.go:486.2,487.8 2 0
github.com/pschlump/lexie/com/utility_funcs.go:503.13,517.2 13 1
github.com/pschlump/lexie/com/utility_funcs.go:519.35,522.2 2 0
github.com/pschlump/lexie/com/utility_funcs.go:564.38,567.20 2 0
github.com/pschlump/lexie/com/utility_funcs.go:567.20,569.3 1 0
github.com/pschlump/lexie/com/utility_funcs.go:569.8,569.18 1 0
github.com/pschlump/lexie/com/utility_funcs.go:569.18,571.3 1 0
github.com/pschlump/lexie/com/utility_funcs.go:571.8,573.3 1 0
github.com/pschlump/lexie/com/utility_funcs.go:574.2,574.8 1 0
github.com/pschlump/lexie/com/utility_funcs.go:581.41,584.20 2 0
github.com/pschlump/lexie/com/utility_funcs.go:584.20,586.3 1 0
github.com/pschlump/lexie/com/utility_funcs.go:586.8,586.18 1 0
github.com/pschlump/lexie/com/utility_funcs.go:586.18,588.3 1 0
github.com/pschlump/lexie/com/utility_funcs.go:588.8,590.3 1 0
github.com/pschlump/lexie/com/utility_funcs.go:591.2,591.8 1 0
github.com/pschlump/lexie/com/utility_funcs.go:594.51,595.26 1 0
github.com/pschlump/lexie/com/utility_funcs.go:595.26,596.19 1 0
github.com/pschlump/lexie/com/utility_funcs.go:596.19,598.4 1 0
github.com/pschlump/lexie/com/utility_funcs.go:600.2,600.14 1 0
github.com/pschlump/lexie/com/utility_funcs.go:603.36,607.2 3 0
github.com/pschlump/lexie/com/utility_funcs.go:611.13,613.2 1 1
github.com/pschlump/lexie/com/utility_funcs.go:617.55,619.77 1 0
github.com/pschlump/lexie/com/utility_funcs.go:619.77,621.3 1 0
github.com/pschlump/lexie/com/utility_funcs.go:624.61,625.77 1 0
github.com/pschlump/lexie/com/utility_funcs.go:625.77,628.10 3 0
github.com/pschlump/lexie/com/utility_funcs.go:628.10,630.4 1 0
github.com/pschlump/lexie/com/utility_funcs.go:631.3,631.19 1 0
github.com/pschlump/lexie/com/utility_funcs.go:632.15,633.29 1 0
github.com/pschlump/lexie/com/utility_funcs.go:634.11,636.21 2 0
