mode: set
_/Users/corwin/Projects/pongo2/lexie/com/db.go:30.13,33.2 2 1
_/Users/corwin/Projects/pongo2/lexie/com/db.go:35.62,38.35 3 1
_/Users/corwin/Projects/pongo2/lexie/com/db.go:38.35,40.3 1 1
_/Users/corwin/Projects/pongo2/lexie/com/db.go:43.76,46.35 3 1
_/Users/corwin/Projects/pongo2/lexie/com/db.go:46.35,48.3 1 1
_/Users/corwin/Projects/pongo2/lexie/com/db.go:58.32,62.30 4 1
_/Users/corwin/Projects/pongo2/lexie/com/db.go:65.2,65.8 1 1
_/Users/corwin/Projects/pongo2/lexie/com/db.go:62.30,64.3 1 1
_/Users/corwin/Projects/pongo2/lexie/com/db.go:68.63,70.17 2 1
_/Users/corwin/Projects/pongo2/lexie/com/db.go:79.2,79.8 1 1
_/Users/corwin/Projects/pongo2/lexie/com/db.go:70.17,72.3 1 1
_/Users/corwin/Projects/pongo2/lexie/com/db.go:72.3,72.24 1 1
_/Users/corwin/Projects/pongo2/lexie/com/db.go:72.24,74.3 1 1
_/Users/corwin/Projects/pongo2/lexie/com/db.go:74.3,74.24 1 1
_/Users/corwin/Projects/pongo2/lexie/com/db.go:74.24,76.3 1 1
_/Users/corwin/Projects/pongo2/lexie/com/db.go:76.3,78.3 1 1
_/Users/corwin/Projects/pongo2/lexie/com/db.go:88.27,89.26 1 1
_/Users/corwin/Projects/pongo2/lexie/com/db.go:92.2,92.46 1 1
_/Users/corwin/Projects/pongo2/lexie/com/db.go:89.26,91.3 1 1
_/Users/corwin/Projects/pongo2/lexie/com/db.go:96.31,99.16 3 1
_/Users/corwin/Projects/pongo2/lexie/com/db.go:102.2,103.8 2 1
_/Users/corwin/Projects/pongo2/lexie/com/db.go:106.2,106.8 1 1
_/Users/corwin/Projects/pongo2/lexie/com/db.go:99.16,101.3 1 1
_/Users/corwin/Projects/pongo2/lexie/com/db.go:103.8,105.3 1 1
_/Users/corwin/Projects/pongo2/lexie/com/db.go:111.33,114.16 3 1
_/Users/corwin/Projects/pongo2/lexie/com/db.go:117.2,118.8 2 1
_/Users/corwin/Projects/pongo2/lexie/com/db.go:121.2,121.8 1 1
_/Users/corwin/Projects/pongo2/lexie/com/db.go:114.16,116.3 1 1
_/Users/corwin/Projects/pongo2/lexie/com/db.go:118.8,120.3 1 1
_/Users/corwin/Projects/pongo2/lexie/com/db.go:125.33,128.16 3 1
_/Users/corwin/Projects/pongo2/lexie/com/db.go:131.2,132.8 2 1
_/Users/corwin/Projects/pongo2/lexie/com/db.go:135.2,135.8 1 1
_/Users/corwin/Projects/pongo2/lexie/com/db.go:128.16,130.3 1 1
_/Users/corwin/Projects/pongo2/lexie/com/db.go:132.8,134.3 1 1
_/Users/corwin/Projects/pongo2/lexie/com/db.go:138.31,140.16 2 1
_/Users/corwin/Projects/pongo2/lexie/com/db.go:143.2,144.8 2 1
_/Users/corwin/Projects/pongo2/lexie/com/db.go:147.2,147.8 1 1
_/Users/corwin/Projects/pongo2/lexie/com/db.go:140.16,142.3 1 1
_/Users/corwin/Projects/pongo2/lexie/com/db.go:144.8,146.3 1 1
_/Users/corwin/Projects/pongo2/lexie/com/util.go:22.47,25.29 2 1
_/Users/corwin/Projects/pongo2/lexie/com/util.go:28.2,28.22 1 1
_/Users/corwin/Projects/pongo2/lexie/com/util.go:31.2,46.8 2 1
_/Users/corwin/Projects/pongo2/lexie/com/util.go:25.29,27.3 1 1
_/Users/corwin/Projects/pongo2/lexie/com/util.go:28.22,30.3 1 1
_/Users/corwin/Projects/pongo2/lexie/com/util.go:49.63,50.22 1 1
_/Users/corwin/Projects/pongo2/lexie/com/util.go:53.2,54.8 2 1
_/Users/corwin/Projects/pongo2/lexie/com/util.go:50.22,52.3 1 1
_/Users/corwin/Projects/pongo2/lexie/com/util.go:57.48,61.2 3 1
_/Users/corwin/Projects/pongo2/lexie/com/util.go:63.36,67.29 3 1
_/Users/corwin/Projects/pongo2/lexie/com/util.go:71.2,71.10 1 1
_/Users/corwin/Projects/pongo2/lexie/com/util.go:67.29,70.3 2 1
_/Users/corwin/Projects/pongo2/lexie/com/util.go:74.38,77.22 2 1
_/Users/corwin/Projects/pongo2/lexie/com/util.go:81.2,82.22 2 1
_/Users/corwin/Projects/pongo2/lexie/com/util.go:90.2,90.12 1 1
_/Users/corwin/Projects/pongo2/lexie/com/util.go:77.22,79.3 1 1
_/Users/corwin/Projects/pongo2/lexie/com/util.go:82.22,83.15 1 1
_/Users/corwin/Projects/pongo2/lexie/com/util.go:87.3,87.23 1 1
_/Users/corwin/Projects/pongo2/lexie/com/util.go:83.15,85.12 2 1
_/Users/corwin/Projects/pongo2/lexie/com/util.go:95.28,96.7 1 1
_/Users/corwin/Projects/pongo2/lexie/com/util.go:99.2,99.17 1 1
_/Users/corwin/Projects/pongo2/lexie/com/util.go:96.7,98.3 1 1
_/Users/corwin/Projects/pongo2/lexie/com/util.go:101.32,102.7 1 1
_/Users/corwin/Projects/pongo2/lexie/com/util.go:105.2,105.12 1 1
_/Users/corwin/Projects/pongo2/lexie/com/util.go:102.7,104.3 1 1
_/Users/corwin/Projects/pongo2/lexie/com/util.go:108.52,110.13 1 1
_/Users/corwin/Projects/pongo2/lexie/com/util.go:115.2,118.24 3 1
_/Users/corwin/Projects/pongo2/lexie/com/util.go:122.2,122.23 1 1
_/Users/corwin/Projects/pongo2/lexie/com/util.go:126.2,126.24 1 1
_/Users/corwin/Projects/pongo2/lexie/com/util.go:130.2,130.23 1 1
_/Users/corwin/Projects/pongo2/lexie/com/util.go:134.2,134.27 1 1
_/Users/corwin/Projects/pongo2/lexie/com/util.go:138.2,138.26 1 1
_/Users/corwin/Projects/pongo2/lexie/com/util.go:142.2,142.25 1 1
_/Users/corwin/Projects/pongo2/lexie/com/util.go:146.2,146.29 1 1
_/Users/corwin/Projects/pongo2/lexie/com/util.go:150.2,150.25 1 1
_/Users/corwin/Projects/pongo2/lexie/com/util.go:154.2,154.27 1 1
_/Users/corwin/Projects/pongo2/lexie/com/util.go:158.2,158.25 1 1
_/Users/corwin/Projects/pongo2/lexie/com/util.go:163.2,163.8 1 1
_/Users/corwin/Projects/pongo2/lexie/com/util.go:110.13,113.3 2 1
_/Users/corwin/Projects/pongo2/lexie/com/util.go:118.24,121.3 2 1
_/Users/corwin/Projects/pongo2/lexie/com/util.go:122.23,125.3 2 1
_/Users/corwin/Projects/pongo2/lexie/com/util.go:126.24,129.3 2 1
_/Users/corwin/Projects/pongo2/lexie/com/util.go:130.23,133.3 2 1
_/Users/corwin/Projects/pongo2/lexie/com/util.go:134.27,137.3 2 1
_/Users/corwin/Projects/pongo2/lexie/com/util.go:138.26,141.3 2 1
_/Users/corwin/Projects/pongo2/lexie/com/util.go:142.25,145.3 2 1
_/Users/corwin/Projects/pongo2/lexie/com/util.go:146.29,149.3 2 1
_/Users/corwin/Projects/pongo2/lexie/com/util.go:150.25,153.3 2 1
_/Users/corwin/Projects/pongo2/lexie/com/util.go:154.27,157.3 2 1
_/Users/corwin/Projects/pongo2/lexie/com/util.go:158.25,161.3 2 1
_/Users/corwin/Projects/pongo2/lexie/com/util.go:201.13,214.2 12 1
_/Users/corwin/Projects/pongo2/lexie/com/util.go:219.55,222.25 2 1
_/Users/corwin/Projects/pongo2/lexie/com/util.go:236.2,236.8 1 1
_/Users/corwin/Projects/pongo2/lexie/com/util.go:222.25,225.24 2 1
_/Users/corwin/Projects/pongo2/lexie/com/util.go:229.3,229.29 1 1
_/Users/corwin/Projects/pongo2/lexie/com/util.go:225.24,227.4 1 1
_/Users/corwin/Projects/pongo2/lexie/com/util.go:229.29,231.26 2 1
_/Users/corwin/Projects/pongo2/lexie/com/util.go:231.26,233.5 1 1
_/Users/corwin/Projects/pongo2/lexie/com/util.go:242.34,243.45 1 1
_/Users/corwin/Projects/pongo2/lexie/com/util.go:252.2,252.14 1 1
_/Users/corwin/Projects/pongo2/lexie/com/util.go:243.45,244.25 1 1
_/Users/corwin/Projects/pongo2/lexie/com/util.go:244.25,246.4 1 1
_/Users/corwin/Projects/pongo2/lexie/com/util.go:247.3,248.20 1 1
_/Users/corwin/Projects/pongo2/lexie/com/util.go:248.20,250.4 1 1
_/Users/corwin/Projects/pongo2/lexie/com/util.go:258.31,259.41 1 1
_/Users/corwin/Projects/pongo2/lexie/com/util.go:264.2,264.13 1 1
_/Users/corwin/Projects/pongo2/lexie/com/util.go:259.41,260.25 1 1
_/Users/corwin/Projects/pongo2/lexie/com/util.go:260.25,262.4 1 1
_/Users/corwin/Projects/pongo2/lexie/com/util.go:270.58,272.16 2 1
_/Users/corwin/Projects/pongo2/lexie/com/util.go:275.2,275.30 1 1
_/Users/corwin/Projects/pongo2/lexie/com/util.go:284.2,284.8 1 1
_/Users/corwin/Projects/pongo2/lexie/com/util.go:272.16,274.3 1 1
_/Users/corwin/Projects/pongo2/lexie/com/util.go:275.30,276.52 1 1
_/Users/corwin/Projects/pongo2/lexie/com/util.go:276.52,277.21 1 1
_/Users/corwin/Projects/pongo2/lexie/com/util.go:277.21,279.5 1 1
_/Users/corwin/Projects/pongo2/lexie/com/util.go:279.5,281.5 1 1
_/Users/corwin/Projects/pongo2/lexie/com/util.go:289.42,290.8 1 1
_/Users/corwin/Projects/pongo2/lexie/com/util.go:290.8,292.3 1 1
_/Users/corwin/Projects/pongo2/lexie/com/util.go:292.3,294.3 1 1
