mode: set
_/Users/corwin/Projects/pongo2/lexie/dfa/dfa.go:77.34,84.2 1 1
_/Users/corwin/Projects/pongo2/lexie/dfa/dfa.go:87.44,89.2 1 0
_/Users/corwin/Projects/pongo2/lexie/dfa/dfa.go:93.39,96.52 2 1
_/Users/corwin/Projects/pongo2/lexie/dfa/dfa.go:113.2,119.12 7 1
_/Users/corwin/Projects/pongo2/lexie/dfa/dfa.go:96.52,100.3 2 1
_/Users/corwin/Projects/pongo2/lexie/dfa/dfa.go:100.3,100.53 1 1
_/Users/corwin/Projects/pongo2/lexie/dfa/dfa.go:100.53,108.3 6 1
_/Users/corwin/Projects/pongo2/lexie/dfa/dfa.go:108.3,112.3 2 0
_/Users/corwin/Projects/pongo2/lexie/dfa/dfa.go:124.42,130.2 5 0
_/Users/corwin/Projects/pongo2/lexie/dfa/dfa.go:134.42,136.2 1 0
_/Users/corwin/Projects/pongo2/lexie/dfa/dfa.go:139.40,144.2 4 0
_/Users/corwin/Projects/pongo2/lexie/dfa/dfa.go:152.42,153.31 1 1
_/Users/corwin/Projects/pongo2/lexie/dfa/dfa.go:153.31,154.16 1 1
_/Users/corwin/Projects/pongo2/lexie/dfa/dfa.go:154.16,155.27 1 1
_/Users/corwin/Projects/pongo2/lexie/dfa/dfa.go:155.27,156.76 1 1
_/Users/corwin/Projects/pongo2/lexie/dfa/dfa.go:159.5,159.77 1 1
_/Users/corwin/Projects/pongo2/lexie/dfa/dfa.go:162.5,162.78 1 1
_/Users/corwin/Projects/pongo2/lexie/dfa/dfa.go:165.5,165.129 1 1
_/Users/corwin/Projects/pongo2/lexie/dfa/dfa.go:168.5,168.137 1 1
_/Users/corwin/Projects/pongo2/lexie/dfa/dfa.go:156.76,158.6 1 0
_/Users/corwin/Projects/pongo2/lexie/dfa/dfa.go:159.77,161.6 1 0
_/Users/corwin/Projects/pongo2/lexie/dfa/dfa.go:162.78,164.6 1 0
_/Users/corwin/Projects/pongo2/lexie/dfa/dfa.go:165.129,167.6 1 1
_/Users/corwin/Projects/pongo2/lexie/dfa/dfa.go:168.137,170.6 1 1
_/Users/corwin/Projects/pongo2/lexie/dfa/dfa.go:196.45,197.9 1 1
_/Users/corwin/Projects/pongo2/lexie/dfa/dfa.go:200.2,203.34 4 1
_/Users/corwin/Projects/pongo2/lexie/dfa/dfa.go:210.2,213.31 4 1
_/Users/corwin/Projects/pongo2/lexie/dfa/dfa.go:197.9,199.3 1 0
_/Users/corwin/Projects/pongo2/lexie/dfa/dfa.go:203.34,204.12 1 1
_/Users/corwin/Projects/pongo2/lexie/dfa/dfa.go:208.3,208.12 1 1
_/Users/corwin/Projects/pongo2/lexie/dfa/dfa.go:204.12,207.4 2 0
_/Users/corwin/Projects/pongo2/lexie/dfa/dfa.go:213.31,214.23 1 1
_/Users/corwin/Projects/pongo2/lexie/dfa/dfa.go:214.23,217.17 3 1
_/Users/corwin/Projects/pongo2/lexie/dfa/dfa.go:226.4,226.34 1 1
_/Users/corwin/Projects/pongo2/lexie/dfa/dfa.go:217.17,218.17 1 1
_/Users/corwin/Projects/pongo2/lexie/dfa/dfa.go:218.17,220.6 1 1
_/Users/corwin/Projects/pongo2/lexie/dfa/dfa.go:220.6,222.6 1 1
_/Users/corwin/Projects/pongo2/lexie/dfa/dfa.go:223.5,225.5 1 1
_/Users/corwin/Projects/pongo2/lexie/dfa/dfa.go:226.34,228.33 2 1
_/Users/corwin/Projects/pongo2/lexie/dfa/dfa.go:267.5,268.56 2 1
_/Users/corwin/Projects/pongo2/lexie/dfa/dfa.go:275.5,275.21 1 1
_/Users/corwin/Projects/pongo2/lexie/dfa/dfa.go:228.33,229.23 1 1
_/Users/corwin/Projects/pongo2/lexie/dfa/dfa.go:232.6,232.21 1 1
_/Users/corwin/Projects/pongo2/lexie/dfa/dfa.go:229.23,231.7 1 0
_/Users/corwin/Projects/pongo2/lexie/dfa/dfa.go:232.21,234.7 1 0
_/Users/corwin/Projects/pongo2/lexie/dfa/dfa.go:234.7,238.17 3 1
_/Users/corwin/Projects/pongo2/lexie/dfa/dfa.go:264.7,264.84 1 1
_/Users/corwin/Projects/pongo2/lexie/dfa/dfa.go:239.7,240.25 1 1
_/Users/corwin/Projects/pongo2/lexie/dfa/dfa.go:241.7,242.25 1 0
_/Users/corwin/Projects/pongo2/lexie/dfa/dfa.go:243.7,244.25 1 0
_/Users/corwin/Projects/pongo2/lexie/dfa/dfa.go:245.7,246.29 1 1
_/Users/corwin/Projects/pongo2/lexie/dfa/dfa.go:247.7,248.27 1 1
_/Users/corwin/Projects/pongo2/lexie/dfa/dfa.go:249.7,250.27 1 1
_/Users/corwin/Projects/pongo2/lexie/dfa/dfa.go:251.7,252.27 1 0
_/Users/corwin/Projects/pongo2/lexie/dfa/dfa.go:253.7,254.30 1 0
_/Users/corwin/Projects/pongo2/lexie/dfa/dfa.go:255.7,256.25 1 1
_/Users/corwin/Projects/pongo2/lexie/dfa/dfa.go:257.7,258.29 1 0
_/Users/corwin/Projects/pongo2/lexie/dfa/dfa.go:259.7,260.27 1 0
_/Users/corwin/Projects/pongo2/lexie/dfa/dfa.go:261.7,262.29 1 0
_/Users/corwin/Projects/pongo2/lexie/dfa/dfa.go:268.56,274.6 2 1
_/Users/corwin/Projects/pongo2/lexie/dfa/dfa.go:282.58,284.34 2 0
_/Users/corwin/Projects/pongo2/lexie/dfa/dfa.go:291.2,295.15 5 0
_/Users/corwin/Projects/pongo2/lexie/dfa/dfa.go:300.2,301.30 2 0
_/Users/corwin/Projects/pongo2/lexie/dfa/dfa.go:308.2,309.53 2 0
_/Users/corwin/Projects/pongo2/lexie/dfa/dfa.go:312.2,313.10 2 0
_/Users/corwin/Projects/pongo2/lexie/dfa/dfa.go:284.34,285.12 1 0
_/Users/corwin/Projects/pongo2/lexie/dfa/dfa.go:289.3,289.12 1 0
_/Users/corwin/Projects/pongo2/lexie/dfa/dfa.go:285.12,288.4 2 0
_/Users/corwin/Projects/pongo2/lexie/dfa/dfa.go:295.15,297.3 1 0
_/Users/corwin/Projects/pongo2/lexie/dfa/dfa.go:297.3,299.3 1 0
_/Users/corwin/Projects/pongo2/lexie/dfa/dfa.go:301.30,302.18 1 0
_/Users/corwin/Projects/pongo2/lexie/dfa/dfa.go:302.18,304.4 1 0
_/Users/corwin/Projects/pongo2/lexie/dfa/dfa.go:304.4,306.4 1 0
_/Users/corwin/Projects/pongo2/lexie/dfa/dfa.go:309.53,311.3 1 0
_/Users/corwin/Projects/pongo2/lexie/dfa/dfa.go:317.69,323.31 3 1
_/Users/corwin/Projects/pongo2/lexie/dfa/dfa.go:337.2,337.11 1 1
_/Users/corwin/Projects/pongo2/lexie/dfa/dfa.go:323.31,328.16 1 1
_/Users/corwin/Projects/pongo2/lexie/dfa/dfa.go:328.16,330.25 1 1
_/Users/corwin/Projects/pongo2/lexie/dfa/dfa.go:330.25,333.5 1 1
_/Users/corwin/Projects/pongo2/lexie/dfa/dfa.go:341.40,342.31 1 1
_/Users/corwin/Projects/pongo2/lexie/dfa/dfa.go:342.31,343.16 1 1
_/Users/corwin/Projects/pongo2/lexie/dfa/dfa.go:343.16,345.4 1 0
_/Users/corwin/Projects/pongo2/lexie/dfa/dfa.go:350.47,351.31 1 1
_/Users/corwin/Projects/pongo2/lexie/dfa/dfa.go:356.2,356.11 1 1
_/Users/corwin/Projects/pongo2/lexie/dfa/dfa.go:351.31,352.31 1 1
_/Users/corwin/Projects/pongo2/lexie/dfa/dfa.go:352.31,354.4 1 1
_/Users/corwin/Projects/pongo2/lexie/dfa/dfa.go:360.57,367.2 6 1
_/Users/corwin/Projects/pongo2/lexie/dfa/dfa.go:370.57,372.33 1 1
_/Users/corwin/Projects/pongo2/lexie/dfa/dfa.go:372.33,374.3 1 1
_/Users/corwin/Projects/pongo2/lexie/dfa/dfa.go:378.65,385.2 1 1
_/Users/corwin/Projects/pongo2/lexie/dfa/dfa.go:396.63,410.59 11 1
_/Users/corwin/Projects/pongo2/lexie/dfa/dfa.go:417.2,417.27 1 1
_/Users/corwin/Projects/pongo2/lexie/dfa/dfa.go:421.2,421.30 1 1
_/Users/corwin/Projects/pongo2/lexie/dfa/dfa.go:462.2,466.91 4 1
_/Users/corwin/Projects/pongo2/lexie/dfa/dfa.go:521.2,521.21 1 1
_/Users/corwin/Projects/pongo2/lexie/dfa/dfa.go:410.59,414.3 3 1
_/Users/corwin/Projects/pongo2/lexie/dfa/dfa.go:414.3,416.3 1 1
_/Users/corwin/Projects/pongo2/lexie/dfa/dfa.go:417.27,419.3 1 0
_/Users/corwin/Projects/pongo2/lexie/dfa/dfa.go:421.30,424.24 3 1
_/Users/corwin/Projects/pongo2/lexie/dfa/dfa.go:424.24,433.52 8 1
_/Users/corwin/Projects/pongo2/lexie/dfa/dfa.go:440.4,442.62 3 1
_/Users/corwin/Projects/pongo2/lexie/dfa/dfa.go:455.4,456.29 2 1
_/Users/corwin/Projects/pongo2/lexie/dfa/dfa.go:433.52,436.5 2 1
_/Users/corwin/Projects/pongo2/lexie/dfa/dfa.go:436.5,439.5 2 1
_/Users/corwin/Projects/pongo2/lexie/dfa/dfa.go:442.62,447.5 4 1
_/Users/corwin/Projects/pongo2/lexie/dfa/dfa.go:447.5,447.79 1 1
_/Users/corwin/Projects/pongo2/lexie/dfa/dfa.go:447.79,451.5 3 1
_/Users/corwin/Projects/pongo2/lexie/dfa/dfa.go:451.5,454.5 2 1
_/Users/corwin/Projects/pongo2/lexie/dfa/dfa.go:456.29,459.5 2 0
_/Users/corwin/Projects/pongo2/lexie/dfa/dfa.go:466.91,469.35 2 1
_/Users/corwin/Projects/pongo2/lexie/dfa/dfa.go:515.3,517.20 3 1
_/Users/corwin/Projects/pongo2/lexie/dfa/dfa.go:469.35,473.32 4 1
_/Users/corwin/Projects/pongo2/lexie/dfa/dfa.go:473.32,477.26 4 1
_/Users/corwin/Projects/pongo2/lexie/dfa/dfa.go:477.26,484.54 7 1
_/Users/corwin/Projects/pongo2/lexie/dfa/dfa.go:490.6,492.64 3 1
_/Users/corwin/Projects/pongo2/lexie/dfa/dfa.go:505.6,506.31 2 1
_/Users/corwin/Projects/pongo2/lexie/dfa/dfa.go:484.54,487.7 2 1
_/Users/corwin/Projects/pongo2/lexie/dfa/dfa.go:487.7,489.7 1 1
_/Users/corwin/Projects/pongo2/lexie/dfa/dfa.go:492.64,497.7 4 1
_/Users/corwin/Projects/pongo2/lexie/dfa/dfa.go:497.7,497.81 1 1
_/Users/corwin/Projects/pongo2/lexie/dfa/dfa.go:497.81,501.7 3 1
_/Users/corwin/Projects/pongo2/lexie/dfa/dfa.go:501.7,504.7 2 1
_/Users/corwin/Projects/pongo2/lexie/dfa/dfa.go:506.31,510.7 3 0
_/Users/corwin/Projects/pongo2/lexie/dfa/dfa.go:517.20,518.9 1 0
_/Users/corwin/Projects/pongo2/lexie/dfa/dfa.go:528.72,530.31 2 1
_/Users/corwin/Projects/pongo2/lexie/dfa/dfa.go:545.2,545.25 1 1
_/Users/corwin/Projects/pongo2/lexie/dfa/dfa.go:530.31,531.16 1 1
_/Users/corwin/Projects/pongo2/lexie/dfa/dfa.go:531.16,533.17 2 1
_/Users/corwin/Projects/pongo2/lexie/dfa/dfa.go:536.4,538.32 3 1
_/Users/corwin/Projects/pongo2/lexie/dfa/dfa.go:542.4,542.27 1 1
_/Users/corwin/Projects/pongo2/lexie/dfa/dfa.go:533.17,535.5 1 1
_/Users/corwin/Projects/pongo2/lexie/dfa/dfa.go:538.32,541.5 2 1
_/Users/corwin/Projects/pongo2/lexie/dfa/dfa.go:551.74,554.25 2 1
_/Users/corwin/Projects/pongo2/lexie/dfa/dfa.go:565.2,573.31 3 1
_/Users/corwin/Projects/pongo2/lexie/dfa/dfa.go:580.2,582.26 3 1
_/Users/corwin/Projects/pongo2/lexie/dfa/dfa.go:586.2,591.30 2 1
_/Users/corwin/Projects/pongo2/lexie/dfa/dfa.go:602.2,602.24 1 1
_/Users/corwin/Projects/pongo2/lexie/dfa/dfa.go:554.25,556.3 1 0
_/Users/corwin/Projects/pongo2/lexie/dfa/dfa.go:556.3,556.31 1 1
_/Users/corwin/Projects/pongo2/lexie/dfa/dfa.go:556.31,558.3 1 1
_/Users/corwin/Projects/pongo2/lexie/dfa/dfa.go:558.3,558.31 1 1
_/Users/corwin/Projects/pongo2/lexie/dfa/dfa.go:558.31,560.3 1 0
_/Users/corwin/Projects/pongo2/lexie/dfa/dfa.go:560.3,560.31 1 1
_/Users/corwin/Projects/pongo2/lexie/dfa/dfa.go:560.31,562.3 1 0
_/Users/corwin/Projects/pongo2/lexie/dfa/dfa.go:562.3,562.31 1 1
_/Users/corwin/Projects/pongo2/lexie/dfa/dfa.go:562.31,564.3 1 1
_/Users/corwin/Projects/pongo2/lexie/dfa/dfa.go:573.31,574.16 1 1
_/Users/corwin/Projects/pongo2/lexie/dfa/dfa.go:574.16,575.17 1 1
_/Users/corwin/Projects/pongo2/lexie/dfa/dfa.go:575.17,577.5 1 1
_/Users/corwin/Projects/pongo2/lexie/dfa/dfa.go:582.26,585.3 2 1
_/Users/corwin/Projects/pongo2/lexie/dfa/dfa.go:591.30,592.16 1 1
_/Users/corwin/Projects/pongo2/lexie/dfa/dfa.go:592.16,593.32 1 1
_/Users/corwin/Projects/pongo2/lexie/dfa/dfa.go:593.32,594.24 1 1
_/Users/corwin/Projects/pongo2/lexie/dfa/dfa.go:594.24,596.6 1 1
_/Users/corwin/Projects/pongo2/lexie/dfa/dfa.go:596.6,598.6 1 1
_/Users/corwin/Projects/pongo2/lexie/dfa/dfa.go:633.58,635.30 2 1
_/Users/corwin/Projects/pongo2/lexie/dfa/dfa.go:640.2,640.8 1 1
_/Users/corwin/Projects/pongo2/lexie/dfa/dfa.go:635.30,636.16 1 1
_/Users/corwin/Projects/pongo2/lexie/dfa/dfa.go:636.16,638.4 1 1
_/Users/corwin/Projects/pongo2/lexie/dfa/dfa.go:644.57,653.31 8 1
_/Users/corwin/Projects/pongo2/lexie/dfa/dfa.go:731.2,731.8 1 1
_/Users/corwin/Projects/pongo2/lexie/dfa/dfa.go:653.31,654.16 1 1
_/Users/corwin/Projects/pongo2/lexie/dfa/dfa.go:654.16,657.33 3 1
_/Users/corwin/Projects/pongo2/lexie/dfa/dfa.go:660.4,666.32 7 1
_/Users/corwin/Projects/pongo2/lexie/dfa/dfa.go:693.4,693.11 1 1
_/Users/corwin/Projects/pongo2/lexie/dfa/dfa.go:704.4,704.13 1 1
_/Users/corwin/Projects/pongo2/lexie/dfa/dfa.go:713.4,713.11 1 1
_/Users/corwin/Projects/pongo2/lexie/dfa/dfa.go:720.4,720.136 1 1
_/Users/corwin/Projects/pongo2/lexie/dfa/dfa.go:728.4,728.8 1 1
_/Users/corwin/Projects/pongo2/lexie/dfa/dfa.go:657.33,659.5 1 1
_/Users/corwin/Projects/pongo2/lexie/dfa/dfa.go:666.32,669.26 1 1
_/Users/corwin/Projects/pongo2/lexie/dfa/dfa.go:669.26,673.6 2 1
_/Users/corwin/Projects/pongo2/lexie/dfa/dfa.go:673.6,673.35 1 1
_/Users/corwin/Projects/pongo2/lexie/dfa/dfa.go:673.35,680.6 5 0
_/Users/corwin/Projects/pongo2/lexie/dfa/dfa.go:680.6,680.37 1 1
_/Users/corwin/Projects/pongo2/lexie/dfa/dfa.go:680.37,687.6 5 1
_/Users/corwin/Projects/pongo2/lexie/dfa/dfa.go:687.6,691.6 3 1
_/Users/corwin/Projects/pongo2/lexie/dfa/dfa.go:693.11,694.38 1 1
_/Users/corwin/Projects/pongo2/lexie/dfa/dfa.go:694.38,699.60 2 1
_/Users/corwin/Projects/pongo2/lexie/dfa/dfa.go:699.60,701.7 1 0
_/Users/corwin/Projects/pongo2/lexie/dfa/dfa.go:704.13,705.38 1 0
_/Users/corwin/Projects/pongo2/lexie/dfa/dfa.go:705.38,708.85 2 0
_/Users/corwin/Projects/pongo2/lexie/dfa/dfa.go:708.85,710.7 1 0
_/Users/corwin/Projects/pongo2/lexie/dfa/dfa.go:713.11,714.38 1 1
_/Users/corwin/Projects/pongo2/lexie/dfa/dfa.go:714.38,715.37 1 1
_/Users/corwin/Projects/pongo2/lexie/dfa/dfa.go:715.37,717.7 1 1
_/Users/corwin/Projects/pongo2/lexie/dfa/dfa.go:720.136,727.5 1 1
_/Users/corwin/Projects/pongo2/lexie/dfa/dfa.go:735.41,740.2 2 1
_/Users/corwin/Projects/pongo2/lexie/dfa/dfa.go:743.70,751.32 2 1
_/Users/corwin/Projects/pongo2/lexie/dfa/dfa.go:751.32,753.23 1 1
_/Users/corwin/Projects/pongo2/lexie/dfa/dfa.go:753.23,764.37 4 1
_/Users/corwin/Projects/pongo2/lexie/dfa/dfa.go:775.4,777.37 3 1
_/Users/corwin/Projects/pongo2/lexie/dfa/dfa.go:780.4,782.37 3 1
_/Users/corwin/Projects/pongo2/lexie/dfa/dfa.go:785.4,788.37 3 1
_/Users/corwin/Projects/pongo2/lexie/dfa/dfa.go:797.4,800.37 3 1
_/Users/corwin/Projects/pongo2/lexie/dfa/dfa.go:803.4,804.35 2 1
_/Users/corwin/Projects/pongo2/lexie/dfa/dfa.go:824.4,824.25 1 1
_/Users/corwin/Projects/pongo2/lexie/dfa/dfa.go:764.37,765.28 1 1
_/Users/corwin/Projects/pongo2/lexie/dfa/dfa.go:765.28,769.6 3 1
_/Users/corwin/Projects/pongo2/lexie/dfa/dfa.go:769.6,772.6 1 1
_/Users/corwin/Projects/pongo2/lexie/dfa/dfa.go:777.37,779.5 1 1
_/Users/corwin/Projects/pongo2/lexie/dfa/dfa.go:782.37,784.5 1 1
_/Users/corwin/Projects/pongo2/lexie/dfa/dfa.go:788.37,789.29 1 1
_/Users/corwin/Projects/pongo2/lexie/dfa/dfa.go:789.29,793.6 3 1
_/Users/corwin/Projects/pongo2/lexie/dfa/dfa.go:793.6,795.6 1 1
_/Users/corwin/Projects/pongo2/lexie/dfa/dfa.go:800.37,802.5 1 1
_/Users/corwin/Projects/pongo2/lexie/dfa/dfa.go:804.35,806.15 2 1
_/Users/corwin/Projects/pongo2/lexie/dfa/dfa.go:809.5,809.28 1 1
_/Users/corwin/Projects/pongo2/lexie/dfa/dfa.go:814.5,814.30 1 1
_/Users/corwin/Projects/pongo2/lexie/dfa/dfa.go:822.5,822.26 1 1
_/Users/corwin/Projects/pongo2/lexie/dfa/dfa.go:806.15,808.6 1 1
_/Users/corwin/Projects/pongo2/lexie/dfa/dfa.go:809.28,811.6 1 1
_/Users/corwin/Projects/pongo2/lexie/dfa/dfa.go:811.6,813.6 1 1
_/Users/corwin/Projects/pongo2/lexie/dfa/dfa.go:814.30,815.18 1 1
_/Users/corwin/Projects/pongo2/lexie/dfa/dfa.go:815.18,818.7 1 1
_/Users/corwin/Projects/pongo2/lexie/dfa/dfa.go:818.7,820.7 1 1
_/Users/corwin/Projects/pongo2/lexie/dfa/dfa.go:826.4,828.4 1 0
_/Users/corwin/Projects/pongo2/lexie/dfa/match.go:112.24,118.2 1 1
_/Users/corwin/Projects/pongo2/lexie/dfa/match.go:121.45,123.2 1 0
_/Users/corwin/Projects/pongo2/lexie/dfa/match.go:127.52,130.24 3 0
_/Users/corwin/Projects/pongo2/lexie/dfa/match.go:135.2,135.8 1 0
_/Users/corwin/Projects/pongo2/lexie/dfa/match.go:130.24,131.48 1 0
_/Users/corwin/Projects/pongo2/lexie/dfa/match.go:131.48,133.4 1 0
_/Users/corwin/Projects/pongo2/lexie/dfa/match.go:140.51,142.24 2 0
_/Users/corwin/Projects/pongo2/lexie/dfa/match.go:145.2,145.23 1 0
_/Users/corwin/Projects/pongo2/lexie/dfa/match.go:142.24,144.3 1 0
_/Users/corwin/Projects/pongo2/lexie/dfa/match.go:150.38,154.2 3 0
_/Users/corwin/Projects/pongo2/lexie/dfa/match.go:159.49,161.2 1 0
_/Users/corwin/Projects/pongo2/lexie/dfa/match.go:162.50,164.2 1 0
_/Users/corwin/Projects/pongo2/lexie/dfa/match.go:168.56,172.30 3 1
_/Users/corwin/Projects/pongo2/lexie/dfa/match.go:172.30,173.16 1 1
_/Users/corwin/Projects/pongo2/lexie/dfa/match.go:173.16,174.27 1 1
_/Users/corwin/Projects/pongo2/lexie/dfa/match.go:174.27,175.41 1 1
_/Users/corwin/Projects/pongo2/lexie/dfa/match.go:175.41,178.6 2 1
_/Users/corwin/Projects/pongo2/lexie/dfa/match.go:186.74,191.2 1 1
_/Users/corwin/Projects/pongo2/lexie/dfa/match.go:194.86,199.2 3 0
_/Users/corwin/Projects/pongo2/lexie/dfa/match.go:202.49,205.2 1 0
_/Users/corwin/Projects/pongo2/lexie/dfa/match.go:208.39,210.34 1 1
_/Users/corwin/Projects/pongo2/lexie/dfa/match.go:210.34,213.3 2 1
_/Users/corwin/Projects/pongo2/lexie/dfa/match.go:217.50,219.13 2 1
_/Users/corwin/Projects/pongo2/lexie/dfa/match.go:222.2,222.26 1 1
_/Users/corwin/Projects/pongo2/lexie/dfa/match.go:225.2,225.15 1 1
_/Users/corwin/Projects/pongo2/lexie/dfa/match.go:228.2,228.14 1 1
_/Users/corwin/Projects/pongo2/lexie/dfa/match.go:231.2,231.25 1 1
_/Users/corwin/Projects/pongo2/lexie/dfa/match.go:234.2,234.12 1 1
_/Users/corwin/Projects/pongo2/lexie/dfa/match.go:238.2,238.13 1 1
_/Users/corwin/Projects/pongo2/lexie/dfa/match.go:241.2,241.18 1 1
_/Users/corwin/Projects/pongo2/lexie/dfa/match.go:244.2,244.11 1 1
_/Users/corwin/Projects/pongo2/lexie/dfa/match.go:219.13,221.3 1 1
_/Users/corwin/Projects/pongo2/lexie/dfa/match.go:222.26,224.3 1 1
_/Users/corwin/Projects/pongo2/lexie/dfa/match.go:225.15,227.3 1 1
_/Users/corwin/Projects/pongo2/lexie/dfa/match.go:228.14,230.3 1 0
_/Users/corwin/Projects/pongo2/lexie/dfa/match.go:231.25,233.3 1 1
_/Users/corwin/Projects/pongo2/lexie/dfa/match.go:234.12,237.3 2 1
_/Users/corwin/Projects/pongo2/lexie/dfa/match.go:238.13,240.3 1 1
_/Users/corwin/Projects/pongo2/lexie/dfa/match.go:241.18,243.3 1 1
_/Users/corwin/Projects/pongo2/lexie/dfa/match.go:249.44,256.41 4 1
_/Users/corwin/Projects/pongo2/lexie/dfa/match.go:264.2,264.37 1 1
_/Users/corwin/Projects/pongo2/lexie/dfa/match.go:256.41,262.3 3 1
_/Users/corwin/Projects/pongo2/lexie/dfa/match.go:264.37,270.32 5 1
_/Users/corwin/Projects/pongo2/lexie/dfa/match.go:293.3,294.32 2 1
_/Users/corwin/Projects/pongo2/lexie/dfa/match.go:299.3,302.32 3 1
_/Users/corwin/Projects/pongo2/lexie/dfa/match.go:306.3,310.32 4 1
_/Users/corwin/Projects/pongo2/lexie/dfa/match.go:314.3,316.32 2 1
_/Users/corwin/Projects/pongo2/lexie/dfa/match.go:270.32,272.23 2 1
_/Users/corwin/Projects/pongo2/lexie/dfa/match.go:275.4,276.15 2 1
_/Users/corwin/Projects/pongo2/lexie/dfa/match.go:280.4,281.27 2 1
_/Users/corwin/Projects/pongo2/lexie/dfa/match.go:288.4,288.23 1 1
_/Users/corwin/Projects/pongo2/lexie/dfa/match.go:272.23,274.5 1 1
_/Users/corwin/Projects/pongo2/lexie/dfa/match.go:276.15,279.5 2 1
_/Users/corwin/Projects/pongo2/lexie/dfa/match.go:281.27,284.5 2 1
_/Users/corwin/Projects/pongo2/lexie/dfa/match.go:284.5,287.5 2 1
_/Users/corwin/Projects/pongo2/lexie/dfa/match.go:288.23,290.5 1 1
_/Users/corwin/Projects/pongo2/lexie/dfa/match.go:294.32,297.4 2 1
_/Users/corwin/Projects/pongo2/lexie/dfa/match.go:302.32,305.4 2 1
_/Users/corwin/Projects/pongo2/lexie/dfa/match.go:310.32,313.4 2 1
_/Users/corwin/Projects/pongo2/lexie/dfa/match.go:316.32,333.18 12 1
_/Users/corwin/Projects/pongo2/lexie/dfa/match.go:333.18,336.5 2 1
_/Users/corwin/Projects/pongo2/lexie/dfa/nm.go:78.76,89.34 8 1
_/Users/corwin/Projects/pongo2/lexie/dfa/nm.go:97.2,115.27 16 1
_/Users/corwin/Projects/pongo2/lexie/dfa/nm.go:128.2,128.27 1 1
_/Users/corwin/Projects/pongo2/lexie/dfa/nm.go:137.2,139.22 3 1
_/Users/corwin/Projects/pongo2/lexie/dfa/nm.go:183.2,183.34 1 1
_/Users/corwin/Projects/pongo2/lexie/dfa/nm.go:205.2,205.22 1 1
_/Users/corwin/Projects/pongo2/lexie/dfa/nm.go:212.2,212.28 1 1
_/Users/corwin/Projects/pongo2/lexie/dfa/nm.go:226.2,226.21 1 1
_/Users/corwin/Projects/pongo2/lexie/dfa/nm.go:241.2,241.23 1 1
_/Users/corwin/Projects/pongo2/lexie/dfa/nm.go:248.2,248.12 1 1
_/Users/corwin/Projects/pongo2/lexie/dfa/nm.go:325.2,325.11 1 1
_/Users/corwin/Projects/pongo2/lexie/dfa/nm.go:331.2,331.22 1 1
_/Users/corwin/Projects/pongo2/lexie/dfa/nm.go:89.34,96.3 5 1
_/Users/corwin/Projects/pongo2/lexie/dfa/nm.go:115.27,117.11 2 1
_/Users/corwin/Projects/pongo2/lexie/dfa/nm.go:125.3,125.9 1 1
_/Users/corwin/Projects/pongo2/lexie/dfa/nm.go:117.11,121.4 3 0
_/Users/corwin/Projects/pongo2/lexie/dfa/nm.go:121.4,124.4 2 1
_/Users/corwin/Projects/pongo2/lexie/dfa/nm.go:128.27,130.11 2 1
_/Users/corwin/Projects/pongo2/lexie/dfa/nm.go:134.3,134.9 1 1
_/Users/corwin/Projects/pongo2/lexie/dfa/nm.go:130.11,133.4 2 1
_/Users/corwin/Projects/pongo2/lexie/dfa/nm.go:139.22,141.53 2 1
_/Users/corwin/Projects/pongo2/lexie/dfa/nm.go:144.3,145.57 2 1
_/Users/corwin/Projects/pongo2/lexie/dfa/nm.go:149.3,155.49 2 1
_/Users/corwin/Projects/pongo2/lexie/dfa/nm.go:168.3,180.20 6 1
_/Users/corwin/Projects/pongo2/lexie/dfa/nm.go:141.53,143.4 1 1
_/Users/corwin/Projects/pongo2/lexie/dfa/nm.go:145.57,147.4 1 1
_/Users/corwin/Projects/pongo2/lexie/dfa/nm.go:155.49,160.10 4 1
_/Users/corwin/Projects/pongo2/lexie/dfa/nm.go:165.4,165.34 1 1
_/Users/corwin/Projects/pongo2/lexie/dfa/nm.go:160.10,163.5 2 1
_/Users/corwin/Projects/pongo2/lexie/dfa/nm.go:183.34,184.100 1 1
_/Users/corwin/Projects/pongo2/lexie/dfa/nm.go:188.3,193.23 5 1
_/Users/corwin/Projects/pongo2/lexie/dfa/nm.go:200.3,202.125 3 1
_/Users/corwin/Projects/pongo2/lexie/dfa/nm.go:184.100,187.4 2 0
_/Users/corwin/Projects/pongo2/lexie/dfa/nm.go:193.23,194.49 1 0
_/Users/corwin/Projects/pongo2/lexie/dfa/nm.go:194.49,198.5 2 0
_/Users/corwin/Projects/pongo2/lexie/dfa/nm.go:205.22,207.29 2 1
_/Users/corwin/Projects/pongo2/lexie/dfa/nm.go:207.29,209.4 1 1
_/Users/corwin/Projects/pongo2/lexie/dfa/nm.go:212.28,224.3 9 1
_/Users/corwin/Projects/pongo2/lexie/dfa/nm.go:226.21,227.26 1 1
_/Users/corwin/Projects/pongo2/lexie/dfa/nm.go:238.3,238.13 1 1
_/Users/corwin/Projects/pongo2/lexie/dfa/nm.go:227.26,235.4 7 1
_/Users/corwin/Projects/pongo2/lexie/dfa/nm.go:235.4,237.4 1 0
_/Users/corwin/Projects/pongo2/lexie/dfa/nm.go:241.23,246.3 4 0
_/Users/corwin/Projects/pongo2/lexie/dfa/nm.go:248.12,259.21 9 1
_/Users/corwin/Projects/pongo2/lexie/dfa/nm.go:302.3,302.63 1 1
_/Users/corwin/Projects/pongo2/lexie/dfa/nm.go:313.3,315.15 3 1
_/Users/corwin/Projects/pongo2/lexie/dfa/nm.go:319.3,319.21 1 1
_/Users/corwin/Projects/pongo2/lexie/dfa/nm.go:259.21,262.4 2 1
_/Users/corwin/Projects/pongo2/lexie/dfa/nm.go:262.4,262.89 1 1
_/Users/corwin/Projects/pongo2/lexie/dfa/nm.go:262.89,266.4 3 1
_/Users/corwin/Projects/pongo2/lexie/dfa/nm.go:266.4,266.51 1 1
_/Users/corwin/Projects/pongo2/lexie/dfa/nm.go:266.51,267.16 1 1
_/Users/corwin/Projects/pongo2/lexie/dfa/nm.go:280.4,280.15 1 1
_/Users/corwin/Projects/pongo2/lexie/dfa/nm.go:267.16,271.5 3 1
_/Users/corwin/Projects/pongo2/lexie/dfa/nm.go:271.5,274.65 2 1
_/Users/corwin/Projects/pongo2/lexie/dfa/nm.go:278.5,278.16 1 1
_/Users/corwin/Projects/pongo2/lexie/dfa/nm.go:274.65,277.6 2 1
_/Users/corwin/Projects/pongo2/lexie/dfa/nm.go:281.4,281.45 1 1
_/Users/corwin/Projects/pongo2/lexie/dfa/nm.go:281.45,286.4 4 1
_/Users/corwin/Projects/pongo2/lexie/dfa/nm.go:286.4,286.98 1 1
_/Users/corwin/Projects/pongo2/lexie/dfa/nm.go:286.98,290.15 2 1
_/Users/corwin/Projects/pongo2/lexie/dfa/nm.go:293.4,293.15 1 1
_/Users/corwin/Projects/pongo2/lexie/dfa/nm.go:290.15,292.5 1 0
_/Users/corwin/Projects/pongo2/lexie/dfa/nm.go:294.4,296.15 2 0
_/Users/corwin/Projects/pongo2/lexie/dfa/nm.go:299.4,299.15 1 0
_/Users/corwin/Projects/pongo2/lexie/dfa/nm.go:296.15,298.5 1 0
_/Users/corwin/Projects/pongo2/lexie/dfa/nm.go:302.63,305.4 2 1
_/Users/corwin/Projects/pongo2/lexie/dfa/nm.go:305.4,305.79 1 1
_/Users/corwin/Projects/pongo2/lexie/dfa/nm.go:305.79,308.4 2 1
_/Users/corwin/Projects/pongo2/lexie/dfa/nm.go:308.4,308.71 1 1
_/Users/corwin/Projects/pongo2/lexie/dfa/nm.go:308.71,311.4 2 0
_/Users/corwin/Projects/pongo2/lexie/dfa/nm.go:315.15,318.4 2 1
_/Users/corwin/Projects/pongo2/lexie/dfa/nm.go:319.21,322.4 2 1
_/Users/corwin/Projects/pongo2/lexie/dfa/nm.go:325.11,327.3 1 1
_/Users/corwin/Projects/pongo2/lexie/dfa/nm.go:327.3,329.3 1 0
_/Users/corwin/Projects/pongo2/lexie/dfa/nm.go:331.22,335.3 2 0
