mode: set
_/../../../../../Users/corwin/Projects/pongo2/lexie/re/re.go:50.13,51.11 1 1
_/../../../../../Users/corwin/Projects/pongo2/lexie/re/re.go:51.11,53.3 1 0
_/../../../../../Users/corwin/Projects/pongo2/lexie/re/re.go:56.44,57.38 1 1
_/../../../../../Users/corwin/Projects/pongo2/lexie/re/re.go:60.2,60.49 1 0
_/../../../../../Users/corwin/Projects/pongo2/lexie/re/re.go:57.38,59.3 1 1
_/../../../../../Users/corwin/Projects/pongo2/lexie/re/re.go:63.32,69.2 1 1
_/../../../../../Users/corwin/Projects/pongo2/lexie/re/re.go:71.39,75.2 3 1
_/../../../../../Users/corwin/Projects/pongo2/lexie/re/re.go:77.56,80.26 3 1
_/../../../../../Users/corwin/Projects/pongo2/lexie/re/re.go:103.2,103.8 1 1
_/../../../../../Users/corwin/Projects/pongo2/lexie/re/re.go:80.26,81.35 1 1
_/../../../../../Users/corwin/Projects/pongo2/lexie/re/re.go:93.3,99.3 5 1
_/../../../../../Users/corwin/Projects/pongo2/lexie/re/re.go:81.35,82.50 1 1
_/../../../../../Users/corwin/Projects/pongo2/lexie/re/re.go:82.50,86.22 4 1
_/../../../../../Users/corwin/Projects/pongo2/lexie/re/re.go:89.5,89.14 1 1
_/../../../../../Users/corwin/Projects/pongo2/lexie/re/re.go:86.22,88.6 1 1
_/../../../../../Users/corwin/Projects/pongo2/lexie/re/re.go:99.3,102.3 2 1
_/../../../../../Users/corwin/Projects/pongo2/lexie/re/re.go:106.37,107.30 1 1
_/../../../../../Users/corwin/Projects/pongo2/lexie/re/re.go:110.2,110.87 1 1
_/../../../../../Users/corwin/Projects/pongo2/lexie/re/re.go:107.30,109.3 1 0
_/../../../../../Users/corwin/Projects/pongo2/lexie/re/re.go:113.36,114.30 1 1
_/../../../../../Users/corwin/Projects/pongo2/lexie/re/re.go:117.2,117.85 1 1
_/../../../../../Users/corwin/Projects/pongo2/lexie/re/re.go:114.30,116.3 1 0
_/../../../../../Users/corwin/Projects/pongo2/lexie/re/re.go:120.42,125.2 1 0
_/../../../../../Users/corwin/Projects/pongo2/lexie/re/re.go:127.79,134.18 7 1
_/../../../../../Users/corwin/Projects/pongo2/lexie/re/re.go:201.2,201.17 1 1
_/../../../../../Users/corwin/Projects/pongo2/lexie/re/re.go:204.2,206.8 3 1
_/../../../../../Users/corwin/Projects/pongo2/lexie/re/re.go:134.18,136.12 2 1
_/../../../../../Users/corwin/Projects/pongo2/lexie/re/re.go:193.3,196.25 3 1
_/../../../../../Users/corwin/Projects/pongo2/lexie/re/re.go:137.3,138.15 1 1
_/../../../../../Users/corwin/Projects/pongo2/lexie/re/re.go:139.3,140.15 1 1
_/../../../../../Users/corwin/Projects/pongo2/lexie/re/re.go:141.3,142.15 1 1
_/../../../../../Users/corwin/Projects/pongo2/lexie/re/re.go:143.3,144.15 1 1
_/../../../../../Users/corwin/Projects/pongo2/lexie/re/re.go:145.3,146.15 1 1
_/../../../../../Users/corwin/Projects/pongo2/lexie/re/re.go:147.3,148.15 1 1
_/../../../../../Users/corwin/Projects/pongo2/lexie/re/re.go:149.3,150.15 1 1
_/../../../../../Users/corwin/Projects/pongo2/lexie/re/re.go:151.3,152.15 1 1
_/../../../../../Users/corwin/Projects/pongo2/lexie/re/re.go:153.3,154.15 1 1
_/../../../../../Users/corwin/Projects/pongo2/lexie/re/re.go:155.3,156.15 1 1
_/../../../../../Users/corwin/Projects/pongo2/lexie/re/re.go:157.3,158.15 1 1
_/../../../../../Users/corwin/Projects/pongo2/lexie/re/re.go:159.3,160.15 1 1
_/../../../../../Users/corwin/Projects/pongo2/lexie/re/re.go:161.3,162.15 1 1
_/../../../../../Users/corwin/Projects/pongo2/lexie/re/re.go:163.3,164.10 1 1
_/../../../../../Users/corwin/Projects/pongo2/lexie/re/re.go:166.3,169.10 3 0
_/../../../../../Users/corwin/Projects/pongo2/lexie/re/re.go:171.3,174.10 3 1
_/../../../../../Users/corwin/Projects/pongo2/lexie/re/re.go:176.3,179.14 3 1
_/../../../../../Users/corwin/Projects/pongo2/lexie/re/re.go:187.3,191.10 4 0
_/../../../../../Users/corwin/Projects/pongo2/lexie/re/re.go:179.14,183.5 3 1
_/../../../../../Users/corwin/Projects/pongo2/lexie/re/re.go:183.5,185.5 1 1
_/../../../../../Users/corwin/Projects/pongo2/lexie/re/re.go:196.25,199.4 2 1
_/../../../../../Users/corwin/Projects/pongo2/lexie/re/re.go:201.17,203.3 1 1
_/../../../../../Users/corwin/Projects/pongo2/lexie/re/re.go:223.69,228.15 5 1
_/../../../../../Users/corwin/Projects/pongo2/lexie/re/re.go:231.2,231.15 1 1
_/../../../../../Users/corwin/Projects/pongo2/lexie/re/re.go:269.2,269.8 1 1
_/../../../../../Users/corwin/Projects/pongo2/lexie/re/re.go:228.15,230.3 1 0
_/../../../../../Users/corwin/Projects/pongo2/lexie/re/re.go:231.15,233.17 2 0
_/../../../../../Users/corwin/Projects/pongo2/lexie/re/re.go:233.17,235.4 1 0
_/../../../../../Users/corwin/Projects/pongo2/lexie/re/re.go:236.3,236.21 1 1
_/../../../../../Users/corwin/Projects/pongo2/lexie/re/re.go:236.21,240.18 4 1
_/../../../../../Users/corwin/Projects/pongo2/lexie/re/re.go:240.18,242.18 2 1
_/../../../../../Users/corwin/Projects/pongo2/lexie/re/re.go:242.18,244.5 1 0
_/../../../../../Users/corwin/Projects/pongo2/lexie/re/re.go:246.3,246.28 1 1
_/../../../../../Users/corwin/Projects/pongo2/lexie/re/re.go:246.28,250.17 4 1
_/../../../../../Users/corwin/Projects/pongo2/lexie/re/re.go:250.17,252.4 1 0
_/../../../../../Users/corwin/Projects/pongo2/lexie/re/re.go:253.3,258.17 5 1
_/../../../../../Users/corwin/Projects/pongo2/lexie/re/re.go:261.3,261.18 1 1
_/../../../../../Users/corwin/Projects/pongo2/lexie/re/re.go:258.17,260.4 1 0
_/../../../../../Users/corwin/Projects/pongo2/lexie/re/re.go:261.18,263.18 2 1
_/../../../../../Users/corwin/Projects/pongo2/lexie/re/re.go:263.18,265.5 1 0
_/../../../../../Users/corwin/Projects/pongo2/lexie/re/re.go:273.69,278.18 5 1
_/../../../../../Users/corwin/Projects/pongo2/lexie/re/re.go:339.2,339.17 1 0
_/../../../../../Users/corwin/Projects/pongo2/lexie/re/re.go:342.2,345.8 4 0
_/../../../../../Users/corwin/Projects/pongo2/lexie/re/re.go:278.18,279.12 1 1
_/../../../../../Users/corwin/Projects/pongo2/lexie/re/re.go:336.3,337.19 2 1
_/../../../../../Users/corwin/Projects/pongo2/lexie/re/re.go:280.3,281.15 1 0
_/../../../../../Users/corwin/Projects/pongo2/lexie/re/re.go:282.3,283.15 1 0
_/../../../../../Users/corwin/Projects/pongo2/lexie/re/re.go:284.3,285.15 1 0
_/../../../../../Users/corwin/Projects/pongo2/lexie/re/re.go:286.3,287.15 1 0
_/../../../../../Users/corwin/Projects/pongo2/lexie/re/re.go:288.3,289.15 1 0
_/../../../../../Users/corwin/Projects/pongo2/lexie/re/re.go:290.3,291.15 1 0
_/../../../../../Users/corwin/Projects/pongo2/lexie/re/re.go:292.3,293.15 1 0
_/../../../../../Users/corwin/Projects/pongo2/lexie/re/re.go:294.3,295.15 1 0
_/../../../../../Users/corwin/Projects/pongo2/lexie/re/re.go:296.3,297.15 1 0
_/../../../../../Users/corwin/Projects/pongo2/lexie/re/re.go:298.3,299.15 1 0
_/../../../../../Users/corwin/Projects/pongo2/lexie/re/re.go:300.3,301.15 1 0
_/../../../../../Users/corwin/Projects/pongo2/lexie/re/re.go:302.3,303.15 1 0
_/../../../../../Users/corwin/Projects/pongo2/lexie/re/re.go:304.3,305.15 1 0
_/../../../../../Users/corwin/Projects/pongo2/lexie/re/re.go:306.3,310.10 4 0
_/../../../../../Users/corwin/Projects/pongo2/lexie/re/re.go:312.3,313.49 1 1
_/../../../../../Users/corwin/Projects/pongo2/lexie/re/re.go:322.3,323.10 1 1
_/../../../../../Users/corwin/Projects/pongo2/lexie/re/re.go:324.3,328.10 4 1
_/../../../../../Users/corwin/Projects/pongo2/lexie/re/re.go:329.3,334.10 5 0
_/../../../../../Users/corwin/Projects/pongo2/lexie/re/re.go:313.49,315.5 1 1
_/../../../../../Users/corwin/Projects/pongo2/lexie/re/re.go:315.5,321.5 5 0
_/../../../../../Users/corwin/Projects/pongo2/lexie/re/re.go:339.17,341.3 1 0
_/../../../../../Users/corwin/Projects/pongo2/lexie/re/re.go:348.34,350.25 2 1
_/../../../../../Users/corwin/Projects/pongo2/lexie/re/re.go:353.2,353.8 1 1
_/../../../../../Users/corwin/Projects/pongo2/lexie/re/re.go:350.25,352.3 1 1
_/../../../../../Users/corwin/Projects/pongo2/lexie/re/re.go:379.70,381.25 2 1
_/../../../../../Users/corwin/Projects/pongo2/lexie/re/re.go:388.2,388.93 1 1
_/../../../../../Users/corwin/Projects/pongo2/lexie/re/re.go:381.25,384.27 3 1
_/../../../../../Users/corwin/Projects/pongo2/lexie/re/re.go:384.27,386.4 1 1
_/../../../../../Users/corwin/Projects/pongo2/lexie/re/re.go:391.39,393.39 2 1
_/../../../../../Users/corwin/Projects/pongo2/lexie/re/re.go:400.2,401.82 2 1
_/../../../../../Users/corwin/Projects/pongo2/lexie/re/re.go:393.39,396.27 3 1
_/../../../../../Users/corwin/Projects/pongo2/lexie/re/re.go:396.27,398.4 1 1
_/../../../../../Users/corwin/Projects/pongo2/lexie/re/re.go:404.86,408.12 3 0
_/../../../../../Users/corwin/Projects/pongo2/lexie/re/re.go:412.2,412.21 1 0
_/../../../../../Users/corwin/Projects/pongo2/lexie/re/re.go:488.2,488.8 1 0
_/../../../../../Users/corwin/Projects/pongo2/lexie/re/re.go:408.12,410.3 1 0
_/../../../../../Users/corwin/Projects/pongo2/lexie/re/re.go:413.2,414.33 1 0
_/../../../../../Users/corwin/Projects/pongo2/lexie/re/re.go:418.2,421.14 2 0
_/../../../../../Users/corwin/Projects/pongo2/lexie/re/re.go:422.2,423.14 1 0
_/../../../../../Users/corwin/Projects/pongo2/lexie/re/re.go:424.2,425.9 1 0
_/../../../../../Users/corwin/Projects/pongo2/lexie/re/re.go:426.2,427.8 1 0
_/../../../../../Users/corwin/Projects/pongo2/lexie/re/re.go:429.2,436.8 1 0
_/../../../../../Users/corwin/Projects/pongo2/lexie/re/re.go:437.2,438.8 1 0
_/../../../../../Users/corwin/Projects/pongo2/lexie/re/re.go:439.2,440.8 1 0
_/../../../../../Users/corwin/Projects/pongo2/lexie/re/re.go:441.2,442.29 1 0
_/../../../../../Users/corwin/Projects/pongo2/lexie/re/re.go:447.2,448.8 1 0
_/../../../../../Users/corwin/Projects/pongo2/lexie/re/re.go:449.2,451.14 2 0
_/../../../../../Users/corwin/Projects/pongo2/lexie/re/re.go:452.2,453.9 1 0
_/../../../../../Users/corwin/Projects/pongo2/lexie/re/re.go:454.2,455.9 1 0
_/../../../../../Users/corwin/Projects/pongo2/lexie/re/re.go:456.2,458.14 2 0
_/../../../../../Users/corwin/Projects/pongo2/lexie/re/re.go:459.2,461.14 2 0
_/../../../../../Users/corwin/Projects/pongo2/lexie/re/re.go:462.2,463.14 1 0
_/../../../../../Users/corwin/Projects/pongo2/lexie/re/re.go:465.2,469.29 4 0
_/../../../../../Users/corwin/Projects/pongo2/lexie/re/re.go:484.3,484.9 1 0
_/../../../../../Users/corwin/Projects/pongo2/lexie/re/re.go:414.33,417.4 2 0
_/../../../../../Users/corwin/Projects/pongo2/lexie/re/re.go:442.29,445.4 2 0
_/../../../../../Users/corwin/Projects/pongo2/lexie/re/re.go:469.29,472.34 3 0
_/../../../../../Users/corwin/Projects/pongo2/lexie/re/re.go:472.34,474.16 2 0
_/../../../../../Users/corwin/Projects/pongo2/lexie/re/re.go:479.5,479.11 1 0
_/../../../../../Users/corwin/Projects/pongo2/lexie/re/re.go:474.16,476.6 1 0
_/../../../../../Users/corwin/Projects/pongo2/lexie/re/re.go:476.6,476.21 1 0
_/../../../../../Users/corwin/Projects/pongo2/lexie/re/re.go:476.21,478.6 1 0
_/../../../../../Users/corwin/Projects/pongo2/lexie/re/re.go:479.11,481.6 1 0
_/../../../../../Users/corwin/Projects/pongo2/lexie/re/re.go:491.47,495.2 3 0
_/../../../../../Users/corwin/Projects/pongo2/lexie/re/re.go:497.102,501.16 2 1
_/../../../../../Users/corwin/Projects/pongo2/lexie/re/re.go:505.2,509.18 5 1
_/../../../../../Users/corwin/Projects/pongo2/lexie/re/re.go:701.2,701.10 1 1
_/../../../../../Users/corwin/Projects/pongo2/lexie/re/re.go:723.2,723.23 1 1
_/../../../../../Users/corwin/Projects/pongo2/lexie/re/re.go:501.16,504.3 2 1
_/../../../../../Users/corwin/Projects/pongo2/lexie/re/re.go:509.18,512.12 2 1
_/../../../../../Users/corwin/Projects/pongo2/lexie/re/re.go:696.3,698.19 3 1
_/../../../../../Users/corwin/Projects/pongo2/lexie/re/re.go:513.3,514.15 1 0
_/../../../../../Users/corwin/Projects/pongo2/lexie/re/re.go:515.3,516.15 1 0
_/../../../../../Users/corwin/Projects/pongo2/lexie/re/re.go:517.3,518.15 1 1
_/../../../../../Users/corwin/Projects/pongo2/lexie/re/re.go:519.3,520.15 1 1
_/../../../../../Users/corwin/Projects/pongo2/lexie/re/re.go:521.3,523.85 1 1
_/../../../../../Users/corwin/Projects/pongo2/lexie/re/re.go:534.3,535.15 1 1
_/../../../../../Users/corwin/Projects/pongo2/lexie/re/re.go:536.3,537.15 1 1
_/../../../../../Users/corwin/Projects/pongo2/lexie/re/re.go:538.3,539.79 1 1
_/../../../../../Users/corwin/Projects/pongo2/lexie/re/re.go:541.3,542.15 1 1
_/../../../../../Users/corwin/Projects/pongo2/lexie/re/re.go:567.3,568.15 1 1
_/../../../../../Users/corwin/Projects/pongo2/lexie/re/re.go:569.3,570.15 1 1
_/../../../../../Users/corwin/Projects/pongo2/lexie/re/re.go:571.3,572.15 1 1
_/../../../../../Users/corwin/Projects/pongo2/lexie/re/re.go:583.3,590.53 4 1
_/../../../../../Users/corwin/Projects/pongo2/lexie/re/re.go:596.4,596.16 1 1
_/../../../../../Users/corwin/Projects/pongo2/lexie/re/re.go:636.3,648.63 7 1
_/../../../../../Users/corwin/Projects/pongo2/lexie/re/re.go:650.3,653.18 2 1
_/../../../../../Users/corwin/Projects/pongo2/lexie/re/re.go:684.4,685.16 2 1
_/../../../../../Users/corwin/Projects/pongo2/lexie/re/re.go:687.3,688.15 1 1
_/../../../../../Users/corwin/Projects/pongo2/lexie/re/re.go:689.3,690.68 1 1
_/../../../../../Users/corwin/Projects/pongo2/lexie/re/re.go:692.3,694.25 2 0
_/../../../../../Users/corwin/Projects/pongo2/lexie/re/re.go:542.15,545.5 2 0
_/../../../../../Users/corwin/Projects/pongo2/lexie/re/re.go:545.5,549.59 4 1
_/../../../../../Users/corwin/Projects/pongo2/lexie/re/re.go:564.5,564.64 1 1
_/../../../../../Users/corwin/Projects/pongo2/lexie/re/re.go:549.59,554.6 4 1
_/../../../../../Users/corwin/Projects/pongo2/lexie/re/re.go:554.6,555.33 1 1
_/../../../../../Users/corwin/Projects/pongo2/lexie/re/re.go:558.6,561.34 3 1
_/../../../../../Users/corwin/Projects/pongo2/lexie/re/re.go:555.33,557.7 1 1
_/../../../../../Users/corwin/Projects/pongo2/lexie/re/re.go:572.15,575.5 2 1
_/../../../../../Users/corwin/Projects/pongo2/lexie/re/re.go:575.5,581.5 5 1
_/../../../../../Users/corwin/Projects/pongo2/lexie/re/re.go:590.53,591.43 1 1
_/../../../../../Users/corwin/Projects/pongo2/lexie/re/re.go:591.43,593.11 2 1
_/../../../../../Users/corwin/Projects/pongo2/lexie/re/re.go:596.16,600.26 4 1
_/../../../../../Users/corwin/Projects/pongo2/lexie/re/re.go:604.5,608.126 5 1
_/../../../../../Users/corwin/Projects/pongo2/lexie/re/re.go:600.26,602.6 1 1
_/../../../../../Users/corwin/Projects/pongo2/lexie/re/re.go:609.5,610.16 1 1
_/../../../../../Users/corwin/Projects/pongo2/lexie/re/re.go:610.16,611.34 1 1
_/../../../../../Users/corwin/Projects/pongo2/lexie/re/re.go:611.34,615.37 4 1
_/../../../../../Users/corwin/Projects/pongo2/lexie/re/re.go:618.7,618.81 1 1
_/../../../../../Users/corwin/Projects/pongo2/lexie/re/re.go:615.37,617.8 1 1
_/../../../../../Users/corwin/Projects/pongo2/lexie/re/re.go:653.18,658.5 4 1
_/../../../../../Users/corwin/Projects/pongo2/lexie/re/re.go:658.5,660.13 2 1
_/../../../../../Users/corwin/Projects/pongo2/lexie/re/re.go:682.5,682.26 1 1
_/../../../../../Users/corwin/Projects/pongo2/lexie/re/re.go:660.13,663.55 3 1
_/../../../../../Users/corwin/Projects/pongo2/lexie/re/re.go:669.6,669.17 1 1
_/../../../../../Users/corwin/Projects/pongo2/lexie/re/re.go:680.6,680.119 1 1
_/../../../../../Users/corwin/Projects/pongo2/lexie/re/re.go:663.55,664.45 1 1
_/../../../../../Users/corwin/Projects/pongo2/lexie/re/re.go:664.45,666.13 2 1
_/../../../../../Users/corwin/Projects/pongo2/lexie/re/re.go:669.17,670.35 1 1
_/../../../../../Users/corwin/Projects/pongo2/lexie/re/re.go:670.35,674.38 4 1
_/../../../../../Users/corwin/Projects/pongo2/lexie/re/re.go:677.8,677.82 1 1
_/../../../../../Users/corwin/Projects/pongo2/lexie/re/re.go:674.38,676.9 1 1
_/../../../../../Users/corwin/Projects/pongo2/lexie/re/re.go:701.10,704.52 3 1
_/../../../../../Users/corwin/Projects/pongo2/lexie/re/re.go:710.3,710.14 1 1
_/../../../../../Users/corwin/Projects/pongo2/lexie/re/re.go:721.3,721.116 1 1
_/../../../../../Users/corwin/Projects/pongo2/lexie/re/re.go:704.52,705.42 1 1
_/../../../../../Users/corwin/Projects/pongo2/lexie/re/re.go:705.42,707.10 2 1
_/../../../../../Users/corwin/Projects/pongo2/lexie/re/re.go:710.14,711.32 1 1
_/../../../../../Users/corwin/Projects/pongo2/lexie/re/re.go:711.32,715.35 4 1
_/../../../../../Users/corwin/Projects/pongo2/lexie/re/re.go:718.5,718.79 1 1
_/../../../../../Users/corwin/Projects/pongo2/lexie/re/re.go:715.35,717.6 1 1
_/../../../../../Users/corwin/Projects/pongo2/lexie/re/re.go:726.41,732.2 5 1
_/../../../../../Users/corwin/Projects/pongo2/lexie/re/re.go:734.39,739.33 4 1
_/../../../../../Users/corwin/Projects/pongo2/lexie/re/re.go:744.2,744.35 1 1
_/../../../../../Users/corwin/Projects/pongo2/lexie/re/re.go:815.2,815.8 1 1
_/../../../../../Users/corwin/Projects/pongo2/lexie/re/re.go:739.33,742.3 2 1
_/../../../../../Users/corwin/Projects/pongo2/lexie/re/re.go:744.35,746.47 2 1
_/../../../../../Users/corwin/Projects/pongo2/lexie/re/re.go:746.47,753.4 5 0
_/../../../../../Users/corwin/Projects/pongo2/lexie/re/re.go:753.4,753.52 1 1
_/../../../../../Users/corwin/Projects/pongo2/lexie/re/re.go:753.52,759.4 4 1
_/../../../../../Users/corwin/Projects/pongo2/lexie/re/re.go:759.4,759.52 1 1
_/../../../../../Users/corwin/Projects/pongo2/lexie/re/re.go:759.52,763.4 3 0
_/../../../../../Users/corwin/Projects/pongo2/lexie/re/re.go:763.4,763.52 1 1
_/../../../../../Users/corwin/Projects/pongo2/lexie/re/re.go:763.52,767.4 3 0
_/../../../../../Users/corwin/Projects/pongo2/lexie/re/re.go:767.4,767.54 1 1
_/../../../../../Users/corwin/Projects/pongo2/lexie/re/re.go:767.54,771.4 3 0
_/../../../../../Users/corwin/Projects/pongo2/lexie/re/re.go:771.4,771.57 1 1
_/../../../../../Users/corwin/Projects/pongo2/lexie/re/re.go:771.57,778.4 5 1
_/../../../../../Users/corwin/Projects/pongo2/lexie/re/re.go:778.4,778.54 1 1
_/../../../../../Users/corwin/Projects/pongo2/lexie/re/re.go:778.54,784.4 4 1
_/../../../../../Users/corwin/Projects/pongo2/lexie/re/re.go:784.4,784.51 1 1
_/../../../../../Users/corwin/Projects/pongo2/lexie/re/re.go:784.51,789.4 3 1
_/../../../../../Users/corwin/Projects/pongo2/lexie/re/re.go:789.4,789.51 1 1
_/../../../../../Users/corwin/Projects/pongo2/lexie/re/re.go:789.51,793.4 3 1
_/../../../../../Users/corwin/Projects/pongo2/lexie/re/re.go:793.4,793.51 1 1
_/../../../../../Users/corwin/Projects/pongo2/lexie/re/re.go:793.51,797.4 3 0
_/../../../../../Users/corwin/Projects/pongo2/lexie/re/re.go:797.4,797.50 1 1
_/../../../../../Users/corwin/Projects/pongo2/lexie/re/re.go:797.50,802.18 3 1
_/../../../../../Users/corwin/Projects/pongo2/lexie/re/re.go:805.4,805.32 1 1
_/../../../../../Users/corwin/Projects/pongo2/lexie/re/re.go:808.4,808.11 1 1
_/../../../../../Users/corwin/Projects/pongo2/lexie/re/re.go:802.18,804.5 1 1
_/../../../../../Users/corwin/Projects/pongo2/lexie/re/re.go:805.32,807.5 1 1
_/../../../../../Users/corwin/Projects/pongo2/lexie/re/re.go:809.4,811.4 1 1
_/../../../../../Users/corwin/Projects/pongo2/lexie/re/re.go:818.50,823.24 4 1
_/../../../../../Users/corwin/Projects/pongo2/lexie/re/re.go:830.2,831.22 2 1
_/../../../../../Users/corwin/Projects/pongo2/lexie/re/re.go:835.2,839.25 3 1
_/../../../../../Users/corwin/Projects/pongo2/lexie/re/re.go:843.2,844.8 2 1
_/../../../../../Users/corwin/Projects/pongo2/lexie/re/re.go:823.24,825.3 1 1
_/../../../../../Users/corwin/Projects/pongo2/lexie/re/re.go:831.22,833.3 1 1
_/../../../../../Users/corwin/Projects/pongo2/lexie/re/re.go:839.25,841.3 1 1
_/../../../../../Users/corwin/Projects/pongo2/lexie/re/re.go:847.85,849.21 1 1
_/../../../../../Users/corwin/Projects/pongo2/lexie/re/re.go:885.2,885.8 1 1
_/../../../../../Users/corwin/Projects/pongo2/lexie/re/re.go:850.2,851.14 1 1
_/../../../../../Users/corwin/Projects/pongo2/lexie/re/re.go:852.2,853.14 1 1
_/../../../../../Users/corwin/Projects/pongo2/lexie/re/re.go:854.2,855.14 1 1
_/../../../../../Users/corwin/Projects/pongo2/lexie/re/re.go:856.2,857.29 1 1
_/../../../../../Users/corwin/Projects/pongo2/lexie/re/re.go:860.2,861.14 1 1
_/../../../../../Users/corwin/Projects/pongo2/lexie/re/re.go:862.2,863.33 1 1
_/../../../../../Users/corwin/Projects/pongo2/lexie/re/re.go:866.2,867.14 1 1
_/../../../../../Users/corwin/Projects/pongo2/lexie/re/re.go:868.2,869.14 1 1
_/../../../../../Users/corwin/Projects/pongo2/lexie/re/re.go:870.2,871.14 1 1
_/../../../../../Users/corwin/Projects/pongo2/lexie/re/re.go:872.2,873.14 1 1
_/../../../../../Users/corwin/Projects/pongo2/lexie/re/re.go:874.2,875.14 1 1
_/../../../../../Users/corwin/Projects/pongo2/lexie/re/re.go:876.2,877.14 1 1
_/../../../../../Users/corwin/Projects/pongo2/lexie/re/re.go:878.2,879.18 1 1
_/../../../../../Users/corwin/Projects/pongo2/lexie/re/re.go:880.2,880.17 0 0
_/../../../../../Users/corwin/Projects/pongo2/lexie/re/re.go:881.2,881.16 0 0
_/../../../../../Users/corwin/Projects/pongo2/lexie/re/re.go:882.2,882.17 0 1
_/../../../../../Users/corwin/Projects/pongo2/lexie/re/re.go:857.29,859.4 1 1
_/../../../../../Users/corwin/Projects/pongo2/lexie/re/re.go:863.33,865.4 1 1
_/../../../../../Users/corwin/Projects/pongo2/lexie/re/x_type.go:66.13,87.2 20 1
_/../../../../../Users/corwin/Projects/pongo2/lexie/re/x_type.go:125.33,126.16 1 0
_/../../../../../Users/corwin/Projects/pongo2/lexie/re/x_type.go:146.2,148.10 3 0
_/../../../../../Users/corwin/Projects/pongo2/lexie/re/x_type.go:126.16,129.3 1 0
_/../../../../../Users/corwin/Projects/pongo2/lexie/re/x_type.go:129.3,129.27 1 0
_/../../../../../Users/corwin/Projects/pongo2/lexie/re/x_type.go:129.27,131.3 1 0
_/../../../../../Users/corwin/Projects/pongo2/lexie/re/x_type.go:131.3,131.25 1 0
_/../../../../../Users/corwin/Projects/pongo2/lexie/re/x_type.go:131.25,133.3 1 0
_/../../../../../Users/corwin/Projects/pongo2/lexie/re/x_type.go:133.3,133.25 1 0
_/../../../../../Users/corwin/Projects/pongo2/lexie/re/x_type.go:133.25,135.3 1 0
_/../../../../../Users/corwin/Projects/pongo2/lexie/re/x_type.go:135.3,135.25 1 0
_/../../../../../Users/corwin/Projects/pongo2/lexie/re/x_type.go:135.25,137.3 1 0
_/../../../../../Users/corwin/Projects/pongo2/lexie/re/x_type.go:137.3,137.27 1 0
_/../../../../../Users/corwin/Projects/pongo2/lexie/re/x_type.go:137.27,139.3 1 0
_/../../../../../Users/corwin/Projects/pongo2/lexie/re/x_type.go:139.3,139.23 1 0
_/../../../../../Users/corwin/Projects/pongo2/lexie/re/x_type.go:139.23,141.3 1 0
_/../../../../../Users/corwin/Projects/pongo2/lexie/re/x_type.go:141.3,141.23 1 0
_/../../../../../Users/corwin/Projects/pongo2/lexie/re/x_type.go:141.23,143.3 1 0
_/../../../../../Users/corwin/Projects/pongo2/lexie/re/x_type.go:143.3,143.23 1 0
_/../../../../../Users/corwin/Projects/pongo2/lexie/re/x_type.go:143.23,145.3 1 0
_/../../../../../Users/corwin/Projects/pongo2/lexie/re/x_type.go:151.38,152.16 1 0
_/../../../../../Users/corwin/Projects/pongo2/lexie/re/x_type.go:172.2,180.10 9 0
_/../../../../../Users/corwin/Projects/pongo2/lexie/re/x_type.go:152.16,155.3 1 0
_/../../../../../Users/corwin/Projects/pongo2/lexie/re/x_type.go:155.3,155.27 1 0
_/../../../../../Users/corwin/Projects/pongo2/lexie/re/x_type.go:155.27,157.3 1 0
_/../../../../../Users/corwin/Projects/pongo2/lexie/re/x_type.go:157.3,157.25 1 0
_/../../../../../Users/corwin/Projects/pongo2/lexie/re/x_type.go:157.25,159.3 1 0
_/../../../../../Users/corwin/Projects/pongo2/lexie/re/x_type.go:159.3,159.25 1 0
_/../../../../../Users/corwin/Projects/pongo2/lexie/re/x_type.go:159.25,161.3 1 0
_/../../../../../Users/corwin/Projects/pongo2/lexie/re/x_type.go:161.3,161.25 1 0
_/../../../../../Users/corwin/Projects/pongo2/lexie/re/x_type.go:161.25,163.3 1 0
_/../../../../../Users/corwin/Projects/pongo2/lexie/re/x_type.go:163.3,163.27 1 0
_/../../../../../Users/corwin/Projects/pongo2/lexie/re/x_type.go:163.27,165.3 1 0
_/../../../../../Users/corwin/Projects/pongo2/lexie/re/x_type.go:165.3,165.23 1 0
_/../../../../../Users/corwin/Projects/pongo2/lexie/re/x_type.go:165.23,167.3 1 0
_/../../../../../Users/corwin/Projects/pongo2/lexie/re/x_type.go:167.3,167.23 1 0
_/../../../../../Users/corwin/Projects/pongo2/lexie/re/x_type.go:167.23,169.3 1 0
_/../../../../../Users/corwin/Projects/pongo2/lexie/re/x_type.go:169.3,169.23 1 0
_/../../../../../Users/corwin/Projects/pongo2/lexie/re/x_type.go:169.23,171.3 1 0
