mode: set
_/Users/corwin/Projects/pongo2/lexie/nfa/nfa.go:87.34,99.2 1 1
_/Users/corwin/Projects/pongo2/lexie/nfa/nfa.go:102.38,105.48 2 1
_/Users/corwin/Projects/pongo2/lexie/nfa/nfa.go:122.2,128.12 7 1
_/Users/corwin/Projects/pongo2/lexie/nfa/nfa.go:105.48,109.3 2 1
_/Users/corwin/Projects/pongo2/lexie/nfa/nfa.go:109.3,109.50 1 1
_/Users/corwin/Projects/pongo2/lexie/nfa/nfa.go:109.50,117.3 6 1
_/Users/corwin/Projects/pongo2/lexie/nfa/nfa.go:117.3,121.3 2 0
_/Users/corwin/Projects/pongo2/lexie/nfa/nfa.go:132.41,138.2 5 0
_/Users/corwin/Projects/pongo2/lexie/nfa/nfa.go:141.41,143.2 1 1
_/Users/corwin/Projects/pongo2/lexie/nfa/nfa.go:145.39,150.2 4 0
_/Users/corwin/Projects/pongo2/lexie/nfa/nfa.go:181.37,186.2 2 1
_/Users/corwin/Projects/pongo2/lexie/nfa/nfa.go:188.47,189.14 1 1
_/Users/corwin/Projects/pongo2/lexie/nfa/nfa.go:194.2,194.38 1 1
_/Users/corwin/Projects/pongo2/lexie/nfa/nfa.go:189.14,193.3 2 0
_/Users/corwin/Projects/pongo2/lexie/nfa/nfa.go:194.38,196.3 1 1
_/Users/corwin/Projects/pongo2/lexie/nfa/nfa.go:199.54,200.14 1 1
_/Users/corwin/Projects/pongo2/lexie/nfa/nfa.go:205.2,205.38 1 1
_/Users/corwin/Projects/pongo2/lexie/nfa/nfa.go:200.14,204.3 2 0
_/Users/corwin/Projects/pongo2/lexie/nfa/nfa.go:205.38,208.3 1 1
_/Users/corwin/Projects/pongo2/lexie/nfa/nfa.go:211.56,213.2 1 1
_/Users/corwin/Projects/pongo2/lexie/nfa/nfa.go:215.56,217.39 1 1
_/Users/corwin/Projects/pongo2/lexie/nfa/nfa.go:217.39,219.3 1 1
_/Users/corwin/Projects/pongo2/lexie/nfa/nfa.go:222.77,231.2 1 1
_/Users/corwin/Projects/pongo2/lexie/nfa/nfa.go:233.44,234.24 1 0
_/Users/corwin/Projects/pongo2/lexie/nfa/nfa.go:239.2,239.14 1 0
_/Users/corwin/Projects/pongo2/lexie/nfa/nfa.go:234.24,235.15 1 0
_/Users/corwin/Projects/pongo2/lexie/nfa/nfa.go:235.15,237.4 1 0
_/Users/corwin/Projects/pongo2/lexie/nfa/nfa.go:242.124,244.18 1 1
_/Users/corwin/Projects/pongo2/lexie/nfa/nfa.go:248.2,249.17 2 1
_/Users/corwin/Projects/pongo2/lexie/nfa/nfa.go:254.2,256.30 2 1
_/Users/corwin/Projects/pongo2/lexie/nfa/nfa.go:421.2,422.19 2 1
_/Users/corwin/Projects/pongo2/lexie/nfa/nfa.go:244.18,245.30 1 0
_/Users/corwin/Projects/pongo2/lexie/nfa/nfa.go:249.17,253.3 3 0
_/Users/corwin/Projects/pongo2/lexie/nfa/nfa.go:256.30,260.20 2 1
_/Users/corwin/Projects/pongo2/lexie/nfa/nfa.go:265.3,266.15 1 0
_/Users/corwin/Projects/pongo2/lexie/nfa/nfa.go:267.3,268.15 1 0
_/Users/corwin/Projects/pongo2/lexie/nfa/nfa.go:269.3,270.15 1 0
_/Users/corwin/Projects/pongo2/lexie/nfa/nfa.go:271.3,272.15 1 0
_/Users/corwin/Projects/pongo2/lexie/nfa/nfa.go:273.3,274.15 1 0
_/Users/corwin/Projects/pongo2/lexie/nfa/nfa.go:275.3,277.31 2 1
_/Users/corwin/Projects/pongo2/lexie/nfa/nfa.go:282.3,285.11 3 1
_/Users/corwin/Projects/pongo2/lexie/nfa/nfa.go:286.3,289.11 3 1
_/Users/corwin/Projects/pongo2/lexie/nfa/nfa.go:294.3,296.31 2 1
_/Users/corwin/Projects/pongo2/lexie/nfa/nfa.go:299.4,299.11 1 1
_/Users/corwin/Projects/pongo2/lexie/nfa/nfa.go:300.3,303.11 3 1
_/Users/corwin/Projects/pongo2/lexie/nfa/nfa.go:304.3,307.11 3 1
_/Users/corwin/Projects/pongo2/lexie/nfa/nfa.go:312.3,320.14 8 1
_/Users/corwin/Projects/pongo2/lexie/nfa/nfa.go:321.3,329.14 7 1
_/Users/corwin/Projects/pongo2/lexie/nfa/nfa.go:330.3,338.14 7 1
_/Users/corwin/Projects/pongo2/lexie/nfa/nfa.go:339.3,340.35 1 1
_/Users/corwin/Projects/pongo2/lexie/nfa/nfa.go:359.4,361.14 3 1
_/Users/corwin/Projects/pongo2/lexie/nfa/nfa.go:367.3,368.28 1 1
_/Users/corwin/Projects/pongo2/lexie/nfa/nfa.go:388.3,390.13 2 1
_/Users/corwin/Projects/pongo2/lexie/nfa/nfa.go:402.3,408.18 3 1
_/Users/corwin/Projects/pongo2/lexie/nfa/nfa.go:413.3,414.15 1 0
_/Users/corwin/Projects/pongo2/lexie/nfa/nfa.go:415.3,417.21 2 0
_/Users/corwin/Projects/pongo2/lexie/nfa/nfa.go:277.31,281.5 3 1
_/Users/corwin/Projects/pongo2/lexie/nfa/nfa.go:296.31,298.5 1 1
_/Users/corwin/Projects/pongo2/lexie/nfa/nfa.go:340.35,343.35 3 1
_/Users/corwin/Projects/pongo2/lexie/nfa/nfa.go:347.5,347.38 1 1
_/Users/corwin/Projects/pongo2/lexie/nfa/nfa.go:356.5,356.15 1 1
_/Users/corwin/Projects/pongo2/lexie/nfa/nfa.go:343.35,346.6 2 1
_/Users/corwin/Projects/pongo2/lexie/nfa/nfa.go:347.38,349.6 1 1
_/Users/corwin/Projects/pongo2/lexie/nfa/nfa.go:349.6,350.40 1 1
_/Users/corwin/Projects/pongo2/lexie/nfa/nfa.go:350.40,354.7 3 1
_/Users/corwin/Projects/pongo2/lexie/nfa/nfa.go:368.28,374.33 6 1
_/Users/corwin/Projects/pongo2/lexie/nfa/nfa.go:381.5,382.15 2 1
_/Users/corwin/Projects/pongo2/lexie/nfa/nfa.go:374.33,380.6 3 1
_/Users/corwin/Projects/pongo2/lexie/nfa/nfa.go:390.13,397.5 5 0
_/Users/corwin/Projects/pongo2/lexie/nfa/nfa.go:397.5,400.5 2 1
_/Users/corwin/Projects/pongo2/lexie/nfa/nfa.go:426.108,458.2 22 1
_/Users/corwin/Projects/pongo2/lexie/nfa/nfa.go:460.50,462.2 1 0
_/Users/corwin/Projects/pongo2/lexie/nfa/nfa.go:464.40,467.29 2 1
_/Users/corwin/Projects/pongo2/lexie/nfa/nfa.go:483.2,483.20 1 1
_/Users/corwin/Projects/pongo2/lexie/nfa/nfa.go:467.29,468.16 1 1
_/Users/corwin/Projects/pongo2/lexie/nfa/nfa.go:468.16,469.32 1 1
_/Users/corwin/Projects/pongo2/lexie/nfa/nfa.go:469.32,470.20 1 1
_/Users/corwin/Projects/pongo2/lexie/nfa/nfa.go:470.20,471.6 0 1
_/Users/corwin/Projects/pongo2/lexie/nfa/nfa.go:471.6,471.33 1 1
_/Users/corwin/Projects/pongo2/lexie/nfa/nfa.go:471.33,473.34 1 1
_/Users/corwin/Projects/pongo2/lexie/nfa/nfa.go:473.34,474.25 1 1
_/Users/corwin/Projects/pongo2/lexie/nfa/nfa.go:474.25,476.8 1 1
_/Users/corwin/Projects/pongo2/lexie/nfa/nfa.go:486.62,487.31 1 0
_/Users/corwin/Projects/pongo2/lexie/nfa/nfa.go:487.31,488.21 1 0
_/Users/corwin/Projects/pongo2/lexie/nfa/nfa.go:488.21,498.9 10 0
_/Users/corwin/Projects/pongo2/lexie/nfa/nfa.go:503.48,504.31 1 0
_/Users/corwin/Projects/pongo2/lexie/nfa/nfa.go:504.31,505.21 1 0
_/Users/corwin/Projects/pongo2/lexie/nfa/nfa.go:505.21,508.9 3 0
_/Users/corwin/Projects/pongo2/lexie/nfa/nfa.go:513.50,514.31 1 0
_/Users/corwin/Projects/pongo2/lexie/nfa/nfa.go:514.31,515.21 1 0
_/Users/corwin/Projects/pongo2/lexie/nfa/nfa.go:515.21,519.9 4 0
_/Users/corwin/Projects/pongo2/lexie/nfa/nfa.go:524.44,525.9 1 1
_/Users/corwin/Projects/pongo2/lexie/nfa/nfa.go:528.2,531.34 4 1
_/Users/corwin/Projects/pongo2/lexie/nfa/nfa.go:538.2,538.30 1 1
_/Users/corwin/Projects/pongo2/lexie/nfa/nfa.go:525.9,527.3 1 0
_/Users/corwin/Projects/pongo2/lexie/nfa/nfa.go:531.34,532.12 1 1
_/Users/corwin/Projects/pongo2/lexie/nfa/nfa.go:536.3,536.12 1 0
_/Users/corwin/Projects/pongo2/lexie/nfa/nfa.go:532.12,535.4 2 1
_/Users/corwin/Projects/pongo2/lexie/nfa/nfa.go:538.30,539.23 1 1
_/Users/corwin/Projects/pongo2/lexie/nfa/nfa.go:539.23,541.17 2 1
_/Users/corwin/Projects/pongo2/lexie/nfa/nfa.go:547.4,547.31 1 1
_/Users/corwin/Projects/pongo2/lexie/nfa/nfa.go:541.17,543.5 1 1
_/Users/corwin/Projects/pongo2/lexie/nfa/nfa.go:543.5,545.5 1 1
_/Users/corwin/Projects/pongo2/lexie/nfa/nfa.go:547.31,549.33 2 1
_/Users/corwin/Projects/pongo2/lexie/nfa/nfa.go:589.5,589.56 1 1
_/Users/corwin/Projects/pongo2/lexie/nfa/nfa.go:592.5,592.23 1 1
_/Users/corwin/Projects/pongo2/lexie/nfa/nfa.go:549.33,550.21 1 1
_/Users/corwin/Projects/pongo2/lexie/nfa/nfa.go:550.21,551.24 1 1
_/Users/corwin/Projects/pongo2/lexie/nfa/nfa.go:551.24,553.8 1 1
_/Users/corwin/Projects/pongo2/lexie/nfa/nfa.go:553.8,555.8 1 1
_/Users/corwin/Projects/pongo2/lexie/nfa/nfa.go:557.7,560.17 3 1
_/Users/corwin/Projects/pongo2/lexie/nfa/nfa.go:586.7,586.84 1 1
_/Users/corwin/Projects/pongo2/lexie/nfa/nfa.go:561.7,562.25 1 1
_/Users/corwin/Projects/pongo2/lexie/nfa/nfa.go:563.7,564.25 1 1
_/Users/corwin/Projects/pongo2/lexie/nfa/nfa.go:565.7,566.25 1 1
_/Users/corwin/Projects/pongo2/lexie/nfa/nfa.go:567.7,568.29 1 1
_/Users/corwin/Projects/pongo2/lexie/nfa/nfa.go:569.7,570.27 1 1
_/Users/corwin/Projects/pongo2/lexie/nfa/nfa.go:571.7,572.27 1 1
_/Users/corwin/Projects/pongo2/lexie/nfa/nfa.go:573.7,574.27 1 0
_/Users/corwin/Projects/pongo2/lexie/nfa/nfa.go:575.7,576.30 1 0
_/Users/corwin/Projects/pongo2/lexie/nfa/nfa.go:577.7,578.25 1 0
_/Users/corwin/Projects/pongo2/lexie/nfa/nfa.go:579.7,580.29 1 0
_/Users/corwin/Projects/pongo2/lexie/nfa/nfa.go:581.7,582.27 1 1
_/Users/corwin/Projects/pongo2/lexie/nfa/nfa.go:583.7,584.29 1 0
_/Users/corwin/Projects/pongo2/lexie/nfa/nfa.go:589.56,591.6 1 1
_/Users/corwin/Projects/pongo2/lexie/nfa/nfa.go:598.71,600.30 2 1
_/Users/corwin/Projects/pongo2/lexie/nfa/nfa.go:624.2,624.25 1 1
_/Users/corwin/Projects/pongo2/lexie/nfa/nfa.go:600.30,601.16 1 1
_/Users/corwin/Projects/pongo2/lexie/nfa/nfa.go:601.16,603.17 2 1
_/Users/corwin/Projects/pongo2/lexie/nfa/nfa.go:606.4,608.32 3 1
_/Users/corwin/Projects/pongo2/lexie/nfa/nfa.go:621.4,621.27 1 1
_/Users/corwin/Projects/pongo2/lexie/nfa/nfa.go:603.17,605.5 1 1
_/Users/corwin/Projects/pongo2/lexie/nfa/nfa.go:608.32,609.20 1 1
_/Users/corwin/Projects/pongo2/lexie/nfa/nfa.go:619.5,619.14 1 1
_/Users/corwin/Projects/pongo2/lexie/nfa/nfa.go:609.20,610.23 1 1
_/Users/corwin/Projects/pongo2/lexie/nfa/nfa.go:610.23,612.7 1 1
_/Users/corwin/Projects/pongo2/lexie/nfa/nfa.go:612.7,614.7 1 1
_/Users/corwin/Projects/pongo2/lexie/nfa/nfa.go:616.6,618.6 1 1
_/Users/corwin/Projects/pongo2/lexie/nfa/nfa.go:629.52,632.29 3 1
_/Users/corwin/Projects/pongo2/lexie/nfa/nfa.go:644.2,648.22 3 1
_/Users/corwin/Projects/pongo2/lexie/nfa/nfa.go:651.2,655.25 4 1
_/Users/corwin/Projects/pongo2/lexie/nfa/nfa.go:659.2,659.8 1 1
_/Users/corwin/Projects/pongo2/lexie/nfa/nfa.go:632.29,633.16 1 1
_/Users/corwin/Projects/pongo2/lexie/nfa/nfa.go:633.16,634.32 1 1
_/Users/corwin/Projects/pongo2/lexie/nfa/nfa.go:634.32,635.21 1 1
_/Users/corwin/Projects/pongo2/lexie/nfa/nfa.go:635.21,638.6 2 1
_/Users/corwin/Projects/pongo2/lexie/nfa/nfa.go:648.22,650.3 1 1
_/Users/corwin/Projects/pongo2/lexie/nfa/nfa.go:655.25,657.3 1 1
_/Users/corwin/Projects/pongo2/lexie/nfa/nfa.go:662.49,666.24 3 0
_/Users/corwin/Projects/pongo2/lexie/nfa/nfa.go:673.2,674.22 2 0
_/Users/corwin/Projects/pongo2/lexie/nfa/nfa.go:678.2,682.25 3 0
_/Users/corwin/Projects/pongo2/lexie/nfa/nfa.go:687.2,687.8 1 0
_/Users/corwin/Projects/pongo2/lexie/nfa/nfa.go:666.24,668.3 1 0
_/Users/corwin/Projects/pongo2/lexie/nfa/nfa.go:674.22,676.3 1 0
_/Users/corwin/Projects/pongo2/lexie/nfa/nfa.go:682.25,684.3 1 0
_/Users/corwin/Projects/pongo2/lexie/nfa/nfa.go:713.73,723.30 3 1
_/Users/corwin/Projects/pongo2/lexie/nfa/nfa.go:730.2,732.26 3 1
_/Users/corwin/Projects/pongo2/lexie/nfa/nfa.go:736.2,741.29 2 1
_/Users/corwin/Projects/pongo2/lexie/nfa/nfa.go:756.2,756.24 1 1
_/Users/corwin/Projects/pongo2/lexie/nfa/nfa.go:723.30,724.16 1 1
_/Users/corwin/Projects/pongo2/lexie/nfa/nfa.go:724.16,725.17 1 1
_/Users/corwin/Projects/pongo2/lexie/nfa/nfa.go:725.17,727.5 1 1
_/Users/corwin/Projects/pongo2/lexie/nfa/nfa.go:732.26,735.3 2 1
_/Users/corwin/Projects/pongo2/lexie/nfa/nfa.go:741.29,742.16 1 1
_/Users/corwin/Projects/pongo2/lexie/nfa/nfa.go:742.16,743.32 1 1
_/Users/corwin/Projects/pongo2/lexie/nfa/nfa.go:743.32,744.20 1 1
_/Users/corwin/Projects/pongo2/lexie/nfa/nfa.go:744.20,745.23 1 1
_/Users/corwin/Projects/pongo2/lexie/nfa/nfa.go:745.23,747.7 1 1
_/Users/corwin/Projects/pongo2/lexie/nfa/nfa.go:747.7,749.7 1 1
_/Users/corwin/Projects/pongo2/lexie/nfa/nfa.go:750.6,752.6 1 1
_/Users/corwin/Projects/pongo2/lexie/nfa/nfa.go:759.39,760.30 1 1
_/Users/corwin/Projects/pongo2/lexie/nfa/nfa.go:760.30,761.16 1 1
_/Users/corwin/Projects/pongo2/lexie/nfa/nfa.go:761.16,763.4 1 1
_/Users/corwin/Projects/pongo2/lexie/nfa/nfa.go:769.75,772.2 2 1
_/Users/corwin/Projects/pongo2/lexie/nfa/nfa.go:774.76,776.32 1 1
_/Users/corwin/Projects/pongo2/lexie/nfa/nfa.go:793.2,793.8 1 1
_/Users/corwin/Projects/pongo2/lexie/nfa/nfa.go:776.32,778.27 1 1
_/Users/corwin/Projects/pongo2/lexie/nfa/nfa.go:778.27,782.17 3 1
_/Users/corwin/Projects/pongo2/lexie/nfa/nfa.go:782.17,784.33 1 1
_/Users/corwin/Projects/pongo2/lexie/nfa/nfa.go:784.33,785.21 1 1
_/Users/corwin/Projects/pongo2/lexie/nfa/nfa.go:785.21,788.7 2 1
_/Users/corwin/Projects/pongo2/lexie/nfa/nfa.go:797.88,798.32 1 0
_/Users/corwin/Projects/pongo2/lexie/nfa/nfa.go:807.2,807.8 1 0
_/Users/corwin/Projects/pongo2/lexie/nfa/nfa.go:798.32,799.25 1 0
_/Users/corwin/Projects/pongo2/lexie/nfa/nfa.go:799.25,800.41 1 0
_/Users/corwin/Projects/pongo2/lexie/nfa/nfa.go:800.41,801.35 1 0
_/Users/corwin/Projects/pongo2/lexie/nfa/nfa.go:801.35,803.6 1 0
_/Users/corwin/Projects/pongo2/lexie/nfa/nfa.go:817.39,818.24 1 0
_/Users/corwin/Projects/pongo2/lexie/nfa/nfa.go:823.2,823.14 1 0
_/Users/corwin/Projects/pongo2/lexie/nfa/nfa.go:818.24,819.13 1 0
_/Users/corwin/Projects/pongo2/lexie/nfa/nfa.go:819.13,821.4 1 0
_/Users/corwin/Projects/pongo2/lexie/nfa/nfa.go:827.65,829.30 2 0
_/Users/corwin/Projects/pongo2/lexie/nfa/nfa.go:842.2,842.8 1 0
_/Users/corwin/Projects/pongo2/lexie/nfa/nfa.go:829.30,830.25 1 0
_/Users/corwin/Projects/pongo2/lexie/nfa/nfa.go:830.25,831.32 1 0
_/Users/corwin/Projects/pongo2/lexie/nfa/nfa.go:831.32,832.67 1 0
_/Users/corwin/Projects/pongo2/lexie/nfa/nfa.go:832.67,834.31 1 0
_/Users/corwin/Projects/pongo2/lexie/nfa/nfa.go:834.31,837.7 2 0
_/Users/corwin/Projects/pongo2/lexie/nfa/nfa.go:850.102,860.31 9 0
_/Users/corwin/Projects/pongo2/lexie/nfa/nfa.go:868.2,873.24 4 0
_/Users/corwin/Projects/pongo2/lexie/nfa/nfa.go:879.2,882.29 2 0
_/Users/corwin/Projects/pongo2/lexie/nfa/nfa.go:893.2,895.63 2 0
_/Users/corwin/Projects/pongo2/lexie/nfa/nfa.go:860.31,861.45 1 0
_/Users/corwin/Projects/pongo2/lexie/nfa/nfa.go:861.45,863.45 2 0
_/Users/corwin/Projects/pongo2/lexie/nfa/nfa.go:863.45,865.5 1 0
_/Users/corwin/Projects/pongo2/lexie/nfa/nfa.go:873.24,874.42 1 0
_/Users/corwin/Projects/pongo2/lexie/nfa/nfa.go:874.42,877.4 2 0
_/Users/corwin/Projects/pongo2/lexie/nfa/nfa.go:882.29,883.49 1 0
_/Users/corwin/Projects/pongo2/lexie/nfa/nfa.go:883.49,886.38 3 0
_/Users/corwin/Projects/pongo2/lexie/nfa/nfa.go:889.4,890.54 2 0
_/Users/corwin/Projects/pongo2/lexie/nfa/nfa.go:886.38,888.5 1 0
_/Users/corwin/Projects/pongo2/lexie/nfa/nfa.go:899.112,909.31 9 0
_/Users/corwin/Projects/pongo2/lexie/nfa/nfa.go:917.2,922.24 4 0
_/Users/corwin/Projects/pongo2/lexie/nfa/nfa.go:928.2,931.29 2 0
_/Users/corwin/Projects/pongo2/lexie/nfa/nfa.go:942.2,944.63 2 0
_/Users/corwin/Projects/pongo2/lexie/nfa/nfa.go:909.31,910.56 1 0
_/Users/corwin/Projects/pongo2/lexie/nfa/nfa.go:910.56,912.45 2 0
_/Users/corwin/Projects/pongo2/lexie/nfa/nfa.go:912.45,914.5 1 0
_/Users/corwin/Projects/pongo2/lexie/nfa/nfa.go:922.24,923.42 1 0
_/Users/corwin/Projects/pongo2/lexie/nfa/nfa.go:923.42,926.4 2 0
_/Users/corwin/Projects/pongo2/lexie/nfa/nfa.go:931.29,932.49 1 0
_/Users/corwin/Projects/pongo2/lexie/nfa/nfa.go:932.49,935.38 3 0
_/Users/corwin/Projects/pongo2/lexie/nfa/nfa.go:938.4,939.54 2 0
_/Users/corwin/Projects/pongo2/lexie/nfa/nfa.go:935.38,937.5 1 0
