mode: set
github.com/pschlump/lexie/nfa/nfa.go:87.34,99.2 1 1
github.com/pschlump/lexie/nfa/nfa.go:102.38,105.48 2 1
github.com/pschlump/lexie/nfa/nfa.go:105.48,109.3 2 1
github.com/pschlump/lexie/nfa/nfa.go:109.8,109.50 1 1
github.com/pschlump/lexie/nfa/nfa.go:109.50,117.3 6 1
github.com/pschlump/lexie/nfa/nfa.go:117.8,121.3 2 0
github.com/pschlump/lexie/nfa/nfa.go:122.2,128.12 7 1
github.com/pschlump/lexie/nfa/nfa.go:132.41,138.2 5 0
github.com/pschlump/lexie/nfa/nfa.go:141.41,143.2 1 1
github.com/pschlump/lexie/nfa/nfa.go:145.39,150.2 4 0
github.com/pschlump/lexie/nfa/nfa.go:181.37,186.2 2 1
github.com/pschlump/lexie/nfa/nfa.go:188.47,189.14 1 1
github.com/pschlump/lexie/nfa/nfa.go:189.14,193.3 2 0
github.com/pschlump/lexie/nfa/nfa.go:194.2,194.38 1 1
github.com/pschlump/lexie/nfa/nfa.go:194.38,196.3 1 1
github.com/pschlump/lexie/nfa/nfa.go:199.54,200.14 1 1
github.com/pschlump/lexie/nfa/nfa.go:200.14,204.3 2 0
github.com/pschlump/lexie/nfa/nfa.go:205.2,205.38 1 1
github.com/pschlump/lexie/nfa/nfa.go:205.38,208.3 1 1
github.com/pschlump/lexie/nfa/nfa.go:211.56,213.2 1 1
github.com/pschlump/lexie/nfa/nfa.go:215.56,217.39 1 1
github.com/pschlump/lexie/nfa/nfa.go:217.39,219.3 1 1
github.com/pschlump/lexie/nfa/nfa.go:222.77,231.2 1 1
github.com/pschlump/lexie/nfa/nfa.go:233.44,234.24 1 0
github.com/pschlump/lexie/nfa/nfa.go:234.24,235.15 1 0
github.com/pschlump/lexie/nfa/nfa.go:235.15,237.4 1 0
github.com/pschlump/lexie/nfa/nfa.go:239.2,239.14 1 0
github.com/pschlump/lexie/nfa/nfa.go:242.124,244.18 1 1
github.com/pschlump/lexie/nfa/nfa.go:244.18,245.30 1 0
github.com/pschlump/lexie/nfa/nfa.go:248.2,249.17 2 1
github.com/pschlump/lexie/nfa/nfa.go:249.17,253.3 3 0
github.com/pschlump/lexie/nfa/nfa.go:254.2,256.30 2 1
github.com/pschlump/lexie/nfa/nfa.go:256.30,260.20 2 1
github.com/pschlump/lexie/nfa/nfa.go:265.20,266.15 1 0
github.com/pschlump/lexie/nfa/nfa.go:267.20,268.15 1 0
github.com/pschlump/lexie/nfa/nfa.go:269.21,270.15 1 0
github.com/pschlump/lexie/nfa/nfa.go:271.20,272.15 1 0
github.com/pschlump/lexie/nfa/nfa.go:273.20,274.15 1 0
github.com/pschlump/lexie/nfa/nfa.go:275.19,277.31 2 1
github.com/pschlump/lexie/nfa/nfa.go:277.31,281.5 3 1
github.com/pschlump/lexie/nfa/nfa.go:282.21,285.11 3 1
github.com/pschlump/lexie/nfa/nfa.go:286.21,289.11 3 1
github.com/pschlump/lexie/nfa/nfa.go:294.18,296.31 2 1
github.com/pschlump/lexie/nfa/nfa.go:296.31,298.5 1 1
github.com/pschlump/lexie/nfa/nfa.go:299.4,299.11 1 1
github.com/pschlump/lexie/nfa/nfa.go:300.18,303.11 3 1
github.com/pschlump/lexie/nfa/nfa.go:304.20,307.11 3 1
github.com/pschlump/lexie/nfa/nfa.go:312.19,320.14 8 1
github.com/pschlump/lexie/nfa/nfa.go:321.19,331.14 7 1
github.com/pschlump/lexie/nfa/nfa.go:332.20,340.14 7 1
github.com/pschlump/lexie/nfa/nfa.go:341.20,342.35 1 1
github.com/pschlump/lexie/nfa/nfa.go:342.35,345.35 3 1
github.com/pschlump/lexie/nfa/nfa.go:345.35,348.6 2 1
github.com/pschlump/lexie/nfa/nfa.go:349.5,349.38 1 1
github.com/pschlump/lexie/nfa/nfa.go:349.38,351.6 1 1
github.com/pschlump/lexie/nfa/nfa.go:351.11,352.40 1 1
github.com/pschlump/lexie/nfa/nfa.go:352.40,356.7 3 1
github.com/pschlump/lexie/nfa/nfa.go:358.5,358.15 1 1
github.com/pschlump/lexie/nfa/nfa.go:361.4,363.14 3 1
github.com/pschlump/lexie/nfa/nfa.go:369.17,370.28 1 1
github.com/pschlump/lexie/nfa/nfa.go:370.28,376.33 6 1
github.com/pschlump/lexie/nfa/nfa.go:376.33,382.6 3 1
github.com/pschlump/lexie/nfa/nfa.go:383.5,384.15 2 1
github.com/pschlump/lexie/nfa/nfa.go:390.19,392.13 2 1
github.com/pschlump/lexie/nfa/nfa.go:392.13,399.5 5 0
github.com/pschlump/lexie/nfa/nfa.go:399.10,402.5 2 1
github.com/pschlump/lexie/nfa/nfa.go:404.21,410.18 3 1
github.com/pschlump/lexie/nfa/nfa.go:415.18,416.15 1 0
github.com/pschlump/lexie/nfa/nfa.go:417.11,419.21 2 0
github.com/pschlump/lexie/nfa/nfa.go:423.2,424.19 2 1
github.com/pschlump/lexie/nfa/nfa.go:428.108,460.2 22 1
github.com/pschlump/lexie/nfa/nfa.go:462.50,464.2 1 0
github.com/pschlump/lexie/nfa/nfa.go:466.40,469.29 2 1
github.com/pschlump/lexie/nfa/nfa.go:469.29,470.16 1 1
github.com/pschlump/lexie/nfa/nfa.go:470.16,471.32 1 1
github.com/pschlump/lexie/nfa/nfa.go:471.32,472.20 1 1
github.com/pschlump/lexie/nfa/nfa.go:472.21,473.6 0 1
github.com/pschlump/lexie/nfa/nfa.go:473.11,473.33 1 1
github.com/pschlump/lexie/nfa/nfa.go:473.33,475.34 1 1
github.com/pschlump/lexie/nfa/nfa.go:475.34,476.25 1 1
github.com/pschlump/lexie/nfa/nfa.go:476.25,478.8 1 1
github.com/pschlump/lexie/nfa/nfa.go:485.2,485.20 1 1
github.com/pschlump/lexie/nfa/nfa.go:488.62,489.31 1 0
github.com/pschlump/lexie/nfa/nfa.go:489.31,490.21 1 0
github.com/pschlump/lexie/nfa/nfa.go:490.21,500.9 10 0
github.com/pschlump/lexie/nfa/nfa.go:505.48,506.31 1 0
github.com/pschlump/lexie/nfa/nfa.go:506.31,507.21 1 0
github.com/pschlump/lexie/nfa/nfa.go:507.21,510.9 3 0
github.com/pschlump/lexie/nfa/nfa.go:515.50,516.31 1 0
github.com/pschlump/lexie/nfa/nfa.go:516.31,517.21 1 0
github.com/pschlump/lexie/nfa/nfa.go:517.21,521.9 4 0
github.com/pschlump/lexie/nfa/nfa.go:526.44,527.9 1 1
github.com/pschlump/lexie/nfa/nfa.go:527.9,529.3 1 0
github.com/pschlump/lexie/nfa/nfa.go:530.2,533.34 4 1
github.com/pschlump/lexie/nfa/nfa.go:533.34,534.12 1 1
github.com/pschlump/lexie/nfa/nfa.go:534.12,537.4 2 1
github.com/pschlump/lexie/nfa/nfa.go:538.3,538.12 1 0
github.com/pschlump/lexie/nfa/nfa.go:540.2,540.30 1 1
github.com/pschlump/lexie/nfa/nfa.go:540.30,541.23 1 1
github.com/pschlump/lexie/nfa/nfa.go:541.23,543.17 2 1
github.com/pschlump/lexie/nfa/nfa.go:543.17,545.5 1 1
github.com/pschlump/lexie/nfa/nfa.go:545.10,547.5 1 1
github.com/pschlump/lexie/nfa/nfa.go:549.4,549.34 1 1
github.com/pschlump/lexie/nfa/nfa.go:549.34,551.33 2 1
github.com/pschlump/lexie/nfa/nfa.go:551.33,552.21 1 1
github.com/pschlump/lexie/nfa/nfa.go:552.21,553.24 1 1
github.com/pschlump/lexie/nfa/nfa.go:553.24,555.8 1 1
github.com/pschlump/lexie/nfa/nfa.go:555.13,557.8 1 1
github.com/pschlump/lexie/nfa/nfa.go:559.12,562.17 3 1
github.com/pschlump/lexie/nfa/nfa.go:563.21,564.25 1 1
github.com/pschlump/lexie/nfa/nfa.go:565.21,566.25 1 1
github.com/pschlump/lexie/nfa/nfa.go:567.21,568.25 1 1
github.com/pschlump/lexie/nfa/nfa.go:569.25,570.29 1 1
github.com/pschlump/lexie/nfa/nfa.go:571.23,572.27 1 1
github.com/pschlump/lexie/nfa/nfa.go:573.23,574.27 1 1
github.com/pschlump/lexie/nfa/nfa.go:575.23,576.27 1 0
github.com/pschlump/lexie/nfa/nfa.go:577.25,578.30 1 0
github.com/pschlump/lexie/nfa/nfa.go:579.21,580.25 1 0
github.com/pschlump/lexie/nfa/nfa.go:581.24,582.29 1 0
github.com/pschlump/lexie/nfa/nfa.go:583.23,584.27 1 1
github.com/pschlump/lexie/nfa/nfa.go:585.30,586.29 1 0
github.com/pschlump/lexie/nfa/nfa.go:588.7,588.84 1 1
github.com/pschlump/lexie/nfa/nfa.go:591.5,591.56 1 1
github.com/pschlump/lexie/nfa/nfa.go:591.56,593.6 1 1
github.com/pschlump/lexie/nfa/nfa.go:594.5,594.23 1 1
github.com/pschlump/lexie/nfa/nfa.go:600.71,602.30 2 1
github.com/pschlump/lexie/nfa/nfa.go:602.30,603.16 1 1
github.com/pschlump/lexie/nfa/nfa.go:603.16,605.17 2 1
github.com/pschlump/lexie/nfa/nfa.go:605.17,607.5 1 1
github.com/pschlump/lexie/nfa/nfa.go:608.4,610.32 3 1
github.com/pschlump/lexie/nfa/nfa.go:610.32,611.20 1 1
github.com/pschlump/lexie/nfa/nfa.go:611.20,612.23 1 1
github.com/pschlump/lexie/nfa/nfa.go:612.23,614.7 1 1
github.com/pschlump/lexie/nfa/nfa.go:614.12,616.7 1 1
github.com/pschlump/lexie/nfa/nfa.go:618.11,620.6 1 1
github.com/pschlump/lexie/nfa/nfa.go:621.5,621.14 1 1
github.com/pschlump/lexie/nfa/nfa.go:623.4,623.27 1 1
github.com/pschlump/lexie/nfa/nfa.go:626.2,626.25 1 1
github.com/pschlump/lexie/nfa/nfa.go:631.52,634.29 3 1
github.com/pschlump/lexie/nfa/nfa.go:634.29,635.16 1 1
github.com/pschlump/lexie/nfa/nfa.go:635.16,636.32 1 1
github.com/pschlump/lexie/nfa/nfa.go:636.32,637.21 1 1
github.com/pschlump/lexie/nfa/nfa.go:637.21,640.6 2 1
github.com/pschlump/lexie/nfa/nfa.go:646.2,650.22 3 1
github.com/pschlump/lexie/nfa/nfa.go:650.22,652.3 1 1
github.com/pschlump/lexie/nfa/nfa.go:653.2,657.25 4 1
github.com/pschlump/lexie/nfa/nfa.go:657.25,659.3 1 1
github.com/pschlump/lexie/nfa/nfa.go:661.2,661.8 1 1
github.com/pschlump/lexie/nfa/nfa.go:664.49,668.24 3 0
github.com/pschlump/lexie/nfa/nfa.go:668.24,670.3 1 0
github.com/pschlump/lexie/nfa/nfa.go:675.2,676.22 2 0
github.com/pschlump/lexie/nfa/nfa.go:676.22,678.3 1 0
github.com/pschlump/lexie/nfa/nfa.go:680.2,684.25 3 0
github.com/pschlump/lexie/nfa/nfa.go:684.25,686.3 1 0
github.com/pschlump/lexie/nfa/nfa.go:689.2,689.8 1 0
github.com/pschlump/lexie/nfa/nfa.go:715.73,725.30 3 1
github.com/pschlump/lexie/nfa/nfa.go:725.30,726.16 1 1
github.com/pschlump/lexie/nfa/nfa.go:726.16,727.17 1 1
github.com/pschlump/lexie/nfa/nfa.go:727.17,729.5 1 1
github.com/pschlump/lexie/nfa/nfa.go:732.2,734.26 3 1
github.com/pschlump/lexie/nfa/nfa.go:734.26,737.3 2 1
github.com/pschlump/lexie/nfa/nfa.go:738.2,743.29 2 1
github.com/pschlump/lexie/nfa/nfa.go:743.29,744.16 1 1
github.com/pschlump/lexie/nfa/nfa.go:744.16,745.32 1 1
github.com/pschlump/lexie/nfa/nfa.go:745.32,746.20 1 1
github.com/pschlump/lexie/nfa/nfa.go:746.20,747.23 1 1
github.com/pschlump/lexie/nfa/nfa.go:747.23,749.7 1 1
github.com/pschlump/lexie/nfa/nfa.go:749.12,751.7 1 1
github.com/pschlump/lexie/nfa/nfa.go:752.11,754.6 1 1
github.com/pschlump/lexie/nfa/nfa.go:758.2,758.24 1 1
github.com/pschlump/lexie/nfa/nfa.go:761.39,762.30 1 1
github.com/pschlump/lexie/nfa/nfa.go:762.30,763.16 1 1
github.com/pschlump/lexie/nfa/nfa.go:763.16,765.4 1 1
github.com/pschlump/lexie/nfa/nfa.go:771.75,774.2 2 1
github.com/pschlump/lexie/nfa/nfa.go:776.76,778.32 1 1
github.com/pschlump/lexie/nfa/nfa.go:778.32,780.27 1 1
github.com/pschlump/lexie/nfa/nfa.go:780.27,784.17 3 1
github.com/pschlump/lexie/nfa/nfa.go:784.17,786.33 1 1
github.com/pschlump/lexie/nfa/nfa.go:786.33,787.21 1 1
github.com/pschlump/lexie/nfa/nfa.go:787.21,790.7 2 1
github.com/pschlump/lexie/nfa/nfa.go:795.2,795.8 1 1
github.com/pschlump/lexie/nfa/nfa.go:799.88,800.32 1 0
github.com/pschlump/lexie/nfa/nfa.go:800.32,801.25 1 0
github.com/pschlump/lexie/nfa/nfa.go:801.25,802.41 1 0
github.com/pschlump/lexie/nfa/nfa.go:802.41,803.35 1 0
github.com/pschlump/lexie/nfa/nfa.go:803.35,805.6 1 0
github.com/pschlump/lexie/nfa/nfa.go:809.2,809.8 1 0
github.com/pschlump/lexie/nfa/nfa.go:819.39,820.24 1 0
github.com/pschlump/lexie/nfa/nfa.go:820.24,821.13 1 0
github.com/pschlump/lexie/nfa/nfa.go:821.13,823.4 1 0
github.com/pschlump/lexie/nfa/nfa.go:825.2,825.14 1 0
github.com/pschlump/lexie/nfa/nfa.go:829.65,831.30 2 0
github.com/pschlump/lexie/nfa/nfa.go:831.30,832.25 1 0
github.com/pschlump/lexie/nfa/nfa.go:832.25,833.32 1 0
github.com/pschlump/lexie/nfa/nfa.go:833.32,834.67 1 0
github.com/pschlump/lexie/nfa/nfa.go:834.67,836.31 1 0
github.com/pschlump/lexie/nfa/nfa.go:836.31,839.7 2 0
github.com/pschlump/lexie/nfa/nfa.go:844.2,844.8 1 0
github.com/pschlump/lexie/nfa/nfa.go:852.102,862.31 9 0
github.com/pschlump/lexie/nfa/nfa.go:862.31,863.45 1 0
github.com/pschlump/lexie/nfa/nfa.go:863.45,865.45 2 0
github.com/pschlump/lexie/nfa/nfa.go:865.45,867.5 1 0
github.com/pschlump/lexie/nfa/nfa.go:870.2,875.24 4 0
github.com/pschlump/lexie/nfa/nfa.go:875.24,876.42 1 0
github.com/pschlump/lexie/nfa/nfa.go:876.42,879.4 2 0
github.com/pschlump/lexie/nfa/nfa.go:881.2,884.29 2 0
github.com/pschlump/lexie/nfa/nfa.go:884.29,885.49 1 0
github.com/pschlump/lexie/nfa/nfa.go:885.49,888.38 3 0
github.com/pschlump/lexie/nfa/nfa.go:888.38,890.5 1 0
github.com/pschlump/lexie/nfa/nfa.go:891.4,892.54 2 0
github.com/pschlump/lexie/nfa/nfa.go:895.2,897.63 2 0
github.com/pschlump/lexie/nfa/nfa.go:901.112,911.31 9 0
github.com/pschlump/lexie/nfa/nfa.go:911.31,912.56 1 0
github.com/pschlump/lexie/nfa/nfa.go:912.56,914.45 2 0
github.com/pschlump/lexie/nfa/nfa.go:914.45,916.5 1 0
github.com/pschlump/lexie/nfa/nfa.go:919.2,924.24 4 0
github.com/pschlump/lexie/nfa/nfa.go:924.24,925.42 1 0
github.com/pschlump/lexie/nfa/nfa.go:925.42,928.4 2 0
github.com/pschlump/lexie/nfa/nfa.go:930.2,933.29 2 0
github.com/pschlump/lexie/nfa/nfa.go:933.29,934.49 1 0
github.com/pschlump/lexie/nfa/nfa.go:934.49,937.38 3 0
github.com/pschlump/lexie/nfa/nfa.go:937.38,939.5 1 0
github.com/pschlump/lexie/nfa/nfa.go:940.4,941.54 2 0
github.com/pschlump/lexie/nfa/nfa.go:944.2,946.63 2 0
